#
# There is insufficient memory for the Java Runtime Environment to continue.
# Native memory allocation (malloc) failed to allocate 763776 bytes. Error detail: Chunk::new
# Possible reasons:
#   The system is out of physical RAM or swap space
#   This process is running with CompressedOops enabled, and the Java Heap may be blocking the growth of the native heap
# Possible solutions:
#   Reduce memory load on the system
#   Increase physical memory or swap space
#   Check if swap backing store is full
#   Decrease Java heap size (-Xmx/-Xms)
#   Decrease number of Java threads
#   Decrease Java thread stack sizes (-Xss)
#   Set larger code cache with -XX:ReservedCodeCacheSize=
#   JVM is running with Unscaled Compressed Oops mode in which the Java heap is
#     placed in the first 4GB address space. The Java Heap base address is the
#     maximum limit for the native heap growth. Please use -XX:HeapBaseMinAddress
#     to set the Java Heap base and to place the Java Heap above 4GB virtual address.
# This output file may be truncated or incomplete.
#
#  Out of Memory Error (arena.cpp:168), pid=13900, tid=8208
#
# JRE version: OpenJDK Runtime Environment Temurin-21.0.6+7 (21.0.6+7) (build 21.0.6+7-LTS)
# Java VM: OpenJDK 64-Bit Server VM Temurin-21.0.6+7 (21.0.6+7-LTS, mixed mode, sharing, tiered, compressed oops, compressed class ptrs, parallel gc, windows-amd64)
# No core dump will be written. Minidumps are not enabled by default on client versions of Windows
#

---------------  S U M M A R Y ------------

Command Line: --add-modules=ALL-SYSTEM --add-opens=java.base/java.util=ALL-UNNAMED --add-opens=java.base/java.lang=ALL-UNNAMED --add-opens=java.base/sun.nio.fs=ALL-UNNAMED -Declipse.application=org.eclipse.jdt.ls.core.id1 -Dosgi.bundles.defaultStartLevel=4 -Declipse.product=org.eclipse.jdt.ls.core.product -Djava.import.generatesMetadataFilesAtProjectRoot=false -DDetectVMInstallationsJob.disabled=true -Dfile.encoding=utf8 -XX:+UseParallelGC -XX:GCTimeRatio=4 -XX:AdaptiveSizePolicyWeight=90 -Dsun.zip.disableMemoryMapping=true -Xmx1G -Xms100m -Xlog:disable -javaagent:c:\Users\Asus\.vscode\extensions\redhat.java-1.41.1-win32-x64\lombok\lombok-1.18.36.jar -XX:+HeapDumpOnOutOfMemoryError -XX:HeapDumpPath=c:\Users\Asus\AppData\Roaming\Code\User\workspaceStorage\a8035e0fcaa7a187a70305dbaf1ca7ec\redhat.java -Daether.dependencyCollector.impl=bf c:\Users\Asus\.vscode\extensions\redhat.java-1.41.1-win32-x64\server\plugins\org.eclipse.equinox.launcher_1.7.0.v20250331-1702.jar -configuration c:\Users\Asus\AppData\Roaming\Code\User\globalStorage\redhat.java\1.41.1\config_win -data c:\Users\Asus\AppData\Roaming\Code\User\workspaceStorage\a8035e0fcaa7a187a70305dbaf1ca7ec\redhat.java\jdt_ws --pipe=\\.\pipe\lsp-2a1a64e79a832cb431ca1ebf1eb74524-sock

Host: AMD Ryzen 3 3250U with Radeon Graphics         , 4 cores, 13G,  Windows 11 , 64 bit Build 22621 (10.0.22621.5124)
Time: Fri Apr 25 01:45:18 2025 SE Asia Standard Time elapsed time: 19.850653 seconds (0d 0h 0m 19s)

---------------  T H R E A D  ---------------

Current thread (0x000002310b1985b0):  JavaThread "C2 CompilerThread1" daemon [_thread_in_native, id=8208, stack(0x000000b042400000,0x000000b042500000) (1024K)]


Current CompileTask:
C2:19850 4924   !   4       org.eclipse.osgi.internal.loader.classpath.ClasspathManager::defineClass (636 bytes)

Stack: [0x000000b042400000,0x000000b042500000]
Native frames: (J=compiled Java code, j=interpreted, Vv=VM code, C=native code)
V  [jvm.dll+0x6cdee9]
V  [jvm.dll+0x8a83d1]
V  [jvm.dll+0x8aa8fe]
V  [jvm.dll+0x8aafe3]
V  [jvm.dll+0x27f706]
V  [jvm.dll+0xc500d]
V  [jvm.dll+0xc5543]
V  [jvm.dll+0x2f2acd]
V  [jvm.dll+0x5f6a2a]
V  [jvm.dll+0x250bb2]
V  [jvm.dll+0x249526]
V  [jvm.dll+0x246ec4]
V  [jvm.dll+0x1c75ee]
V  [jvm.dll+0x25685a]
V  [jvm.dll+0x254dfa]
V  [jvm.dll+0x3f0256]
V  [jvm.dll+0x851f8b]
V  [jvm.dll+0x6cc5ed]
C  [ucrtbase.dll+0x29333]
C  [KERNEL32.DLL+0x1259d]
C  [ntdll.dll+0x5af38]


---------------  P R O C E S S  ---------------

Threads class SMR info:
_java_thread_list=0x000002310c97c450, length=36, elements={
0x00000230aeb15d60, 0x00000230aebcb650, 0x00000230aebcd1e0, 0x00000230c2e401c0,
0x00000230c2e40fd0, 0x00000230c2e41ee0, 0x00000230c2e43b40, 0x00000230c2e46980,
0x00000230c2eb7060, 0x000002310902af20, 0x000002310926c2a0, 0x0000023109d94050,
0x0000023109b1b1f0, 0x0000023109b6e6c0, 0x00000231093d9950, 0x0000023109eba9a0,
0x00000231090baee0, 0x0000023109d467f0, 0x0000023109411b10, 0x0000023109412ec0,
0x0000023109413550, 0x00000231094121a0, 0x0000023109410760, 0x000002310b1985b0,
0x00000231094100d0, 0x0000023109410df0, 0x0000023109411480, 0x0000023109412830,
0x000002310bd4b910, 0x000002310bd49ed0, 0x000002310bd491b0, 0x000002310bd4fab0,
0x000002310bd4bfa0, 0x000002310bd4c630, 0x000002310bd4d350, 0x000002310bd4ed90
}

Java Threads: ( => current thread )
  0x00000230aeb15d60 JavaThread "main"                              [_thread_in_Java, id=14152, stack(0x000000b040600000,0x000000b040700000) (1024K)]
  0x00000230aebcb650 JavaThread "Reference Handler"          daemon [_thread_blocked, id=5960, stack(0x000000b040b00000,0x000000b040c00000) (1024K)]
  0x00000230aebcd1e0 JavaThread "Finalizer"                  daemon [_thread_blocked, id=8736, stack(0x000000b040c00000,0x000000b040d00000) (1024K)]
  0x00000230c2e401c0 JavaThread "Signal Dispatcher"          daemon [_thread_blocked, id=12196, stack(0x000000b040d00000,0x000000b040e00000) (1024K)]
  0x00000230c2e40fd0 JavaThread "Attach Listener"            daemon [_thread_blocked, id=5516, stack(0x000000b040e00000,0x000000b040f00000) (1024K)]
  0x00000230c2e41ee0 JavaThread "Service Thread"             daemon [_thread_blocked, id=7264, stack(0x000000b040f00000,0x000000b041000000) (1024K)]
  0x00000230c2e43b40 JavaThread "Monitor Deflation Thread"   daemon [_thread_blocked, id=4232, stack(0x000000b041000000,0x000000b041100000) (1024K)]
  0x00000230c2e46980 JavaThread "C2 CompilerThread0"         daemon [_thread_in_native, id=5596, stack(0x000000b041100000,0x000000b041200000) (1024K)]
  0x00000230c2eb7060 JavaThread "C1 CompilerThread0"         daemon [_thread_in_vm, id=2444, stack(0x000000b041200000,0x000000b041300000) (1024K)]
  0x000002310902af20 JavaThread "Common-Cleaner"             daemon [_thread_blocked, id=14216, stack(0x000000b041300000,0x000000b041400000) (1024K)]
  0x000002310926c2a0 JavaThread "Notification Thread"        daemon [_thread_blocked, id=12232, stack(0x000000b041400000,0x000000b041500000) (1024K)]
  0x0000023109d94050 JavaThread "Active Thread: Equinox Container: 7c7e3411-8fe0-4d28-9a5a-4bb032b9b265"        [_thread_blocked, id=1460, stack(0x000000b041900000,0x000000b041a00000) (1024K)]
  0x0000023109b1b1f0 JavaThread "Refresh Thread: Equinox Container: 7c7e3411-8fe0-4d28-9a5a-4bb032b9b265" daemon [_thread_blocked, id=12136, stack(0x000000b041a00000,0x000000b041b00000) (1024K)]
  0x0000023109b6e6c0 JavaThread "Framework Event Dispatcher: Equinox Container: 7c7e3411-8fe0-4d28-9a5a-4bb032b9b265" daemon [_thread_blocked, id=1420, stack(0x000000b041b00000,0x000000b041c00000) (1024K)]
  0x00000231093d9950 JavaThread "Start Level: Equinox Container: 7c7e3411-8fe0-4d28-9a5a-4bb032b9b265" daemon [_thread_blocked, id=8704, stack(0x000000b041800000,0x000000b041900000) (1024K)]
  0x0000023109eba9a0 JavaThread "Bundle File Closer"         daemon [_thread_blocked, id=5800, stack(0x000000b041d00000,0x000000b041e00000) (1024K)]
  0x00000231090baee0 JavaThread "SCR Component Actor"        daemon [_thread_blocked, id=11516, stack(0x000000b041c00000,0x000000b041d00000) (1024K)]
  0x0000023109d467f0 JavaThread "SCR Component Registry"     daemon [_thread_blocked, id=12680, stack(0x000000b041e00000,0x000000b041f00000) (1024K)]
  0x0000023109411b10 JavaThread "Worker-JM"                         [_thread_blocked, id=4044, stack(0x000000b041f00000,0x000000b042000000) (1024K)]
  0x0000023109412ec0 JavaThread "JNA Cleaner"                daemon [_thread_blocked, id=6448, stack(0x000000b042100000,0x000000b042200000) (1024K)]
  0x0000023109413550 JavaThread "Worker-0: Updating Maven Dependencies"        [_thread_blocked, id=13520, stack(0x000000b042000000,0x000000b042100000) (1024K)]
  0x00000231094121a0 JavaThread "Worker-1: Repository registry initialization"        [_thread_in_vm, id=10580, stack(0x000000b042200000,0x000000b042300000) (1024K)]
  0x0000023109410760 JavaThread "Worker-2"                          [_thread_blocked, id=1588, stack(0x000000b042300000,0x000000b042400000) (1024K)]
=>0x000002310b1985b0 JavaThread "C2 CompilerThread1"         daemon [_thread_in_native, id=8208, stack(0x000000b042400000,0x000000b042500000) (1024K)]
  0x00000231094100d0 JavaThread "Worker-3: Initialize After Load"        [_thread_blocked, id=3116, stack(0x000000b042500000,0x000000b042600000) (1024K)]
  0x0000023109410df0 JavaThread "Java indexing"              daemon [_thread_blocked, id=9676, stack(0x000000b042600000,0x000000b042700000) (1024K)]
  0x0000023109411480 JavaThread "Worker-4"                          [_thread_blocked, id=12068, stack(0x000000b042700000,0x000000b042800000) (1024K)]
  0x0000023109412830 JavaThread "Worker-5: Synchronize Gradle projects with workspace"        [_thread_in_vm, id=2676, stack(0x000000b042800000,0x000000b042900000) (1024K)]
  0x000002310bd4b910 JavaThread "Thread-2"                   daemon [_thread_in_native, id=13704, stack(0x000000b042900000,0x000000b042a00000) (1024K)]
  0x000002310bd49ed0 JavaThread "Thread-3"                   daemon [_thread_in_native, id=14272, stack(0x000000b042a00000,0x000000b042b00000) (1024K)]
  0x000002310bd491b0 JavaThread "Thread-4"                   daemon [_thread_in_native, id=2016, stack(0x000000b042b00000,0x000000b042c00000) (1024K)]
  0x000002310bd4fab0 JavaThread "Thread-5"                   daemon [_thread_in_native, id=9668, stack(0x000000b042c00000,0x000000b042d00000) (1024K)]
  0x000002310bd4bfa0 JavaThread "Thread-6"                   daemon [_thread_in_native, id=5768, stack(0x000000b042d00000,0x000000b042e00000) (1024K)]
  0x000002310bd4c630 JavaThread "pool-2-thread-1"                   [_thread_blocked, id=8520, stack(0x000000b042e00000,0x000000b042f00000) (1024K)]
  0x000002310bd4d350 JavaThread "Timer-0"                           [_thread_blocked, id=4448, stack(0x000000b042f00000,0x000000b043000000) (1024K)]
  0x000002310bd4ed90 JavaThread "Timer-1"                           [_thread_blocked, id=10188, stack(0x000000b043000000,0x000000b043100000) (1024K)]
Total: 36

Other Threads:
  0x00000230aebb06c0 VMThread "VM Thread"                           [id=2928, stack(0x000000b040a00000,0x000000b040b00000) (1024K)]
  0x00000230c2ddca00 WatcherThread "VM Periodic Task Thread"        [id=7396, stack(0x000000b040900000,0x000000b040a00000) (1024K)]
  0x00000230aeb32df0 WorkerThread "GC Thread#0"                     [id=9932, stack(0x000000b040800000,0x000000b040900000) (1024K)]
  0x00000231096a5b30 WorkerThread "GC Thread#1"                     [id=4712, stack(0x000000b041500000,0x000000b041600000) (1024K)]
  0x00000231096a2510 WorkerThread "GC Thread#2"                     [id=11364, stack(0x000000b041600000,0x000000b041700000) (1024K)]
  0x00000231096a28b0 WorkerThread "GC Thread#3"                     [id=9264, stack(0x000000b041700000,0x000000b041800000) (1024K)]
Total: 6

Threads with active compile tasks:
C2 CompilerThread0  19892 4918   !   4       org.eclipse.osgi.internal.loader.BundleLoader::findClass0 (491 bytes)
C1 CompilerThread0  19892 4993       3       java.lang.invoke.InvokerBytecodeGenerator::emitReturnInsn (122 bytes)
C2 CompilerThread1  19893 4924   !   4       org.eclipse.osgi.internal.loader.classpath.ClasspathManager::defineClass (636 bytes)
Total: 3

VM state: not at safepoint (normal execution)

VM Mutex/Monitor currently owned by a thread:  ([mutex/lock_event])
[0x00007ffe51ffea00] SystemDictionary_lock - owner thread: 0x0000000000000000

Heap address: 0x00000000c0000000, size: 1024 MB, Compressed Oops mode: 32-bit

CDS archive(s) mapped at: [0x00000230c3000000-0x00000230c3ba0000-0x00000230c3ba0000), size 12189696, SharedBaseAddress: 0x00000230c3000000, ArchiveRelocationMode: 1.
Compressed class space mapped at: 0x00000230c4000000-0x0000023104000000, reserved size: 1073741824
Narrow klass base: 0x00000230c3000000, Narrow klass shift: 0, Narrow klass range: 0x100000000

GC Precious Log:
 CardTable entry size: 512
 CPUs: 4 total, 4 available
 Memory: 14286M
 Large Page Support: Disabled
 NUMA Support: Disabled
 Compressed Oops: Enabled (32-bit)
 Alignments: Space 512K, Generation 512K, Heap 2M
 Heap Min Capacity: 100M
 Heap Initial Capacity: 100M
 Heap Max Capacity: 1G
 Pre-touch: Disabled
 Parallel Workers: 4

Heap:
 PSYoungGen      total 23040K, used 13301K [0x00000000eab00000, 0x00000000ec600000, 0x0000000100000000)
  eden space 22016K, 55% used [0x00000000eab00000,0x00000000eb6fd4f0,0x00000000ec080000)
  from space 1024K, 100% used [0x00000000ec500000,0x00000000ec600000,0x00000000ec600000)
  to   space 1536K, 0% used [0x00000000ec300000,0x00000000ec300000,0x00000000ec480000)
 ParOldGen       total 68608K, used 18652K [0x00000000c0000000, 0x00000000c4300000, 0x00000000eab00000)
  object space 68608K, 27% used [0x00000000c0000000,0x00000000c1237058,0x00000000c4300000)
 Metaspace       used 38892K, committed 40000K, reserved 1114112K
  class space    used 4061K, committed 4544K, reserved 1048576K

Card table byte_map: [0x00000230ae4b0000,0x00000230ae6c0000] _byte_map_base: 0x00000230adeb0000

Marking Bits: (ParMarkBitMap*) 0x00007ffe52003260
 Begin Bits: [0x00000230c0d00000, 0x00000230c1d00000)
 End Bits:   [0x00000230c1d00000, 0x00000230c2d00000)

Polling page: 0x00000230ac9e0000

Metaspace:

Usage:
  Non-class:     34.02 MB used.
      Class:      3.97 MB used.
       Both:     37.98 MB used.

Virtual space:
  Non-class space:       64.00 MB reserved,      34.62 MB ( 54%) committed,  1 nodes.
      Class space:        1.00 GB reserved,       4.44 MB ( <1%) committed,  1 nodes.
             Both:        1.06 GB reserved,      39.06 MB (  4%) committed. 

Chunk freelists:
   Non-Class:  13.25 MB
       Class:  11.51 MB
        Both:  24.76 MB

MaxMetaspaceSize: unlimited
CompressedClassSpaceSize: 1.00 GB
Initial GC threshold: 21.00 MB
Current GC threshold: 58.38 MB
CDS: on
 - commit_granule_bytes: 65536.
 - commit_granule_words: 8192.
 - virtual_space_node_default_size: 8388608.
 - enlarge_chunks_in_place: 1.
 - use_allocation_guard: 0.


Internal statistics:

num_allocs_failed_limit: 8.
num_arena_births: 750.
num_arena_deaths: 14.
num_vsnodes_births: 2.
num_vsnodes_deaths: 0.
num_space_committed: 626.
num_space_uncommitted: 0.
num_chunks_returned_to_freelist: 22.
num_chunks_taken_from_freelist: 2430.
num_chunk_merges: 14.
num_chunk_splits: 1539.
num_chunks_enlarged: 907.
num_inconsistent_stats: 0.

CodeHeap 'non-profiled nmethods': size=120000Kb used=2237Kb max_used=2455Kb free=117762Kb
 bounds [0x00000230b97d0000, 0x00000230b9a40000, 0x00000230c0d00000]
CodeHeap 'profiled nmethods': size=120000Kb used=9082Kb max_used=10218Kb free=110918Kb
 bounds [0x00000230b1d00000, 0x00000230b2720000, 0x00000230b9230000]
CodeHeap 'non-nmethods': size=5760Kb used=1358Kb max_used=1387Kb free=4401Kb
 bounds [0x00000230b9230000, 0x00000230b94a0000, 0x00000230b97d0000]
 total_blobs=5039 nmethods=4383 adapters=562
 compilation: enabled
              stopped_count=0, restarted_count=0
 full_count=0

Compilation events (20 events):
Event: 19.789 Thread 0x00000230c2eb7060 nmethod 4971 0x00000230b1d77390 code [0x00000230b1d77600, 0x00000230b1d77f38]
Event: 19.789 Thread 0x00000230c2eb7060 4970       3       com.google.common.collect.LexicographicalOrdering::compare (13 bytes)
Event: 19.789 Thread 0x00000230c2eb7060 nmethod 4970 0x00000230b204c190 code [0x00000230b204c360, 0x00000230b204c6b0]
Event: 19.803 Thread 0x00000230c2eb7060 4972       3       java.util.regex.Pattern::newSlice (181 bytes)
Event: 19.804 Thread 0x00000230c2eb7060 nmethod 4972 0x00000230b1d15910 code [0x00000230b1d15c60, 0x00000230b1d16f60]
Event: 19.815 Thread 0x00000230c2eb7060 4974       3       java.util.regex.Pattern$SliceNode::study (37 bytes)
Event: 19.815 Thread 0x00000230c2eb7060 nmethod 4974 0x00000230b239ef10 code [0x00000230b239f0c0, 0x00000230b239f2b8]
Event: 19.826 Thread 0x00000230c2eb7060 4975       3       java.util.regex.Pattern$CharProperty::study (29 bytes)
Event: 19.827 Thread 0x00000230c2eb7060 nmethod 4975 0x00000230b23a2990 code [0x00000230b23a2b40, 0x00000230b23a2d38]
Event: 19.829 Thread 0x00000230c2eb7060 4976   !   3       jdk.proxy3.$Proxy9::annotationType (29 bytes)
Event: 19.829 Thread 0x00000230c2eb7060 nmethod 4976 0x00000230b1ea5d10 code [0x00000230b1ea5ee0, 0x00000230b1ea62e0]
Event: 19.846 Thread 0x00000230c2eb7060 4978       1       com.google.inject.Key::hashCode (5 bytes)
Event: 19.846 Thread 0x00000230c2eb7060 nmethod 4978 0x00000230b9822d10 code [0x00000230b9822ea0, 0x00000230b9822f68]
Event: 19.847 Thread 0x00000230c2eb7060 4979       1       java.util.stream.Collectors$CollectorImpl::supplier (5 bytes)
Event: 19.847 Thread 0x00000230c2eb7060 nmethod 4979 0x00000230b9827990 code [0x00000230b9827b20, 0x00000230b9827be8]
Event: 19.847 Thread 0x00000230c2eb7060 4980       1       java.util.stream.Collectors$CollectorImpl::accumulator (5 bytes)
Event: 19.847 Thread 0x00000230c2eb7060 nmethod 4980 0x00000230b9827490 code [0x00000230b9827620, 0x00000230b98276e8]
Event: 19.847 Thread 0x00000230c2eb7060 4981       1       java.util.stream.Collectors$CollectorImpl::combiner (5 bytes)
Event: 19.847 Thread 0x00000230c2eb7060 nmethod 4981 0x00000230b983a690 code [0x00000230b983a820, 0x00000230b983a8e8]
Event: 19.847 Thread 0x00000230c2eb7060 4982       3       com.google.common.base.Preconditions::checkPositionIndex (8 bytes)

GC Heap History (20 events):
Event: 15.897 GC heap before
{Heap before GC invocations=7 (full 0):
 PSYoungGen      total 29696K, used 21626K [0x00000000eab00000, 0x00000000ece80000, 0x0000000100000000)
  eden space 24576K, 67% used [0x00000000eab00000,0x00000000ebb36a10,0x00000000ec300000)
  from space 5120K, 98% used [0x00000000ec980000,0x00000000ece68190,0x00000000ece80000)
  to   space 5632K, 0% used [0x00000000ec380000,0x00000000ec380000,0x00000000ec900000)
 ParOldGen       total 68608K, used 8352K [0x00000000c0000000, 0x00000000c4300000, 0x00000000eab00000)
  object space 68608K, 12% used [0x00000000c0000000,0x00000000c08281f8,0x00000000c4300000)
 Metaspace       used 20770K, committed 21504K, reserved 1114112K
  class space    used 2095K, committed 2368K, reserved 1048576K
}
Event: 15.905 GC heap after
{Heap after GC invocations=7 (full 0):
 PSYoungGen      total 29184K, used 4192K [0x00000000eab00000, 0x00000000ecc00000, 0x0000000100000000)
  eden space 24576K, 0% used [0x00000000eab00000,0x00000000eab00000,0x00000000ec300000)
  from space 4608K, 90% used [0x00000000ec380000,0x00000000ec798300,0x00000000ec800000)
  to   space 4096K, 0% used [0x00000000ec800000,0x00000000ec800000,0x00000000ecc00000)
 ParOldGen       total 68608K, used 9749K [0x00000000c0000000, 0x00000000c4300000, 0x00000000eab00000)
  object space 68608K, 14% used [0x00000000c0000000,0x00000000c0985670,0x00000000c4300000)
 Metaspace       used 20770K, committed 21504K, reserved 1114112K
  class space    used 2095K, committed 2368K, reserved 1048576K
}
Event: 15.905 GC heap before
{Heap before GC invocations=8 (full 1):
 PSYoungGen      total 29184K, used 4192K [0x00000000eab00000, 0x00000000ecc00000, 0x0000000100000000)
  eden space 24576K, 0% used [0x00000000eab00000,0x00000000eab00000,0x00000000ec300000)
  from space 4608K, 90% used [0x00000000ec380000,0x00000000ec798300,0x00000000ec800000)
  to   space 4096K, 0% used [0x00000000ec800000,0x00000000ec800000,0x00000000ecc00000)
 ParOldGen       total 68608K, used 9749K [0x00000000c0000000, 0x00000000c4300000, 0x00000000eab00000)
  object space 68608K, 14% used [0x00000000c0000000,0x00000000c0985670,0x00000000c4300000)
 Metaspace       used 20770K, committed 21504K, reserved 1114112K
  class space    used 2095K, committed 2368K, reserved 1048576K
}
Event: 15.964 GC heap after
{Heap after GC invocations=8 (full 1):
 PSYoungGen      total 29184K, used 0K [0x00000000eab00000, 0x00000000ecc00000, 0x0000000100000000)
  eden space 24576K, 0% used [0x00000000eab00000,0x00000000eab00000,0x00000000ec300000)
  from space 4608K, 0% used [0x00000000ec380000,0x00000000ec380000,0x00000000ec800000)
  to   space 4096K, 0% used [0x00000000ec800000,0x00000000ec800000,0x00000000ecc00000)
 ParOldGen       total 68608K, used 13115K [0x00000000c0000000, 0x00000000c4300000, 0x00000000eab00000)
  object space 68608K, 19% used [0x00000000c0000000,0x00000000c0ccec50,0x00000000c4300000)
 Metaspace       used 20758K, committed 21504K, reserved 1114112K
  class space    used 2092K, committed 2368K, reserved 1048576K
}
Event: 16.386 GC heap before
{Heap before GC invocations=9 (full 1):
 PSYoungGen      total 29184K, used 24576K [0x00000000eab00000, 0x00000000ecc00000, 0x0000000100000000)
  eden space 24576K, 100% used [0x00000000eab00000,0x00000000ec300000,0x00000000ec300000)
  from space 4608K, 0% used [0x00000000ec380000,0x00000000ec380000,0x00000000ec800000)
  to   space 4096K, 0% used [0x00000000ec800000,0x00000000ec800000,0x00000000ecc00000)
 ParOldGen       total 68608K, used 13115K [0x00000000c0000000, 0x00000000c4300000, 0x00000000eab00000)
  object space 68608K, 19% used [0x00000000c0000000,0x00000000c0ccec50,0x00000000c4300000)
 Metaspace       used 23469K, committed 24320K, reserved 1114112K
  class space    used 2261K, committed 2560K, reserved 1048576K
}
Event: 16.387 GC heap after
{Heap after GC invocations=9 (full 1):
 PSYoungGen      total 24576K, used 192K [0x00000000eab00000, 0x00000000ec880000, 0x0000000100000000)
  eden space 24064K, 0% used [0x00000000eab00000,0x00000000eab00000,0x00000000ec280000)
  from space 512K, 37% used [0x00000000ec800000,0x00000000ec830000,0x00000000ec880000)
  to   space 2048K, 0% used [0x00000000ec480000,0x00000000ec480000,0x00000000ec680000)
 ParOldGen       total 68608K, used 13115K [0x00000000c0000000, 0x00000000c4300000, 0x00000000eab00000)
  object space 68608K, 19% used [0x00000000c0000000,0x00000000c0ccec50,0x00000000c4300000)
 Metaspace       used 23469K, committed 24320K, reserved 1114112K
  class space    used 2261K, committed 2560K, reserved 1048576K
}
Event: 16.920 GC heap before
{Heap before GC invocations=10 (full 1):
 PSYoungGen      total 24576K, used 24254K [0x00000000eab00000, 0x00000000ec880000, 0x0000000100000000)
  eden space 24064K, 99% used [0x00000000eab00000,0x00000000ec27fa20,0x00000000ec280000)
  from space 512K, 37% used [0x00000000ec800000,0x00000000ec830000,0x00000000ec880000)
  to   space 2048K, 0% used [0x00000000ec480000,0x00000000ec480000,0x00000000ec680000)
 ParOldGen       total 68608K, used 13115K [0x00000000c0000000, 0x00000000c4300000, 0x00000000eab00000)
  object space 68608K, 19% used [0x00000000c0000000,0x00000000c0ccec50,0x00000000c4300000)
 Metaspace       used 26628K, committed 27456K, reserved 1114112K
  class space    used 2519K, committed 2816K, reserved 1048576K
}
Event: 16.923 GC heap after
{Heap after GC invocations=10 (full 1):
 PSYoungGen      total 25600K, used 2024K [0x00000000eab00000, 0x00000000ec880000, 0x0000000100000000)
  eden space 23552K, 0% used [0x00000000eab00000,0x00000000eab00000,0x00000000ec200000)
  from space 2048K, 98% used [0x00000000ec480000,0x00000000ec67a2b0,0x00000000ec680000)
  to   space 2048K, 0% used [0x00000000ec680000,0x00000000ec680000,0x00000000ec880000)
 ParOldGen       total 68608K, used 13270K [0x00000000c0000000, 0x00000000c4300000, 0x00000000eab00000)
  object space 68608K, 19% used [0x00000000c0000000,0x00000000c0cf5918,0x00000000c4300000)
 Metaspace       used 26628K, committed 27456K, reserved 1114112K
  class space    used 2519K, committed 2816K, reserved 1048576K
}
Event: 17.345 GC heap before
{Heap before GC invocations=11 (full 1):
 PSYoungGen      total 25600K, used 25576K [0x00000000eab00000, 0x00000000ec880000, 0x0000000100000000)
  eden space 23552K, 100% used [0x00000000eab00000,0x00000000ec200000,0x00000000ec200000)
  from space 2048K, 98% used [0x00000000ec480000,0x00000000ec67a2b0,0x00000000ec680000)
  to   space 2048K, 0% used [0x00000000ec680000,0x00000000ec680000,0x00000000ec880000)
 ParOldGen       total 68608K, used 13270K [0x00000000c0000000, 0x00000000c4300000, 0x00000000eab00000)
  object space 68608K, 19% used [0x00000000c0000000,0x00000000c0cf5918,0x00000000c4300000)
 Metaspace       used 28260K, committed 29184K, reserved 1114112K
  class space    used 2702K, committed 3072K, reserved 1048576K
}
Event: 17.349 GC heap after
{Heap after GC invocations=11 (full 1):
 PSYoungGen      total 24576K, used 1517K [0x00000000eab00000, 0x00000000ec800000, 0x0000000100000000)
  eden space 23040K, 0% used [0x00000000eab00000,0x00000000eab00000,0x00000000ec180000)
  from space 1536K, 98% used [0x00000000ec680000,0x00000000ec7fb470,0x00000000ec800000)
  to   space 2048K, 0% used [0x00000000ec400000,0x00000000ec400000,0x00000000ec600000)
 ParOldGen       total 68608K, used 14135K [0x00000000c0000000, 0x00000000c4300000, 0x00000000eab00000)
  object space 68608K, 20% used [0x00000000c0000000,0x00000000c0dcdf00,0x00000000c4300000)
 Metaspace       used 28260K, committed 29184K, reserved 1114112K
  class space    used 2702K, committed 3072K, reserved 1048576K
}
Event: 18.327 GC heap before
{Heap before GC invocations=12 (full 1):
 PSYoungGen      total 24576K, used 24557K [0x00000000eab00000, 0x00000000ec800000, 0x0000000100000000)
  eden space 23040K, 100% used [0x00000000eab00000,0x00000000ec180000,0x00000000ec180000)
  from space 1536K, 98% used [0x00000000ec680000,0x00000000ec7fb470,0x00000000ec800000)
  to   space 2048K, 0% used [0x00000000ec400000,0x00000000ec400000,0x00000000ec600000)
 ParOldGen       total 68608K, used 14135K [0x00000000c0000000, 0x00000000c4300000, 0x00000000eab00000)
  object space 68608K, 20% used [0x00000000c0000000,0x00000000c0dcdf00,0x00000000c4300000)
 Metaspace       used 30526K, committed 31424K, reserved 1114112K
  class space    used 2991K, committed 3328K, reserved 1048576K
}
Event: 18.331 GC heap after
{Heap after GC invocations=12 (full 1):
 PSYoungGen      total 24064K, used 1340K [0x00000000eab00000, 0x00000000ec700000, 0x0000000100000000)
  eden space 22528K, 0% used [0x00000000eab00000,0x00000000eab00000,0x00000000ec100000)
  from space 1536K, 87% used [0x00000000ec400000,0x00000000ec54f0b0,0x00000000ec580000)
  to   space 1536K, 0% used [0x00000000ec580000,0x00000000ec580000,0x00000000ec700000)
 ParOldGen       total 68608K, used 15423K [0x00000000c0000000, 0x00000000c4300000, 0x00000000eab00000)
  object space 68608K, 22% used [0x00000000c0000000,0x00000000c0f0fc40,0x00000000c4300000)
 Metaspace       used 30526K, committed 31424K, reserved 1114112K
  class space    used 2991K, committed 3328K, reserved 1048576K
}
Event: 18.918 GC heap before
{Heap before GC invocations=13 (full 1):
 PSYoungGen      total 24064K, used 23868K [0x00000000eab00000, 0x00000000ec700000, 0x0000000100000000)
  eden space 22528K, 100% used [0x00000000eab00000,0x00000000ec100000,0x00000000ec100000)
  from space 1536K, 87% used [0x00000000ec400000,0x00000000ec54f0b0,0x00000000ec580000)
  to   space 1536K, 0% used [0x00000000ec580000,0x00000000ec580000,0x00000000ec700000)
 ParOldGen       total 68608K, used 15423K [0x00000000c0000000, 0x00000000c4300000, 0x00000000eab00000)
  object space 68608K, 22% used [0x00000000c0000000,0x00000000c0f0fc40,0x00000000c4300000)
 Metaspace       used 33156K, committed 34176K, reserved 1114112K
  class space    used 3315K, committed 3776K, reserved 1048576K
}
Event: 18.924 GC heap after
{Heap after GC invocations=13 (full 1):
 PSYoungGen      total 23040K, used 909K [0x00000000eab00000, 0x00000000ec680000, 0x0000000100000000)
  eden space 22016K, 0% used [0x00000000eab00000,0x00000000eab00000,0x00000000ec080000)
  from space 1024K, 88% used [0x00000000ec580000,0x00000000ec663500,0x00000000ec680000)
  to   space 1536K, 0% used [0x00000000ec380000,0x00000000ec380000,0x00000000ec500000)
 ParOldGen       total 68608K, used 16533K [0x00000000c0000000, 0x00000000c4300000, 0x00000000eab00000)
  object space 68608K, 24% used [0x00000000c0000000,0x00000000c1025680,0x00000000c4300000)
 Metaspace       used 33156K, committed 34176K, reserved 1114112K
  class space    used 3315K, committed 3776K, reserved 1048576K
}
Event: 19.153 GC heap before
{Heap before GC invocations=14 (full 1):
 PSYoungGen      total 23040K, used 16007K [0x00000000eab00000, 0x00000000ec680000, 0x0000000100000000)
  eden space 22016K, 68% used [0x00000000eab00000,0x00000000eb9be740,0x00000000ec080000)
  from space 1024K, 88% used [0x00000000ec580000,0x00000000ec663500,0x00000000ec680000)
  to   space 1536K, 0% used [0x00000000ec380000,0x00000000ec380000,0x00000000ec500000)
 ParOldGen       total 68608K, used 16533K [0x00000000c0000000, 0x00000000c4300000, 0x00000000eab00000)
  object space 68608K, 24% used [0x00000000c0000000,0x00000000c1025680,0x00000000c4300000)
 Metaspace       used 34860K, committed 35840K, reserved 1114112K
  class space    used 3509K, committed 3968K, reserved 1048576K
}
Event: 19.156 GC heap after
{Heap after GC invocations=14 (full 1):
 PSYoungGen      total 23552K, used 1395K [0x00000000eab00000, 0x00000000ec600000, 0x0000000100000000)
  eden space 22016K, 0% used [0x00000000eab00000,0x00000000eab00000,0x00000000ec080000)
  from space 1536K, 90% used [0x00000000ec380000,0x00000000ec4dcd30,0x00000000ec500000)
  to   space 1024K, 0% used [0x00000000ec500000,0x00000000ec500000,0x00000000ec600000)
 ParOldGen       total 68608K, used 17298K [0x00000000c0000000, 0x00000000c4300000, 0x00000000eab00000)
  object space 68608K, 25% used [0x00000000c0000000,0x00000000c10e4808,0x00000000c4300000)
 Metaspace       used 34860K, committed 35840K, reserved 1114112K
  class space    used 3509K, committed 3968K, reserved 1048576K
}
Event: 19.156 GC heap before
{Heap before GC invocations=15 (full 2):
 PSYoungGen      total 23552K, used 1395K [0x00000000eab00000, 0x00000000ec600000, 0x0000000100000000)
  eden space 22016K, 0% used [0x00000000eab00000,0x00000000eab00000,0x00000000ec080000)
  from space 1536K, 90% used [0x00000000ec380000,0x00000000ec4dcd30,0x00000000ec500000)
  to   space 1024K, 0% used [0x00000000ec500000,0x00000000ec500000,0x00000000ec600000)
 ParOldGen       total 68608K, used 17298K [0x00000000c0000000, 0x00000000c4300000, 0x00000000eab00000)
  object space 68608K, 25% used [0x00000000c0000000,0x00000000c10e4808,0x00000000c4300000)
 Metaspace       used 34860K, committed 35840K, reserved 1114112K
  class space    used 3509K, committed 3968K, reserved 1048576K
}
Event: 19.212 GC heap after
{Heap after GC invocations=15 (full 2):
 PSYoungGen      total 23552K, used 0K [0x00000000eab00000, 0x00000000ec600000, 0x0000000100000000)
  eden space 22016K, 0% used [0x00000000eab00000,0x00000000eab00000,0x00000000ec080000)
  from space 1536K, 0% used [0x00000000ec380000,0x00000000ec380000,0x00000000ec500000)
  to   space 1024K, 0% used [0x00000000ec500000,0x00000000ec500000,0x00000000ec600000)
 ParOldGen       total 68608K, used 18210K [0x00000000c0000000, 0x00000000c4300000, 0x00000000eab00000)
  object space 68608K, 26% used [0x00000000c0000000,0x00000000c11c88d8,0x00000000c4300000)
 Metaspace       used 34860K, committed 35840K, reserved 1114112K
  class space    used 3509K, committed 3968K, reserved 1048576K
}
Event: 19.628 GC heap before
{Heap before GC invocations=16 (full 2):
 PSYoungGen      total 23552K, used 22016K [0x00000000eab00000, 0x00000000ec600000, 0x0000000100000000)
  eden space 22016K, 100% used [0x00000000eab00000,0x00000000ec080000,0x00000000ec080000)
  from space 1536K, 0% used [0x00000000ec380000,0x00000000ec380000,0x00000000ec500000)
  to   space 1024K, 0% used [0x00000000ec500000,0x00000000ec500000,0x00000000ec600000)
 ParOldGen       total 68608K, used 18210K [0x00000000c0000000, 0x00000000c4300000, 0x00000000eab00000)
  object space 68608K, 26% used [0x00000000c0000000,0x00000000c11c88d8,0x00000000c4300000)
 Metaspace       used 37622K, committed 38784K, reserved 1114112K
  class space    used 3875K, committed 4352K, reserved 1048576K
}
Event: 19.632 GC heap after
{Heap after GC invocations=16 (full 2):
 PSYoungGen      total 23040K, used 1024K [0x00000000eab00000, 0x00000000ec600000, 0x0000000100000000)
  eden space 22016K, 0% used [0x00000000eab00000,0x00000000eab00000,0x00000000ec080000)
  from space 1024K, 100% used [0x00000000ec500000,0x00000000ec600000,0x00000000ec600000)
  to   space 1536K, 0% used [0x00000000ec300000,0x00000000ec300000,0x00000000ec480000)
 ParOldGen       total 68608K, used 18652K [0x00000000c0000000, 0x00000000c4300000, 0x00000000eab00000)
  object space 68608K, 27% used [0x00000000c0000000,0x00000000c1237058,0x00000000c4300000)
 Metaspace       used 37622K, committed 38784K, reserved 1114112K
  class space    used 3875K, committed 4352K, reserved 1048576K
}

Dll operation events (10 events):
Event: 0.098 Loaded shared library c:\Users\Asus\.vscode\extensions\redhat.java-1.41.1-win32-x64\jre\21.0.6-win32-x86_64\bin\java.dll
Event: 0.695 Loaded shared library c:\Users\Asus\.vscode\extensions\redhat.java-1.41.1-win32-x64\jre\21.0.6-win32-x86_64\bin\zip.dll
Event: 0.807 Loaded shared library C:\Users\Asus\.vscode\extensions\redhat.java-1.41.1-win32-x64\jre\21.0.6-win32-x86_64\bin\instrument.dll
Event: 0.817 Loaded shared library C:\Users\Asus\.vscode\extensions\redhat.java-1.41.1-win32-x64\jre\21.0.6-win32-x86_64\bin\net.dll
Event: 0.820 Loaded shared library C:\Users\Asus\.vscode\extensions\redhat.java-1.41.1-win32-x64\jre\21.0.6-win32-x86_64\bin\nio.dll
Event: 0.828 Loaded shared library C:\Users\Asus\.vscode\extensions\redhat.java-1.41.1-win32-x64\jre\21.0.6-win32-x86_64\bin\zip.dll
Event: 0.899 Loaded shared library C:\Users\Asus\.vscode\extensions\redhat.java-1.41.1-win32-x64\jre\21.0.6-win32-x86_64\bin\jimage.dll
Event: 1.156 Loaded shared library c:\Users\Asus\.vscode\extensions\redhat.java-1.41.1-win32-x64\jre\21.0.6-win32-x86_64\bin\verify.dll
Event: 4.816 Loaded shared library C:\Users\Asus\AppData\Roaming\Code\User\globalStorage\redhat.java\1.41.1\config_win\org.eclipse.equinox.launcher\org.eclipse.equinox.launcher.win32.win32.x86_64_1.2.1300.v20250331-1702\eclipse_11911.dll
Event: 14.362 Loaded shared library C:\Users\Asus\AppData\Local\Temp\jna-2050672\jna277460610905014120.dll

Deoptimization events (20 events):
Event: 19.532 Thread 0x0000023109412830 Uncommon trap: trap_request=0xffffff45 fr.pc=0x00000230b996cb8c relative=0x0000000000001bac
Event: 19.532 Thread 0x0000023109412830 Uncommon trap: reason=unstable_if action=reinterpret pc=0x00000230b996cb8c method=sun.nio.fs.WindowsPathParser.nextNonSlash(Ljava/lang/String;II)I @ 2 c2
Event: 19.532 Thread 0x0000023109412830 DEOPT PACKING pc=0x00000230b996cb8c sp=0x000000b0428fe5e0
Event: 19.532 Thread 0x0000023109412830 DEOPT UNPACKING pc=0x00000230b9283aa2 sp=0x000000b0428fe570 mode 2
Event: 19.594 Thread 0x00000231094121a0 Uncommon trap: trap_request=0xffffffd6 fr.pc=0x00000230b980ac68 relative=0x00000000000000c8
Event: 19.594 Thread 0x00000231094121a0 Uncommon trap: reason=array_check action=maybe_recompile pc=0x00000230b980ac68 method=java.util.stream.Nodes$FixedNodeBuilder.accept(Ljava/lang/Object;)V @ 28 c2
Event: 19.594 Thread 0x00000231094121a0 DEOPT PACKING pc=0x00000230b980ac68 sp=0x000000b0422fe4f0
Event: 19.594 Thread 0x00000231094121a0 DEOPT UNPACKING pc=0x00000230b9283aa2 sp=0x000000b0422fe470 mode 2
Event: 19.594 Thread 0x00000231094121a0 Uncommon trap: trap_request=0xffffffd6 fr.pc=0x00000230b980ac68 relative=0x00000000000000c8
Event: 19.594 Thread 0x00000231094121a0 Uncommon trap: reason=array_check action=maybe_recompile pc=0x00000230b980ac68 method=java.util.stream.Nodes$FixedNodeBuilder.accept(Ljava/lang/Object;)V @ 28 c2
Event: 19.594 Thread 0x00000231094121a0 DEOPT PACKING pc=0x00000230b980ac68 sp=0x000000b0422fe4f0
Event: 19.594 Thread 0x00000231094121a0 DEOPT UNPACKING pc=0x00000230b9283aa2 sp=0x000000b0422fe470 mode 2
Event: 19.594 Thread 0x00000231094121a0 Uncommon trap: trap_request=0xffffffd6 fr.pc=0x00000230b980ac68 relative=0x00000000000000c8
Event: 19.594 Thread 0x00000231094121a0 Uncommon trap: reason=array_check action=maybe_recompile pc=0x00000230b980ac68 method=java.util.stream.Nodes$FixedNodeBuilder.accept(Ljava/lang/Object;)V @ 28 c2
Event: 19.594 Thread 0x00000231094121a0 DEOPT PACKING pc=0x00000230b980ac68 sp=0x000000b0422fe4f0
Event: 19.594 Thread 0x00000231094121a0 DEOPT UNPACKING pc=0x00000230b9283aa2 sp=0x000000b0422fe470 mode 2
Event: 19.594 Thread 0x00000231094121a0 Uncommon trap: trap_request=0xffffffd6 fr.pc=0x00000230b980ac68 relative=0x00000000000000c8
Event: 19.594 Thread 0x00000231094121a0 Uncommon trap: reason=array_check action=maybe_recompile pc=0x00000230b980ac68 method=java.util.stream.Nodes$FixedNodeBuilder.accept(Ljava/lang/Object;)V @ 28 c2
Event: 19.594 Thread 0x00000231094121a0 DEOPT PACKING pc=0x00000230b980ac68 sp=0x000000b0422fe4f0
Event: 19.594 Thread 0x00000231094121a0 DEOPT UNPACKING pc=0x00000230b9283aa2 sp=0x000000b0422fe470 mode 2

Classes loaded (20 events):
Event: 19.535 Loading class java/util/stream/Streams$1
Event: 19.535 Loading class java/util/stream/Streams$1 done
Event: 19.536 Loading class java/nio/file/FileChannelLinesSpliterator$1
Event: 19.536 Loading class java/nio/file/FileChannelLinesSpliterator$1 done
Event: 19.536 Loading class java/nio/channels/Channels
Event: 19.537 Loading class java/nio/channels/Channels done
Event: 19.538 Loading class sun/nio/ch/Util
Event: 19.539 Loading class sun/nio/ch/Util done
Event: 19.539 Loading class sun/nio/ch/Util$1
Event: 19.539 Loading class sun/nio/ch/Util$1 done
Event: 19.539 Loading class sun/nio/ch/Util$BufferCache
Event: 19.539 Loading class sun/nio/ch/Util$BufferCache done
Event: 19.540 Loading class java/nio/DirectByteBuffer$Deallocator
Event: 19.540 Loading class java/nio/DirectByteBuffer$Deallocator done
Event: 19.771 Loading class sun/reflect/generics/tree/BooleanSignature
Event: 19.771 Loading class sun/reflect/generics/tree/BooleanSignature done
Event: 19.771 Loading class sun/reflect/generics/tree/ArrayTypeSignature
Event: 19.771 Loading class sun/reflect/generics/tree/ArrayTypeSignature done
Event: 19.825 Loading class java/util/concurrent/CompletionService
Event: 19.825 Loading class java/util/concurrent/CompletionService done

Classes unloaded (7 events):
Event: 15.915 Thread 0x00000230aebb06c0 Unloading class 0x00000230c4194400 'java/lang/invoke/LambdaForm$MH+0x00000230c4194400'
Event: 15.915 Thread 0x00000230aebb06c0 Unloading class 0x00000230c4194000 'java/lang/invoke/LambdaForm$MH+0x00000230c4194000'
Event: 15.915 Thread 0x00000230aebb06c0 Unloading class 0x00000230c4193c00 'java/lang/invoke/LambdaForm$MH+0x00000230c4193c00'
Event: 15.915 Thread 0x00000230aebb06c0 Unloading class 0x00000230c4193800 'java/lang/invoke/LambdaForm$MH+0x00000230c4193800'
Event: 15.915 Thread 0x00000230aebb06c0 Unloading class 0x00000230c4193400 'java/lang/invoke/LambdaForm$BMH+0x00000230c4193400'
Event: 15.915 Thread 0x00000230aebb06c0 Unloading class 0x00000230c4193000 'java/lang/invoke/LambdaForm$DMH+0x00000230c4193000'
Event: 15.915 Thread 0x00000230aebb06c0 Unloading class 0x00000230c4191c00 'java/lang/invoke/LambdaForm$DMH+0x00000230c4191c00'

Classes redefined (0 events):
No events

Internal exceptions (20 events):
Event: 16.870 Thread 0x0000023109413550 Exception <a 'java/lang/NoSuchMethodError'{0x00000000ec156010}: 'int java.lang.invoke.DirectMethodHandle$Holder.invokeSpecial(java.lang.Object, java.lang.Object, java.lang.Object, java.lang.Object)'> (0x00000000ec156010) 
thrown [s\src\hotspot\share\interpreter\linkResolver.cpp, line 773]
Event: 16.871 Thread 0x0000023109413550 Exception <a 'java/lang/NoSuchMethodError'{0x00000000ec163bd8}: 'java.lang.Object java.lang.invoke.DirectMethodHandle$Holder.invokeStatic(java.lang.Object, int, java.lang.Object, java.lang.Object)'> (0x00000000ec163bd8) 
thrown [s\src\hotspot\share\interpreter\linkResolver.cpp, line 773]
Event: 16.872 Thread 0x0000023109413550 Exception <a 'java/lang/NoSuchMethodError'{0x00000000ec167620}: 'java.lang.Object java.lang.invoke.DelegatingMethodHandle$Holder.delegate(java.lang.Object, int, java.lang.Object, java.lang.Object)'> (0x00000000ec167620) 
thrown [s\src\hotspot\share\interpreter\linkResolver.cpp, line 773]
Event: 16.875 Thread 0x0000023109413550 Exception <a 'java/lang/NoSuchMethodError'{0x00000000ec17b218}: 'int java.lang.invoke.Invokers$Holder.linkToTargetMethod(java.lang.Object, java.lang.Object, java.lang.Object)'> (0x00000000ec17b218) 
thrown [s\src\hotspot\share\interpreter\linkResolver.cpp, line 773]
Event: 16.939 Thread 0x00000231093d9950 Exception <a 'java/io/FileNotFoundException'{0x00000000eb3f7380}> (0x00000000eb3f7380) 
thrown [s\src\hotspot\share\prims\jni.cpp, line 520]
Event: 16.959 Thread 0x00000231094121a0 Exception <a 'java/lang/NoSuchMethodError'{0x00000000eb4b1720}: 'java.lang.Object java.lang.invoke.DirectMethodHandle$Holder.invokeSpecialIFC(java.lang.Object, java.lang.Object, java.lang.Object, java.lang.Object)'> (0x00000000eb4b1720) 
thrown [s\src\hotspot\share\interpreter\linkResolver.cpp, line 773]
Event: 17.414 Thread 0x00000231094121a0 Exception <a 'java/lang/NoSuchMethodError'{0x00000000eade2ff0}: 'int java.lang.invoke.DirectMethodHandle$Holder.invokeStatic(java.lang.Object, java.lang.Object, java.lang.Object, java.lang.Object, java.lang.Object)'> (0x00000000eade2ff0) 
thrown [s\src\hotspot\share\interpreter\linkResolver.cpp, line 773]
Event: 18.160 Thread 0x00000231094121a0 Exception <a 'java/lang/NoClassDefFoundError'{0x00000000eb757920}: javax/enterprise/inject/Typed> (0x00000000eb757920) 
thrown [s\src\hotspot\share\classfile\systemDictionary.cpp, line 301]
Event: 18.448 Thread 0x00000231093d9950 Exception <a 'java/lang/ClassNotFoundException'{0x00000000eaf042d8}: com/sun/org/apache/xml/internal/serializer/spi/XMLEntitiesProvider> (0x00000000eaf042d8) 
thrown [s\src\hotspot\share\classfile\systemDictionary.cpp, line 312]
Event: 18.714 Thread 0x00000231093d9950 Exception <a 'java/io/FileNotFoundException'{0x00000000eb8bee20}> (0x00000000eb8bee20) 
thrown [s\src\hotspot\share\prims\jni.cpp, line 520]
Event: 18.780 Thread 0x00000231093d9950 Exception <a 'java/lang/UnsatisfiedLinkError'{0x00000000ebc140d8}: The specified procedure could not be found.
> (0x00000000ebc140d8) 
thrown [s\src\hotspot\share\prims\jni.cpp, line 539]
Event: 18.785 Thread 0x00000231093d9950 Exception <a 'java/io/FileNotFoundException'{0x00000000ebc2ba20}> (0x00000000ebc2ba20) 
thrown [s\src\hotspot\share\prims\jni.cpp, line 520]
Event: 18.797 Thread 0x00000231093d9950 Exception <a 'java/io/FileNotFoundException'{0x00000000ebd9a7c0}> (0x00000000ebd9a7c0) 
thrown [s\src\hotspot\share\prims\jni.cpp, line 520]
Event: 18.862 Thread 0x00000231093d9950 Exception <a 'java/lang/UnsatisfiedLinkError'{0x00000000ebe1f358}: The specified procedure could not be found.
> (0x00000000ebe1f358) 
thrown [s\src\hotspot\share\prims\jni.cpp, line 539]
Event: 18.995 Thread 0x0000023109410760 Exception <a 'java/lang/NoSuchMethodError'{0x00000000eafbee38}: 'void java.lang.invoke.DirectMethodHandle$Holder.invokeStaticInit(java.lang.Object, java.lang.Object, java.lang.Object, java.lang.Object)'> (0x00000000eafbee38) 
thrown [s\src\hotspot\share\interpreter\linkResolver.cpp, line 773]
Event: 19.321 Thread 0x00000230aeb15d60 Exception <a 'java/lang/NoSuchMethodError'{0x00000000eb1961a8}: 'java.lang.Object java.lang.invoke.DirectMethodHandle$Holder.invokeStatic(java.lang.Object, long, java.lang.Object)'> (0x00000000eb1961a8) 
thrown [s\src\hotspot\share\interpreter\linkResolver.cpp, line 773]
Event: 19.321 Thread 0x00000230aeb15d60 Exception <a 'java/lang/NoSuchMethodError'{0x00000000eb199a58}: 'java.lang.Object java.lang.invoke.DirectMethodHandle$Holder.invokeStaticInit(java.lang.Object, long, java.lang.Object)'> (0x00000000eb199a58) 
thrown [s\src\hotspot\share\interpreter\linkResolver.cpp, line 773]
Event: 19.322 Thread 0x00000230aeb15d60 Exception <a 'java/lang/NoSuchMethodError'{0x00000000eb19f5c0}: 'java.lang.Object java.lang.invoke.DirectMethodHandle$Holder.newInvokeSpecial(java.lang.Object, long)'> (0x00000000eb19f5c0) 
thrown [s\src\hotspot\share\interpreter\linkResolver.cpp, line 773]
Event: 19.378 Thread 0x00000231094100d0 Exception <a 'java/io/FileNotFoundException'{0x00000000eb442290}> (0x00000000eb442290) 
thrown [s\src\hotspot\share\prims\jni.cpp, line 520]
Event: 19.514 Thread 0x0000023109412830 Exception <a 'java/lang/NoSuchMethodError'{0x00000000ebb0b6c8}: 'void java.lang.invoke.DirectMethodHandle$Holder.invokeStaticInit(java.lang.Object, java.lang.Object, java.lang.Object)'> (0x00000000ebb0b6c8) 
thrown [s\src\hotspot\share\interpreter\linkResolver.cpp, line 773]

ZGC Phase Switch (0 events):
No events

VM Operations (20 events):
Event: 18.451 Executing VM operation: HandshakeAllThreads (Deoptimize)
Event: 18.451 Executing VM operation: HandshakeAllThreads (Deoptimize) done
Event: 18.569 Executing VM operation: HandshakeAllThreads (Deoptimize)
Event: 18.570 Executing VM operation: HandshakeAllThreads (Deoptimize) done
Event: 18.631 Executing VM operation: HandshakeAllThreads (Deoptimize)
Event: 18.638 Executing VM operation: HandshakeAllThreads (Deoptimize) done
Event: 18.773 Executing VM operation: HandshakeAllThreads (Deoptimize)
Event: 18.773 Executing VM operation: HandshakeAllThreads (Deoptimize) done
Event: 18.918 Executing VM operation: ParallelGCFailedAllocation (Allocation Failure)
Event: 18.924 Executing VM operation: ParallelGCFailedAllocation (Allocation Failure) done
Event: 19.143 Executing VM operation: CollectForMetadataAllocation (Metadata GC Threshold)
Event: 19.212 Executing VM operation: CollectForMetadataAllocation (Metadata GC Threshold) done
Event: 19.213 Executing VM operation: CollectForMetadataAllocation (Metadata GC Threshold)
Event: 19.214 Executing VM operation: CollectForMetadataAllocation (Metadata GC Threshold) done
Event: 19.359 Executing VM operation: HandshakeAllThreads (Deoptimize)
Event: 19.367 Executing VM operation: HandshakeAllThreads (Deoptimize) done
Event: 19.408 Executing VM operation: HandshakeAllThreads (Deoptimize)
Event: 19.416 Executing VM operation: HandshakeAllThreads (Deoptimize) done
Event: 19.628 Executing VM operation: ParallelGCFailedAllocation (Allocation Failure)
Event: 19.632 Executing VM operation: ParallelGCFailedAllocation (Allocation Failure) done

Memory protections (0 events):
No events

Nmethod flushes (20 events):
Event: 19.181 Thread 0x00000230aebb06c0 flushing  nmethod 0x00000230b239d210
Event: 19.181 Thread 0x00000230aebb06c0 flushing  nmethod 0x00000230b239d990
Event: 19.181 Thread 0x00000230aebb06c0 flushing  nmethod 0x00000230b239ef10
Event: 19.181 Thread 0x00000230aebb06c0 flushing  nmethod 0x00000230b239f810
Event: 19.181 Thread 0x00000230aebb06c0 flushing  nmethod 0x00000230b23a0090
Event: 19.181 Thread 0x00000230aebb06c0 flushing  nmethod 0x00000230b23a1590
Event: 19.181 Thread 0x00000230aebb06c0 flushing  nmethod 0x00000230b23a1a90
Event: 19.181 Thread 0x00000230aebb06c0 flushing  nmethod 0x00000230b23a2010
Event: 19.181 Thread 0x00000230aebb06c0 flushing  nmethod 0x00000230b23a2990
Event: 19.181 Thread 0x00000230aebb06c0 flushing  nmethod 0x00000230b23a4110
Event: 19.181 Thread 0x00000230aebb06c0 flushing  nmethod 0x00000230b23ad110
Event: 19.181 Thread 0x00000230aebb06c0 flushing  nmethod 0x00000230b23bf110
Event: 19.181 Thread 0x00000230aebb06c0 flushing  nmethod 0x00000230b23d2f90
Event: 19.181 Thread 0x00000230aebb06c0 flushing  nmethod 0x00000230b23d5e90
Event: 19.181 Thread 0x00000230aebb06c0 flushing  nmethod 0x00000230b23def10
Event: 19.181 Thread 0x00000230aebb06c0 flushing  nmethod 0x00000230b23f1410
Event: 19.181 Thread 0x00000230aebb06c0 flushing  nmethod 0x00000230b240c410
Event: 19.181 Thread 0x00000230aebb06c0 flushing  nmethod 0x00000230b243b010
Event: 19.181 Thread 0x00000230aebb06c0 flushing  nmethod 0x00000230b246d610
Event: 19.181 Thread 0x00000230aebb06c0 flushing  nmethod 0x00000230b24a3110

Events (20 events):
Event: 14.412 Thread 0x00000231093d9950 Thread added: 0x0000023109412ec0
Event: 14.489 Thread 0x0000023109624190 Thread exited: 0x0000023109624190
Event: 14.490 Thread 0x00000231093d9950 Thread added: 0x0000023109413550
Event: 14.593 Thread 0x00000231093d9950 Thread added: 0x00000231094121a0
Event: 14.952 Thread 0x00000230c2eb7060 Thread added: 0x00000231090fb020
Event: 15.965 Thread 0x00000231090fb020 Thread exited: 0x00000231090fb020
Event: 16.832 Thread 0x0000023109413550 Thread added: 0x0000023109410760
Event: 16.956 Thread 0x00000230c2eb7060 Thread added: 0x000002310b1985b0
Event: 17.016 Thread 0x0000023109410760 Thread added: 0x00000231094100d0
Event: 17.466 Thread 0x00000231093d9950 Thread added: 0x0000023109410df0
Event: 18.943 Thread 0x0000023109410760 Thread added: 0x0000023109411480
Event: 19.128 Thread 0x0000023109411480 Thread added: 0x0000023109412830
Event: 19.417 Thread 0x00000230aeb15d60 Thread added: 0x000002310bd4b910
Event: 19.418 Thread 0x00000230aeb15d60 Thread added: 0x000002310bd49ed0
Event: 19.418 Thread 0x00000230aeb15d60 Thread added: 0x000002310bd491b0
Event: 19.418 Thread 0x00000230aeb15d60 Thread added: 0x000002310bd4fab0
Event: 19.418 Thread 0x00000230aeb15d60 Thread added: 0x000002310bd4bfa0
Event: 19.445 Thread 0x00000230aeb15d60 Thread added: 0x000002310bd4c630
Event: 19.505 Thread 0x0000023109412830 Thread added: 0x000002310bd4d350
Event: 19.545 Thread 0x0000023109412830 Thread added: 0x000002310bd4ed90


Dynamic libraries:
0x00007ff66d390000 - 0x00007ff66d39e000 	c:\Users\Asus\.vscode\extensions\redhat.java-1.41.1-win32-x64\jre\21.0.6-win32-x86_64\bin\java.exe
0x00007ffea8dd0000 - 0x00007ffea8fe7000 	C:\WINDOWS\SYSTEM32\ntdll.dll
0x00007ffea7860000 - 0x00007ffea7924000 	C:\WINDOWS\System32\KERNEL32.DLL
0x00007ffea6050000 - 0x00007ffea6423000 	C:\WINDOWS\System32\KERNELBASE.dll
0x00007ffea6760000 - 0x00007ffea6871000 	C:\WINDOWS\System32\ucrtbase.dll
0x00007ffe7ac60000 - 0x00007ffe7ac78000 	c:\Users\Asus\.vscode\extensions\redhat.java-1.41.1-win32-x64\jre\21.0.6-win32-x86_64\bin\jli.dll
0x00007ffea76a0000 - 0x00007ffea7851000 	C:\WINDOWS\System32\USER32.dll
0x00007ffea6570000 - 0x00007ffea6596000 	C:\WINDOWS\System32\win32u.dll
0x00007ffea8470000 - 0x00007ffea8499000 	C:\WINDOWS\System32\GDI32.dll
0x00007ffea6880000 - 0x00007ffea699b000 	C:\WINDOWS\System32\gdi32full.dll
0x00007ffea69a0000 - 0x00007ffea6a3a000 	C:\WINDOWS\System32\msvcp_win.dll
0x00007ffe7ab80000 - 0x00007ffe7ab9e000 	c:\Users\Asus\.vscode\extensions\redhat.java-1.41.1-win32-x64\jre\21.0.6-win32-x86_64\bin\VCRUNTIME140.dll
0x00007ffe94500000 - 0x00007ffe94798000 	C:\WINDOWS\WinSxS\amd64_microsoft.windows.common-controls_6595b64144ccf1df_6.0.22621.5124_none_270e8f4f7386d69d\COMCTL32.dll
0x00007ffea8510000 - 0x00007ffea85b7000 	C:\WINDOWS\System32\msvcrt.dll
0x00007ffea70f0000 - 0x00007ffea7121000 	C:\WINDOWS\System32\IMM32.DLL
0x00007ffe953b0000 - 0x00007ffe953bc000 	c:\Users\Asus\.vscode\extensions\redhat.java-1.41.1-win32-x64\jre\21.0.6-win32-x86_64\bin\vcruntime140_1.dll
0x00007ffe6ff70000 - 0x00007ffe6fffd000 	c:\Users\Asus\.vscode\extensions\redhat.java-1.41.1-win32-x64\jre\21.0.6-win32-x86_64\bin\msvcp140.dll
0x00007ffe51350000 - 0x00007ffe520e0000 	c:\Users\Asus\.vscode\extensions\redhat.java-1.41.1-win32-x64\jre\21.0.6-win32-x86_64\bin\server\jvm.dll
0x00007ffea8cd0000 - 0x00007ffea8d81000 	C:\WINDOWS\System32\ADVAPI32.dll
0x00007ffea6f60000 - 0x00007ffea7008000 	C:\WINDOWS\System32\sechost.dll
0x00007ffea6a40000 - 0x00007ffea6a68000 	C:\WINDOWS\System32\bcrypt.dll
0x00007ffea8b60000 - 0x00007ffea8c74000 	C:\WINDOWS\System32\RPCRT4.dll
0x00007ffea8280000 - 0x00007ffea82f1000 	C:\WINDOWS\System32\WS2_32.dll
0x00007ffea5db0000 - 0x00007ffea5dfd000 	C:\WINDOWS\SYSTEM32\POWRPROF.dll
0x00007ffe9e350000 - 0x00007ffe9e384000 	C:\WINDOWS\SYSTEM32\WINMM.dll
0x00007ffe9c330000 - 0x00007ffe9c33a000 	C:\WINDOWS\SYSTEM32\VERSION.dll
0x00007ffea5d90000 - 0x00007ffea5da3000 	C:\WINDOWS\SYSTEM32\UMPDC.dll
0x00007ffea4f10000 - 0x00007ffea4f28000 	C:\WINDOWS\SYSTEM32\kernel.appcore.dll
0x00007ffe94120000 - 0x00007ffe9412a000 	c:\Users\Asus\.vscode\extensions\redhat.java-1.41.1-win32-x64\jre\21.0.6-win32-x86_64\bin\jimage.dll
0x00007ffea37d0000 - 0x00007ffea3a02000 	C:\WINDOWS\SYSTEM32\DBGHELP.DLL
0x00007ffea7140000 - 0x00007ffea74d2000 	C:\WINDOWS\System32\combase.dll
0x00007ffea7010000 - 0x00007ffea70e7000 	C:\WINDOWS\System32\OLEAUT32.dll
0x00007ffe878e0000 - 0x00007ffe87912000 	C:\WINDOWS\SYSTEM32\dbgcore.DLL
0x00007ffea66e0000 - 0x00007ffea675b000 	C:\WINDOWS\System32\bcryptPrimitives.dll
0x00007ffea01e0000 - 0x00007ffea01ef000 	c:\Users\Asus\.vscode\extensions\redhat.java-1.41.1-win32-x64\jre\21.0.6-win32-x86_64\bin\instrument.dll
0x00007ffe76940000 - 0x00007ffe7695f000 	c:\Users\Asus\.vscode\extensions\redhat.java-1.41.1-win32-x64\jre\21.0.6-win32-x86_64\bin\java.dll
0x00007ffea79e0000 - 0x00007ffea8276000 	C:\WINDOWS\System32\SHELL32.dll
0x00007ffea6430000 - 0x00007ffea656f000 	C:\WINDOWS\System32\wintypes.dll
0x00007ffea3e00000 - 0x00007ffea471a000 	C:\WINDOWS\SYSTEM32\windows.storage.dll
0x00007ffea7590000 - 0x00007ffea769a000 	C:\WINDOWS\System32\SHCORE.dll
0x00007ffea8370000 - 0x00007ffea83d3000 	C:\WINDOWS\System32\shlwapi.dll
0x00007ffea5e10000 - 0x00007ffea5e3b000 	C:\WINDOWS\SYSTEM32\profapi.dll
0x00007ffe733b0000 - 0x00007ffe733c8000 	c:\Users\Asus\.vscode\extensions\redhat.java-1.41.1-win32-x64\jre\21.0.6-win32-x86_64\bin\zip.dll
0x00007ffe94100000 - 0x00007ffe94110000 	C:\Users\Asus\.vscode\extensions\redhat.java-1.41.1-win32-x64\jre\21.0.6-win32-x86_64\bin\net.dll
0x00007ffe9f470000 - 0x00007ffe9f59c000 	C:\WINDOWS\SYSTEM32\WINHTTP.dll
0x00007ffea5390000 - 0x00007ffea53fa000 	C:\WINDOWS\system32\mswsock.dll
0x00007ffe73020000 - 0x00007ffe73036000 	C:\Users\Asus\.vscode\extensions\redhat.java-1.41.1-win32-x64\jre\21.0.6-win32-x86_64\bin\nio.dll
0x00007ffe87e60000 - 0x00007ffe87e70000 	c:\Users\Asus\.vscode\extensions\redhat.java-1.41.1-win32-x64\jre\21.0.6-win32-x86_64\bin\verify.dll
0x00007ffe6fa90000 - 0x00007ffe6fad5000 	C:\Users\Asus\AppData\Roaming\Code\User\globalStorage\redhat.java\1.41.1\config_win\org.eclipse.equinox.launcher\org.eclipse.equinox.launcher.win32.win32.x86_64_1.2.1300.v20250331-1702\eclipse_11911.dll
0x00007ffea6db0000 - 0x00007ffea6f51000 	C:\WINDOWS\System32\ole32.dll
0x00007ffea55f0000 - 0x00007ffea560b000 	C:\WINDOWS\SYSTEM32\CRYPTSP.dll
0x00007ffea4e70000 - 0x00007ffea4ea7000 	C:\WINDOWS\system32\rsaenh.dll
0x00007ffea5480000 - 0x00007ffea54a8000 	C:\WINDOWS\SYSTEM32\USERENV.dll
0x00007ffea55e0000 - 0x00007ffea55ec000 	C:\WINDOWS\SYSTEM32\CRYPTBASE.dll
0x00007ffea4980000 - 0x00007ffea49ad000 	C:\WINDOWS\SYSTEM32\IPHLPAPI.DLL
0x00007ffea7930000 - 0x00007ffea7939000 	C:\WINDOWS\System32\NSI.dll
0x00007ffe72f40000 - 0x00007ffe72f89000 	C:\Users\Asus\AppData\Local\Temp\jna-2050672\jna277460610905014120.dll
0x00007ffea8500000 - 0x00007ffea8508000 	C:\WINDOWS\System32\PSAPI.DLL
0x00007ffe9f430000 - 0x00007ffe9f449000 	C:\WINDOWS\SYSTEM32\dhcpcsvc6.DLL
0x00007ffe9f410000 - 0x00007ffe9f42f000 	C:\WINDOWS\SYSTEM32\dhcpcsvc.DLL

dbghelp: loaded successfully - version: 4.0.5 - missing functions: none
symbol engine: initialized successfully - sym options: 0x614 - pdb path: .;c:\Users\Asus\.vscode\extensions\redhat.java-1.41.1-win32-x64\jre\21.0.6-win32-x86_64\bin;C:\WINDOWS\SYSTEM32;C:\WINDOWS\WinSxS\amd64_microsoft.windows.common-controls_6595b64144ccf1df_6.0.22621.5124_none_270e8f4f7386d69d;c:\Users\Asus\.vscode\extensions\redhat.java-1.41.1-win32-x64\jre\21.0.6-win32-x86_64\bin\server;C:\Users\Asus\AppData\Roaming\Code\User\globalStorage\redhat.java\1.41.1\config_win\org.eclipse.equinox.launcher\org.eclipse.equinox.launcher.win32.win32.x86_64_1.2.1300.v20250331-1702;C:\Users\Asus\AppData\Local\Temp\jna-2050672

VM Arguments:
jvm_args: --add-modules=ALL-SYSTEM --add-opens=java.base/java.util=ALL-UNNAMED --add-opens=java.base/java.lang=ALL-UNNAMED --add-opens=java.base/sun.nio.fs=ALL-UNNAMED -Declipse.application=org.eclipse.jdt.ls.core.id1 -Dosgi.bundles.defaultStartLevel=4 -Declipse.product=org.eclipse.jdt.ls.core.product -Djava.import.generatesMetadataFilesAtProjectRoot=false -DDetectVMInstallationsJob.disabled=true -Dfile.encoding=utf8 -XX:+UseParallelGC -XX:GCTimeRatio=4 -XX:AdaptiveSizePolicyWeight=90 -Dsun.zip.disableMemoryMapping=true -Xmx1G -Xms100m -Xlog:disable -javaagent:c:\Users\Asus\.vscode\extensions\redhat.java-1.41.1-win32-x64\lombok\lombok-1.18.36.jar -XX:+HeapDumpOnOutOfMemoryError -XX:HeapDumpPath=c:\Users\Asus\AppData\Roaming\Code\User\workspaceStorage\a8035e0fcaa7a187a70305dbaf1ca7ec\redhat.java -Daether.dependencyCollector.impl=bf 
java_command: c:\Users\Asus\.vscode\extensions\redhat.java-1.41.1-win32-x64\server\plugins\org.eclipse.equinox.launcher_1.7.0.v20250331-1702.jar -configuration c:\Users\Asus\AppData\Roaming\Code\User\globalStorage\redhat.java\1.41.1\config_win -data c:\Users\Asus\AppData\Roaming\Code\User\workspaceStorage\a8035e0fcaa7a187a70305dbaf1ca7ec\redhat.java\jdt_ws --pipe=\\.\pipe\lsp-2a1a64e79a832cb431ca1ebf1eb74524-sock
java_class_path (initial): c:\Users\Asus\.vscode\extensions\redhat.java-1.41.1-win32-x64\server\plugins\org.eclipse.equinox.launcher_1.7.0.v20250331-1702.jar
Launcher Type: SUN_STANDARD

[Global flags]
    uintx AdaptiveSizePolicyWeight                 = 90                                        {product} {command line}
     intx CICompilerCount                          = 3                                         {product} {ergonomic}
    uintx GCTimeRatio                              = 4                                         {product} {command line}
     bool HeapDumpOnOutOfMemoryError               = true                                   {manageable} {command line}
    ccstr HeapDumpPath                             = c:\Users\Asus\AppData\Roaming\Code\User\workspaceStorage\a8035e0fcaa7a187a70305dbaf1ca7ec\redhat.java         {manageable} {command line}
   size_t InitialHeapSize                          = 104857600                                 {product} {command line}
   size_t MaxHeapSize                              = 1073741824                                {product} {command line}
   size_t MaxNewSize                               = 357564416                                 {product} {ergonomic}
   size_t MinHeapDeltaBytes                        = 524288                                    {product} {ergonomic}
   size_t MinHeapSize                              = 104857600                                 {product} {command line}
   size_t NewSize                                  = 34603008                                  {product} {ergonomic}
    uintx NonNMethodCodeHeapSize                   = 5832780                                {pd product} {ergonomic}
    uintx NonProfiledCodeHeapSize                  = 122912730                              {pd product} {ergonomic}
   size_t OldSize                                  = 70254592                                  {product} {ergonomic}
    uintx ProfiledCodeHeapSize                     = 122912730                              {pd product} {ergonomic}
    uintx ReservedCodeCacheSize                    = 251658240                              {pd product} {ergonomic}
     bool SegmentedCodeCache                       = true                                      {product} {ergonomic}
   size_t SoftMaxHeapSize                          = 1073741824                             {manageable} {ergonomic}
     bool UseCompressedOops                        = true                           {product lp64_product} {ergonomic}
     bool UseLargePagesIndividualAllocation        = false                                  {pd product} {ergonomic}
     bool UseParallelGC                            = true                                      {product} {command line}

Logging:
Log output configuration:
 #0: stdout all=off uptime,level,tags foldmultilines=false
 #1: stderr all=off uptime,level,tags foldmultilines=false

Environment Variables:
JAVA_HOME=E:\SOFTWARE\jdk-17.0.11_windows-x64_bin\jdk-17.0.11
PATH=E:\SOFTWARE\VMWare\bin\;E:\SOFTWARE\jdk-17.0.11_windows-x64_bin\jdk-17.0.11\bin;E:\SOFTWARE\jdk-21_windows-x64_bin\jdk-21.0.5;E:\SOFTWARE\sonar-scanner-cli-6.2.1.4610-windows-x64\sonar-scanner-6.2.1.4610-windows-x64\bin;C:\Program Files\Common Files\Oracle\Java\javapath;C:\Program Files (x86)\Common Files\Oracle\Java\java8path;C:\Program Files (x86)\Common Files\Oracle\Java\javapath;D:\app\Asus\product\11.2.0\bin;C:\Program Files (x86)\Common Files\Intel\Shared Libraries\redist\intel64\compiler;C:\WINDOWS\system32;C:\WINDOWS;C:\WINDOWS\System32\Wbem;C:\WINDOWS\System32\WindowsPowerShell\v1.0\;C:\WINDOWS\System32\OpenSSH\;D:\software\Git\cmd;C:\XAMPP\mysql\bin;C:\ProgramData\chocolatey\bin;C:\Program Files\nodejs\;C:\xampp\php;C:\ProgramData\ComposerSetup\bin;E:\explore\SPRING BOOT\apache-maven-3.9.9-bin\apache-maven-3.9.9\bin;C:\Program Files\Go\bin;C:\Users\Asus\AppData\Local\Android\Sdk\platform-tools;C:\Users\Asus\AppData\Local\Programs\Python\Launcher\;C:\Users\Asus\AppData\Local\Microsoft\WindowsApps;C:\Users\Asus\AppData\Local\Programs\Microsoft VS Code\bin;C:\Program Files (x86)\mingw32\bin;C:\msys64\ucrt64\bin;C:\Users\Asus\AppData\Roaming\npm;C:\Users\Asus\AppData\Roaming\Composer\vendor\bin;C:\Users\Asus\go\bin;E:\explore\WEB\project-1\app\tvs\flutter\bin;
USERNAME=Asus
OS=Windows_NT
PROCESSOR_IDENTIFIER=AMD64 Family 23 Model 24 Stepping 1, AuthenticAMD
TMP=C:\Users\Asus\AppData\Local\Temp
TEMP=C:\Users\Asus\AppData\Local\Temp




Periodic native trim disabled

---------------  S Y S T E M  ---------------

OS:
 Windows 11 , 64 bit Build 22621 (10.0.22621.5124)
OS uptime: 0 days 2:00 hours

CPU: total 4 (initial active 4) (4 cores per cpu, 2 threads per core) family 23 model 24 stepping 1 microcode 0x0, cx8, cmov, fxsr, ht, mmx, 3dnowpref, sse, sse2, sse3, ssse3, sse4a, sse4.1, sse4.2, popcnt, lzcnt, tsc, tscinvbit, avx, avx2, aes, clmul, bmi1, bmi2, adx, sha, fma, vzeroupper, clflush, clflushopt, rdtscp, f16c
Processor Information for the first 4 processors :
  Max Mhz: 2600, Current Mhz: 2600, Mhz Limit: 2600

Memory: 4k page, system-wide physical 14286M (2963M free)
TotalPageFile size 14286M (AvailPageFile size 5M)
current process WorkingSet (physical memory assigned to process): 210M, peak: 212M
current process commit charge ("private bytes"): 287M, peak: 290M

vm_info: OpenJDK 64-Bit Server VM (21.0.6+7-LTS) for windows-amd64 JRE (21.0.6+7-LTS), built on 2025-01-21T00:00:00Z by "admin" with MS VC++ 17.7 (VS2022)

END.
