#
# There is insufficient memory for the Java Runtime Environment to continue.
# Native memory allocation (malloc) failed to allocate 596128 bytes. Error detail: Chunk::new
# Possible reasons:
#   The system is out of physical RAM or swap space
#   This process is running with CompressedOops enabled, and the Java Heap may be blocking the growth of the native heap
# Possible solutions:
#   Reduce memory load on the system
#   Increase physical memory or swap space
#   Check if swap backing store is full
#   Decrease Java heap size (-Xmx/-Xms)
#   Decrease number of Java threads
#   Decrease Java thread stack sizes (-Xss)
#   Set larger code cache with -XX:ReservedCodeCacheSize=
#   JVM is running with Unscaled Compressed Oops mode in which the Java heap is
#     placed in the first 4GB address space. The Java Heap base address is the
#     maximum limit for the native heap growth. Please use -XX:HeapBaseMinAddress
#     to set the Java Heap base and to place the Java Heap above 4GB virtual address.
# This output file may be truncated or incomplete.
#
#  Out of Memory Error (arena.cpp:168), pid=18172, tid=10068
#
# JRE version: OpenJDK Runtime Environment Temurin-21.0.6+7 (21.0.6+7) (build 21.0.6+7-LTS)
# Java VM: OpenJDK 64-Bit Server VM Temurin-21.0.6+7 (21.0.6+7-LTS, mixed mode, sharing, tiered, compressed oops, compressed class ptrs, parallel gc, windows-amd64)
# No core dump will be written. Minidumps are not enabled by default on client versions of Windows
#

---------------  S U M M A R Y ------------

Command Line: --add-modules=ALL-SYSTEM --add-opens=java.base/java.util=ALL-UNNAMED --add-opens=java.base/java.lang=ALL-UNNAMED --add-opens=java.base/sun.nio.fs=ALL-UNNAMED -Declipse.application=org.eclipse.jdt.ls.core.id1 -Dosgi.bundles.defaultStartLevel=4 -Declipse.product=org.eclipse.jdt.ls.core.product -Djava.import.generatesMetadataFilesAtProjectRoot=false -DDetectVMInstallationsJob.disabled=true -Dfile.encoding=utf8 -XX:+UseParallelGC -XX:GCTimeRatio=4 -XX:AdaptiveSizePolicyWeight=90 -Dsun.zip.disableMemoryMapping=true -Xmx1G -Xms100m -Xlog:disable -javaagent:c:\Users\Asus\.vscode\extensions\redhat.java-1.41.1-win32-x64\lombok\lombok-1.18.36.jar c:\Users\Asus\.vscode\extensions\redhat.java-1.41.1-win32-x64\server\plugins\org.eclipse.equinox.launcher_1.7.0.v20250331-1702.jar -configuration c:\Users\Asus\AppData\Roaming\Code\User\globalStorage\redhat.java\1.41.1\config_ss_win -data c:\Users\Asus\AppData\Roaming\Code\User\workspaceStorage\5a71ffec40ce7814857ed8f94d27170f\redhat.java\ss_ws --pipe=\\.\pipe\lsp-799ab529999076318478e5c215252651-sock

Host: AMD Ryzen 3 3250U with Radeon Graphics         , 4 cores, 13G,  Windows 11 , 64 bit Build 22621 (10.0.22621.5124)
Time: Mon Apr 14 19:10:59 2025 SE Asia Standard Time elapsed time: 2.328261 seconds (0d 0h 0m 2s)

---------------  T H R E A D  ---------------

Current thread (0x000001ffd87178e0):  JavaThread "C2 CompilerThread1" daemon [_thread_in_native, id=10068, stack(0x000000de8ec00000,0x000000de8ed00000) (1024K)]


Current CompileTask:
C2:2328  993   !   4       java.util.jar.Attributes::read (494 bytes)

Stack: [0x000000de8ec00000,0x000000de8ed00000]
Native frames: (J=compiled Java code, j=interpreted, Vv=VM code, C=native code)
V  [jvm.dll+0x6cdee9]
V  [jvm.dll+0x8a83d1]
V  [jvm.dll+0x8aa8fe]
V  [jvm.dll+0x8aafe3]
V  [jvm.dll+0x27f706]
V  [jvm.dll+0xc500d]
V  [jvm.dll+0xc5543]
V  [jvm.dll+0x3b678c]
V  [jvm.dll+0x382935]
V  [jvm.dll+0x381d9a]
V  [jvm.dll+0x2479f0]
V  [jvm.dll+0x246fcf]
V  [jvm.dll+0x1c75ee]
V  [jvm.dll+0x25685a]
V  [jvm.dll+0x254dfa]
V  [jvm.dll+0x3f0256]
V  [jvm.dll+0x851f8b]
V  [jvm.dll+0x6cc5ed]
C  [ucrtbase.dll+0x29333]
C  [KERNEL32.DLL+0x1259d]
C  [ntdll.dll+0x5af38]


---------------  P R O C E S S  ---------------

Threads class SMR info:
_java_thread_list=0x000001ffd8897af0, length=12, elements={
0x000001fffd6661f0, 0x000001ff92273fe0, 0x000001ff92275710, 0x000001ff922782a0,
0x000001ff922791b0, 0x000001ff9227cbc0, 0x000001ff9227ff90, 0x000001ff92286db0,
0x000001ff922eed60, 0x000001ff9232d770, 0x000001ffd8283ad0, 0x000001ffd87178e0
}

Java Threads: ( => current thread )
  0x000001fffd6661f0 JavaThread "main"                              [_thread_in_Java, id=16656, stack(0x000000de8de00000,0x000000de8df00000) (1024K)]
  0x000001ff92273fe0 JavaThread "Reference Handler"          daemon [_thread_blocked, id=14228, stack(0x000000de8e200000,0x000000de8e300000) (1024K)]
  0x000001ff92275710 JavaThread "Finalizer"                  daemon [_thread_blocked, id=16724, stack(0x000000de8e300000,0x000000de8e400000) (1024K)]
  0x000001ff922782a0 JavaThread "Signal Dispatcher"          daemon [_thread_blocked, id=10932, stack(0x000000de8e400000,0x000000de8e500000) (1024K)]
  0x000001ff922791b0 JavaThread "Attach Listener"            daemon [_thread_blocked, id=10660, stack(0x000000de8e500000,0x000000de8e600000) (1024K)]
  0x000001ff9227cbc0 JavaThread "Service Thread"             daemon [_thread_blocked, id=18364, stack(0x000000de8e600000,0x000000de8e700000) (1024K)]
  0x000001ff9227ff90 JavaThread "Monitor Deflation Thread"   daemon [_thread_blocked, id=16844, stack(0x000000de8e700000,0x000000de8e800000) (1024K)]
  0x000001ff92286db0 JavaThread "C2 CompilerThread0"         daemon [_thread_in_native, id=12236, stack(0x000000de8e800000,0x000000de8e900000) (1024K)]
  0x000001ff922eed60 JavaThread "C1 CompilerThread0"         daemon [_thread_blocked, id=4516, stack(0x000000de8e900000,0x000000de8ea00000) (1024K)]
  0x000001ff9232d770 JavaThread "Common-Cleaner"             daemon [_thread_blocked, id=12664, stack(0x000000de8ea00000,0x000000de8eb00000) (1024K)]
  0x000001ffd8283ad0 JavaThread "Notification Thread"        daemon [_thread_blocked, id=12108, stack(0x000000de8eb00000,0x000000de8ec00000) (1024K)]
=>0x000001ffd87178e0 JavaThread "C2 CompilerThread1"         daemon [_thread_in_native, id=10068, stack(0x000000de8ec00000,0x000000de8ed00000) (1024K)]
Total: 12

Other Threads:
  0x000001fffd7046d0 VMThread "VM Thread"                           [id=3724, stack(0x000000de8e100000,0x000000de8e200000) (1024K)]
  0x000001ff9220ca00 WatcherThread "VM Periodic Task Thread"        [id=13208, stack(0x000000de8e000000,0x000000de8e100000) (1024K)]
  0x000001fffd6836d0 WorkerThread "GC Thread#0"                     [id=10812, stack(0x000000de8df00000,0x000000de8e000000) (1024K)]
Total: 3

Threads with active compile tasks:
C2 CompilerThread0  2362 1018       4       java.util.jar.Manifest$FastInputStream::readLine (9 bytes)
C2 CompilerThread1  2362  993   !   4       java.util.jar.Attributes::read (494 bytes)
Total: 2

VM state: not at safepoint (normal execution)

VM Mutex/Monitor currently owned by a thread:  ([mutex/lock_event])
[0x00007ffb4e2ccf00] MethodCompileQueue_lock - owner thread: 0x0000000000000000

Heap address: 0x00000000c0000000, size: 1024 MB, Compressed Oops mode: 32-bit

CDS archive(s) mapped at: [0x000001ff93000000-0x000001ff93ba0000-0x000001ff93ba0000), size 12189696, SharedBaseAddress: 0x000001ff93000000, ArchiveRelocationMode: 1.
Compressed class space mapped at: 0x000001ff94000000-0x000001ffd4000000, reserved size: 1073741824
Narrow klass base: 0x000001ff93000000, Narrow klass shift: 0, Narrow klass range: 0x100000000

GC Precious Log:
 CardTable entry size: 512
 CPUs: 4 total, 4 available
 Memory: 14286M
 Large Page Support: Disabled
 NUMA Support: Disabled
 Compressed Oops: Enabled (32-bit)
 Alignments: Space 512K, Generation 512K, Heap 2M
 Heap Min Capacity: 100M
 Heap Initial Capacity: 100M
 Heap Max Capacity: 1G
 Pre-touch: Disabled
 Parallel Workers: 4

Heap:
 PSYoungGen      total 29696K, used 23293K [0x00000000eab00000, 0x00000000ecc00000, 0x0000000100000000)
  eden space 25600K, 90% used [0x00000000eab00000,0x00000000ec1bf440,0x00000000ec400000)
  from space 4096K, 0% used [0x00000000ec800000,0x00000000ec800000,0x00000000ecc00000)
  to   space 4096K, 0% used [0x00000000ec400000,0x00000000ec400000,0x00000000ec800000)
 ParOldGen       total 68608K, used 0K [0x00000000c0000000, 0x00000000c4300000, 0x00000000eab00000)
  object space 68608K, 0% used [0x00000000c0000000,0x00000000c0000000,0x00000000c4300000)
 Metaspace       used 3838K, committed 4096K, reserved 1114112K
  class space    used 394K, committed 512K, reserved 1048576K

Card table byte_map: [0x000001fffd000000,0x000001fffd210000] _byte_map_base: 0x000001fffca00000

Marking Bits: (ParMarkBitMap*) 0x00007ffb4e2d3260
 Begin Bits: [0x000001fffd720000, 0x000001fffe720000)
 End Bits:   [0x000001fffe720000, 0x000001ffff720000)

Polling page: 0x000001fffb4a0000

Metaspace:

Usage:
  Non-class:      3.36 MB used.
      Class:    394.38 KB used.
       Both:      3.75 MB used.

Virtual space:
  Non-class space:       64.00 MB reserved,       3.50 MB (  5%) committed,  1 nodes.
      Class space:        1.00 GB reserved,     512.00 KB ( <1%) committed,  1 nodes.
             Both:        1.06 GB reserved,       4.00 MB ( <1%) committed. 

Chunk freelists:
   Non-Class:  11.30 MB
       Class:  15.48 MB
        Both:  26.78 MB

MaxMetaspaceSize: unlimited
CompressedClassSpaceSize: 1.00 GB
Initial GC threshold: 21.00 MB
Current GC threshold: 21.00 MB
CDS: on
 - commit_granule_bytes: 65536.
 - commit_granule_words: 8192.
 - virtual_space_node_default_size: 8388608.
 - enlarge_chunks_in_place: 1.
 - use_allocation_guard: 0.


Internal statistics:

num_allocs_failed_limit: 0.
num_arena_births: 146.
num_arena_deaths: 0.
num_vsnodes_births: 2.
num_vsnodes_deaths: 0.
num_space_committed: 64.
num_space_uncommitted: 0.
num_chunks_returned_to_freelist: 0.
num_chunks_taken_from_freelist: 203.
num_chunk_merges: 0.
num_chunk_splits: 128.
num_chunks_enlarged: 70.
num_inconsistent_stats: 0.

CodeHeap 'non-profiled nmethods': size=120000Kb used=420Kb max_used=420Kb free=119579Kb
 bounds [0x000001ff8ac00000, 0x000001ff8ae70000, 0x000001ff92130000]
CodeHeap 'profiled nmethods': size=120000Kb used=1618Kb max_used=1618Kb free=118381Kb
 bounds [0x000001ff83130000, 0x000001ff833a0000, 0x000001ff8a660000]
CodeHeap 'non-nmethods': size=5760Kb used=1190Kb max_used=1207Kb free=4569Kb
 bounds [0x000001ff8a660000, 0x000001ff8a8d0000, 0x000001ff8ac00000]
 total_blobs=1464 nmethods=1015 adapters=356
 compilation: enabled
              stopped_count=0, restarted_count=0
 full_count=0

Compilation events (20 events):
Event: 2.276 Thread 0x000001ff922eed60 nmethod 1004 0x000001ff832bf810 code [0x000001ff832bf9c0, 0x000001ff832bfb98]
Event: 2.276 Thread 0x000001ff922eed60 1005       3       java.util.LinkedHashMap::entrySet (5 bytes)
Event: 2.276 Thread 0x000001ff922eed60 nmethod 1005 0x000001ff832bfc90 code [0x000001ff832bfe40, 0x000001ff832bff98]
Event: 2.276 Thread 0x000001ff922eed60 1006       3       java.util.LinkedHashMap::sequencedEntrySet (31 bytes)
Event: 2.276 Thread 0x000001ff922eed60 nmethod 1006 0x000001ff832c0090 code [0x000001ff832c0260, 0x000001ff832c06d8]
Event: 2.276 Thread 0x000001ff922eed60 1010       3       java.util.HashMap::putMapEntries (170 bytes)
Event: 2.277 Thread 0x000001ff92286db0 nmethod 997 0x000001ff8ac67f90 code [0x000001ff8ac68140, 0x000001ff8ac682c8]
Event: 2.278 Thread 0x000001ff922eed60 nmethod 1010 0x000001ff832c0890 code [0x000001ff832c0b80, 0x000001ff832c1a08]
Event: 2.278 Thread 0x000001ff922eed60 1007       3       java.util.LinkedHashMap$LinkedEntrySet::<init> (15 bytes)
Event: 2.278 Thread 0x000001ff922eed60 nmethod 1007 0x000001ff832c1e90 code [0x000001ff832c2040, 0x000001ff832c2288]
Event: 2.278 Thread 0x000001ff922eed60 1008       3       java.util.LinkedHashMap$LinkedEntrySet::iterator (16 bytes)
Event: 2.278 Thread 0x000001ff922eed60 nmethod 1008 0x000001ff832c2390 code [0x000001ff832c2540, 0x000001ff832c2758]
Event: 2.278 Thread 0x000001ff922eed60 1009       3       java.util.LinkedHashMap$LinkedEntryIterator::<init> (7 bytes)
Event: 2.278 Thread 0x000001ff922eed60 nmethod 1009 0x000001ff832c2890 code [0x000001ff832c2a40, 0x000001ff832c2b78]
Event: 2.278 Thread 0x000001ff922eed60 1011       3       java.util.LinkedHashMap::<init> (21 bytes)
Event: 2.279 Thread 0x000001ff922eed60 nmethod 1011 0x000001ff832c2c10 code [0x000001ff832c2de0, 0x000001ff832c3050]
Event: 2.279 Thread 0x000001ff922eed60 1012       3       java.util.jar.Attributes::clone (9 bytes)
Event: 2.279 Thread 0x000001ff922eed60 nmethod 1012 0x000001ff832c3190 code [0x000001ff832c3380, 0x000001ff832c3808]
Event: 2.279 Thread 0x000001ff922eed60 1013       3       java.util.jar.Attributes::<init> (17 bytes)
Event: 2.280 Thread 0x000001ff922eed60 nmethod 1013 0x000001ff832c3a10 code [0x000001ff832c3be0, 0x000001ff832c3fb0]

GC Heap History (0 events):
No events

Dll operation events (8 events):
Event: 0.075 Loaded shared library c:\Users\Asus\.vscode\extensions\redhat.java-1.41.1-win32-x64\jre\21.0.6-win32-x86_64\bin\java.dll
Event: 0.228 Loaded shared library c:\Users\Asus\.vscode\extensions\redhat.java-1.41.1-win32-x64\jre\21.0.6-win32-x86_64\bin\zip.dll
Event: 0.274 Loaded shared library C:\Users\Asus\.vscode\extensions\redhat.java-1.41.1-win32-x64\jre\21.0.6-win32-x86_64\bin\instrument.dll
Event: 0.291 Loaded shared library C:\Users\Asus\.vscode\extensions\redhat.java-1.41.1-win32-x64\jre\21.0.6-win32-x86_64\bin\net.dll
Event: 0.298 Loaded shared library C:\Users\Asus\.vscode\extensions\redhat.java-1.41.1-win32-x64\jre\21.0.6-win32-x86_64\bin\nio.dll
Event: 0.307 Loaded shared library C:\Users\Asus\.vscode\extensions\redhat.java-1.41.1-win32-x64\jre\21.0.6-win32-x86_64\bin\zip.dll
Event: 0.353 Loaded shared library C:\Users\Asus\.vscode\extensions\redhat.java-1.41.1-win32-x64\jre\21.0.6-win32-x86_64\bin\jimage.dll
Event: 0.545 Loaded shared library c:\Users\Asus\.vscode\extensions\redhat.java-1.41.1-win32-x64\jre\21.0.6-win32-x86_64\bin\verify.dll

Deoptimization events (20 events):
Event: 1.967 Thread 0x000001fffd6661f0 DEOPT PACKING pc=0x000001ff832444fb sp=0x000000de8defe520
Event: 1.967 Thread 0x000001fffd6661f0 DEOPT UNPACKING pc=0x000001ff8a6b4242 sp=0x000000de8defd998 mode 0
Event: 1.976 Thread 0x000001fffd6661f0 DEOPT PACKING pc=0x000001ff832444fb sp=0x000000de8defe860
Event: 1.976 Thread 0x000001fffd6661f0 DEOPT UNPACKING pc=0x000001ff8a6b4242 sp=0x000000de8defdcd8 mode 0
Event: 1.976 Thread 0x000001fffd6661f0 DEOPT PACKING pc=0x000001ff832444fb sp=0x000000de8defe860
Event: 1.976 Thread 0x000001fffd6661f0 DEOPT UNPACKING pc=0x000001ff8a6b4242 sp=0x000000de8defdcd8 mode 0
Event: 1.976 Thread 0x000001fffd6661f0 DEOPT PACKING pc=0x000001ff832444fb sp=0x000000de8defe860
Event: 1.976 Thread 0x000001fffd6661f0 DEOPT UNPACKING pc=0x000001ff8a6b4242 sp=0x000000de8defdcd8 mode 0
Event: 1.977 Thread 0x000001fffd6661f0 DEOPT PACKING pc=0x000001ff832444fb sp=0x000000de8defe860
Event: 1.977 Thread 0x000001fffd6661f0 DEOPT UNPACKING pc=0x000001ff8a6b4242 sp=0x000000de8defdcd8 mode 0
Event: 1.977 Thread 0x000001fffd6661f0 DEOPT PACKING pc=0x000001ff832444fb sp=0x000000de8defe860
Event: 1.977 Thread 0x000001fffd6661f0 DEOPT UNPACKING pc=0x000001ff8a6b4242 sp=0x000000de8defdcd8 mode 0
Event: 2.139 Thread 0x000001fffd6661f0 Uncommon trap: trap_request=0xffffff45 fr.pc=0x000001ff8ac45058 relative=0x0000000000000218
Event: 2.139 Thread 0x000001fffd6661f0 Uncommon trap: reason=unstable_if action=reinterpret pc=0x000001ff8ac45058 method=java.util.concurrent.ConcurrentHashMap.get(Ljava/lang/Object;)Ljava/lang/Object; @ 152 c2
Event: 2.139 Thread 0x000001fffd6661f0 DEOPT PACKING pc=0x000001ff8ac45058 sp=0x000000de8defdd50
Event: 2.139 Thread 0x000001fffd6661f0 DEOPT UNPACKING pc=0x000001ff8a6b3aa2 sp=0x000000de8defdcc8 mode 2
Event: 2.231 Thread 0x000001fffd6661f0 Uncommon trap: trap_request=0xffffff45 fr.pc=0x000001ff8ac5ba98 relative=0x0000000000000638
Event: 2.231 Thread 0x000001fffd6661f0 Uncommon trap: reason=unstable_if action=reinterpret pc=0x000001ff8ac5ba98 method=java.util.jar.Manifest$FastInputStream.readLine([BII)I @ 130 c2
Event: 2.231 Thread 0x000001fffd6661f0 DEOPT PACKING pc=0x000001ff8ac5ba98 sp=0x000000de8defdc10
Event: 2.231 Thread 0x000001fffd6661f0 DEOPT UNPACKING pc=0x000001ff8a6b3aa2 sp=0x000000de8defdba0 mode 2

Classes loaded (20 events):
Event: 2.126 Loading class java/util/LinkedHashMap$LinkedValueIterator
Event: 2.126 Loading class java/util/LinkedHashMap$LinkedValueIterator done
Event: 2.130 Loading class java/lang/reflect/Proxy$ProxyBuilder$ProxyClassContext
Event: 2.130 Loading class java/lang/reflect/Proxy$ProxyBuilder$ProxyClassContext done
Event: 2.131 Loading class java/lang/reflect/ProxyGenerator
Event: 2.132 Loading class java/lang/reflect/ProxyGenerator done
Event: 2.132 Loading class java/lang/reflect/ProxyGenerator$ProxyMethod
Event: 2.132 Loading class java/lang/reflect/ProxyGenerator$ProxyMethod done
Event: 2.135 Loading class java/lang/reflect/ProxyGenerator$PrimitiveTypeInfo
Event: 2.135 Loading class java/lang/reflect/ProxyGenerator$PrimitiveTypeInfo done
Event: 2.136 Loading class jdk/internal/org/objectweb/asm/Edge
Event: 2.136 Loading class jdk/internal/org/objectweb/asm/Edge done
Event: 2.138 Loading class java/lang/reflect/Proxy$ProxyBuilder$1
Event: 2.138 Loading class java/lang/reflect/Proxy$ProxyBuilder$1 done
Event: 2.139 Loading class java/lang/annotation/Target
Event: 2.139 Loading class java/lang/annotation/Target done
Event: 2.154 Loading class java/util/NoSuchElementException
Event: 2.154 Loading class java/util/NoSuchElementException done
Event: 2.219 Loading class java/net/URLClassLoader$2
Event: 2.219 Loading class java/net/URLClassLoader$2 done

Classes unloaded (0 events):
No events

Classes redefined (0 events):
No events

Internal exceptions (20 events):
Event: 0.212 Thread 0x000001fffd6661f0 Exception <a 'java/lang/NoSuchMethodError'{0x00000000ead2a188}: 'void java.lang.invoke.DirectMethodHandle$Holder.invokeStatic(java.lang.Object, java.lang.Object, java.lang.Object)'> (0x00000000ead2a188) 
thrown [s\src\hotspot\share\interpreter\linkResolver.cpp, line 773]
Event: 0.340 Thread 0x000001fffd6661f0 Exception <a 'java/lang/NoSuchMethodError'{0x00000000eae92f50}: 'java.lang.Object java.lang.invoke.Invokers$Holder.invokeExact_MT(java.lang.Object, java.lang.Object, java.lang.Object, java.lang.Object, java.lang.Object)'> (0x00000000eae92f50) 
thrown [s\src\hotspot\share\interpreter\linkResolver.cpp, line 773]
Event: 0.439 Thread 0x000001fffd6661f0 Exception <a 'java/lang/NoSuchMethodError'{0x00000000eaf4bb60}: 'int java.lang.invoke.DirectMethodHandle$Holder.invokeSpecial(java.lang.Object, java.lang.Object, java.lang.Object, int)'> (0x00000000eaf4bb60) 
thrown [s\src\hotspot\share\interpreter\linkResolver.cpp, line 773]
Event: 0.442 Thread 0x000001fffd6661f0 Exception <a 'java/lang/NoSuchMethodError'{0x00000000eaf5e548}: 'java.lang.Object java.lang.invoke.DirectMethodHandle$Holder.invokeStatic(java.lang.Object, java.lang.Object, java.lang.Object, java.lang.Object, int)'> (0x00000000eaf5e548) 
thrown [s\src\hotspot\share\interpreter\linkResolver.cpp, line 773]
Event: 0.445 Thread 0x000001fffd6661f0 Exception <a 'java/lang/NoSuchMethodError'{0x00000000eaf699f0}: 'void java.lang.invoke.DelegatingMethodHandle$Holder.reinvoke_L(java.lang.Object, java.lang.Object, java.lang.Object, int, java.lang.Object)'> (0x00000000eaf699f0) 
thrown [s\src\hotspot\share\interpreter\linkResolver.cpp, line 773]
Event: 0.451 Thread 0x000001fffd6661f0 Exception <a 'java/lang/NoSuchMethodError'{0x00000000eaf7a340}: 'int java.lang.invoke.DirectMethodHandle$Holder.invokeSpecial(java.lang.Object, java.lang.Object, java.lang.Object)'> (0x00000000eaf7a340) 
thrown [s\src\hotspot\share\interpreter\linkResolver.cpp, line 773]
Event: 0.457 Thread 0x000001fffd6661f0 Exception <a 'java/lang/NoSuchMethodError'{0x00000000eaf86000}: 'java.lang.Object java.lang.invoke.DirectMethodHandle$Holder.invokeStatic(java.lang.Object, java.lang.Object, int)'> (0x00000000eaf86000) 
thrown [s\src\hotspot\share\interpreter\linkResolver.cpp, line 773]
Event: 0.463 Thread 0x000001fffd6661f0 Exception <a 'java/lang/NoSuchMethodError'{0x00000000eaf8a950}: 'void java.lang.invoke.DirectMethodHandle$Holder.invokeStatic(java.lang.Object, java.lang.Object, int, java.lang.Object)'> (0x00000000eaf8a950) 
thrown [s\src\hotspot\share\interpreter\linkResolver.cpp, line 773]
Event: 0.464 Thread 0x000001fffd6661f0 Exception <a 'java/lang/NoSuchMethodError'{0x00000000eaf8e4e0}: 'void java.lang.invoke.DirectMethodHandle$Holder.invokeSpecial(java.lang.Object, java.lang.Object, java.lang.Object, int, java.lang.Object)'> (0x00000000eaf8e4e0) 
thrown [s\src\hotspot\share\interpreter\linkResolver.cpp, line 773]
Event: 0.467 Thread 0x000001fffd6661f0 Exception <a 'java/lang/NoSuchMethodError'{0x00000000eaf91950}: 'void java.lang.invoke.DelegatingMethodHandle$Holder.delegate(java.lang.Object, java.lang.Object, int, java.lang.Object)'> (0x00000000eaf91950) 
thrown [s\src\hotspot\share\interpreter\linkResolver.cpp, line 773]
Event: 0.613 Thread 0x000001fffd6661f0 Exception <a 'java/lang/NoSuchMethodError'{0x00000000eb14ddc0}: 'void java.lang.invoke.DelegatingMethodHandle$Holder.reinvoke_L(java.lang.Object, java.lang.Object, java.lang.Object, int)'> (0x00000000eb14ddc0) 
thrown [s\src\hotspot\share\interpreter\linkResolver.cpp, line 773]
Event: 1.022 Thread 0x000001fffd6661f0 Exception <a 'java/lang/NoSuchMethodError'{0x00000000eb5d6068}: 'void java.lang.invoke.DirectMethodHandle$Holder.invokeVirtual(java.lang.Object, java.lang.Object)'> (0x00000000eb5d6068) 
thrown [s\src\hotspot\share\interpreter\linkResolver.cpp, line 773]
Event: 1.422 Thread 0x000001fffd6661f0 Exception <a 'java/lang/ClassNotFoundException'{0x00000000eb9c30c8}: sun/net/www/protocol/c/Handler> (0x00000000eb9c30c8) 
thrown [s\src\hotspot\share\classfile\systemDictionary.cpp, line 312]
Event: 1.474 Thread 0x000001fffd6661f0 Exception <a 'java/io/FileNotFoundException'{0x00000000eb9d7eb8}> (0x00000000eb9d7eb8) 
thrown [s\src\hotspot\share\prims\jni.cpp, line 520]
Event: 1.476 Thread 0x000001fffd6661f0 Exception <a 'java/io/FileNotFoundException'{0x00000000eb9dcb38}> (0x00000000eb9dcb38) 
thrown [s\src\hotspot\share\prims\jni.cpp, line 520]
Event: 1.477 Thread 0x000001fffd6661f0 Exception <a 'java/io/FileNotFoundException'{0x00000000eb9dd7b0}> (0x00000000eb9dd7b0) 
thrown [s\src\hotspot\share\prims\jni.cpp, line 520]
Event: 1.477 Thread 0x000001fffd6661f0 Exception <a 'java/io/FileNotFoundException'{0x00000000eb9de2f0}> (0x00000000eb9de2f0) 
thrown [s\src\hotspot\share\prims\jni.cpp, line 520]
Event: 1.481 Thread 0x000001fffd6661f0 Implicit null exception at 0x000001ff8ac317a4 to 0x000001ff8ac31d38
Event: 1.486 Thread 0x000001fffd6661f0 Exception <a 'java/io/FileNotFoundException'{0x00000000eba16740}> (0x00000000eba16740) 
thrown [s\src\hotspot\share\prims\jni.cpp, line 520]
Event: 2.142 Thread 0x000001fffd6661f0 Exception <a 'java/lang/NoSuchMethodError'{0x00000000ebea4a98}: 'java.lang.ClassLoader java.lang.ClassLoader.getPlatformClassLoader(java.lang.Class)'> (0x00000000ebea4a98) 
thrown [s\src\hotspot\share\interpreter\linkResolver.cpp, line 773]

ZGC Phase Switch (0 events):
No events

VM Operations (10 events):
Event: 0.226 Executing VM operation: HandshakeAllThreads (Deoptimize)
Event: 0.226 Executing VM operation: HandshakeAllThreads (Deoptimize) done
Event: 0.393 Executing VM operation: HandshakeAllThreads (Deoptimize)
Event: 0.393 Executing VM operation: HandshakeAllThreads (Deoptimize) done
Event: 1.333 Executing VM operation: HandshakeAllThreads (Deoptimize)
Event: 1.333 Executing VM operation: HandshakeAllThreads (Deoptimize) done
Event: 1.333 Executing VM operation: Cleanup
Event: 1.333 Executing VM operation: Cleanup done
Event: 1.409 Executing VM operation: HandshakeAllThreads (Deoptimize)
Event: 1.409 Executing VM operation: HandshakeAllThreads (Deoptimize) done

Memory protections (0 events):
No events

Nmethod flushes (0 events):
No events

Events (14 events):
Event: 0.099 Thread 0x000001fffd6661f0 Thread added: 0x000001fffd6661f0
Event: 0.127 Thread 0x000001fffd6661f0 Thread added: 0x000001ff92273fe0
Event: 0.127 Thread 0x000001fffd6661f0 Thread added: 0x000001ff92275710
Event: 0.128 Thread 0x000001fffd6661f0 Thread added: 0x000001ff922782a0
Event: 0.128 Thread 0x000001fffd6661f0 Thread added: 0x000001ff922791b0
Event: 0.128 Thread 0x000001fffd6661f0 Thread added: 0x000001ff9227cbc0
Event: 0.129 Thread 0x000001fffd6661f0 Thread added: 0x000001ff9227ff90
Event: 0.129 Thread 0x000001fffd6661f0 Thread added: 0x000001ff92286db0
Event: 0.132 Thread 0x000001fffd6661f0 Thread added: 0x000001ff922eed60
Event: 0.182 Thread 0x000001fffd6661f0 Thread added: 0x000001ff9232d770
Event: 0.856 Thread 0x000001fffd6661f0 Thread added: 0x000001ffd8283ad0
Event: 0.860 Thread 0x000001ff922eed60 Thread added: 0x000001ffd82ee800
Event: 1.591 Thread 0x000001ffd82ee800 Thread exited: 0x000001ffd82ee800
Event: 2.237 Thread 0x000001ff922eed60 Thread added: 0x000001ffd87178e0


Dynamic libraries:
0x00007ff676c40000 - 0x00007ff676c4e000 	c:\Users\Asus\.vscode\extensions\redhat.java-1.41.1-win32-x64\jre\21.0.6-win32-x86_64\bin\java.exe
0x00007ffc07690000 - 0x00007ffc078a7000 	C:\WINDOWS\SYSTEM32\ntdll.dll
0x00007ffc06010000 - 0x00007ffc060d4000 	C:\WINDOWS\System32\KERNEL32.DLL
0x00007ffc04e30000 - 0x00007ffc05203000 	C:\WINDOWS\System32\KERNELBASE.dll
0x00007ffc05210000 - 0x00007ffc05321000 	C:\WINDOWS\System32\ucrtbase.dll
0x00007ffbbbf10000 - 0x00007ffbbbf28000 	c:\Users\Asus\.vscode\extensions\redhat.java-1.41.1-win32-x64\jre\21.0.6-win32-x86_64\bin\jli.dll
0x00007ffc053e0000 - 0x00007ffc05591000 	C:\WINDOWS\System32\USER32.dll
0x00007ffc04e00000 - 0x00007ffc04e26000 	C:\WINDOWS\System32\win32u.dll
0x00007ffc07330000 - 0x00007ffc07359000 	C:\WINDOWS\System32\GDI32.dll
0x00007ffc04ad0000 - 0x00007ffc04beb000 	C:\WINDOWS\System32\gdi32full.dll
0x00007ffc04d30000 - 0x00007ffc04dca000 	C:\WINDOWS\System32\msvcp_win.dll
0x00007ffbbb900000 - 0x00007ffbbb91e000 	c:\Users\Asus\.vscode\extensions\redhat.java-1.41.1-win32-x64\jre\21.0.6-win32-x86_64\bin\VCRUNTIME140.dll
0x00007ffbf82a0000 - 0x00007ffbf8538000 	C:\WINDOWS\WinSxS\amd64_microsoft.windows.common-controls_6595b64144ccf1df_6.0.22621.5124_none_270e8f4f7386d69d\COMCTL32.dll
0x00007ffc05ee0000 - 0x00007ffc05f87000 	C:\WINDOWS\System32\msvcrt.dll
0x00007ffc07210000 - 0x00007ffc07241000 	C:\WINDOWS\System32\IMM32.DLL
0x00007ffbfe680000 - 0x00007ffbfe68c000 	c:\Users\Asus\.vscode\extensions\redhat.java-1.41.1-win32-x64\jre\21.0.6-win32-x86_64\bin\vcruntime140_1.dll
0x00007ffbb0e70000 - 0x00007ffbb0efd000 	c:\Users\Asus\.vscode\extensions\redhat.java-1.41.1-win32-x64\jre\21.0.6-win32-x86_64\bin\msvcp140.dll
0x00007ffb4d620000 - 0x00007ffb4e3b0000 	c:\Users\Asus\.vscode\extensions\redhat.java-1.41.1-win32-x64\jre\21.0.6-win32-x86_64\bin\server\jvm.dll
0x00007ffc07480000 - 0x00007ffc07531000 	C:\WINDOWS\System32\ADVAPI32.dll
0x00007ffc05330000 - 0x00007ffc053d8000 	C:\WINDOWS\System32\sechost.dll
0x00007ffc04dd0000 - 0x00007ffc04df8000 	C:\WINDOWS\System32\bcrypt.dll
0x00007ffc05a20000 - 0x00007ffc05b34000 	C:\WINDOWS\System32\RPCRT4.dll
0x00007ffc05f90000 - 0x00007ffc06001000 	C:\WINDOWS\System32\WS2_32.dll
0x00007ffc04670000 - 0x00007ffc046bd000 	C:\WINDOWS\SYSTEM32\POWRPROF.dll
0x00007ffbfd5e0000 - 0x00007ffbfd614000 	C:\WINDOWS\SYSTEM32\WINMM.dll
0x00007ffbfa520000 - 0x00007ffbfa52a000 	C:\WINDOWS\SYSTEM32\VERSION.dll
0x00007ffc04650000 - 0x00007ffc04663000 	C:\WINDOWS\SYSTEM32\UMPDC.dll
0x00007ffc037d0000 - 0x00007ffc037e8000 	C:\WINDOWS\SYSTEM32\kernel.appcore.dll
0x00007ffbfa300000 - 0x00007ffbfa30a000 	c:\Users\Asus\.vscode\extensions\redhat.java-1.41.1-win32-x64\jre\21.0.6-win32-x86_64\bin\jimage.dll
0x00007ffc01c20000 - 0x00007ffc01e52000 	C:\WINDOWS\SYSTEM32\DBGHELP.DLL
0x00007ffc06150000 - 0x00007ffc064e2000 	C:\WINDOWS\System32\combase.dll
0x00007ffc06880000 - 0x00007ffc06957000 	C:\WINDOWS\System32\OLEAUT32.dll
0x00007ffbe3cb0000 - 0x00007ffbe3ce2000 	C:\WINDOWS\SYSTEM32\dbgcore.DLL
0x00007ffc04910000 - 0x00007ffc0498b000 	C:\WINDOWS\System32\bcryptPrimitives.dll
0x00007ffbf6b10000 - 0x00007ffbf6b1f000 	c:\Users\Asus\.vscode\extensions\redhat.java-1.41.1-win32-x64\jre\21.0.6-win32-x86_64\bin\instrument.dll
0x00007ffbbb270000 - 0x00007ffbbb28f000 	c:\Users\Asus\.vscode\extensions\redhat.java-1.41.1-win32-x64\jre\21.0.6-win32-x86_64\bin\java.dll
0x00007ffc06960000 - 0x00007ffc071f6000 	C:\WINDOWS\System32\SHELL32.dll
0x00007ffc04bf0000 - 0x00007ffc04d2f000 	C:\WINDOWS\System32\wintypes.dll
0x00007ffc026c0000 - 0x00007ffc02fda000 	C:\WINDOWS\SYSTEM32\windows.storage.dll
0x00007ffc07540000 - 0x00007ffc0764a000 	C:\WINDOWS\System32\SHCORE.dll
0x00007ffc07250000 - 0x00007ffc072b3000 	C:\WINDOWS\System32\shlwapi.dll
0x00007ffc046d0000 - 0x00007ffc046fb000 	C:\WINDOWS\SYSTEM32\profapi.dll
0x00007ffbbb250000 - 0x00007ffbbb268000 	c:\Users\Asus\.vscode\extensions\redhat.java-1.41.1-win32-x64\jre\21.0.6-win32-x86_64\bin\zip.dll
0x00007ffbf85d0000 - 0x00007ffbf85e0000 	C:\Users\Asus\.vscode\extensions\redhat.java-1.41.1-win32-x64\jre\21.0.6-win32-x86_64\bin\net.dll
0x00007ffbfd120000 - 0x00007ffbfd24c000 	C:\WINDOWS\SYSTEM32\WINHTTP.dll
0x00007ffc03c50000 - 0x00007ffc03cba000 	C:\WINDOWS\system32\mswsock.dll
0x00007ffbb2260000 - 0x00007ffbb2276000 	C:\Users\Asus\.vscode\extensions\redhat.java-1.41.1-win32-x64\jre\21.0.6-win32-x86_64\bin\nio.dll
0x00007ffbf3830000 - 0x00007ffbf3840000 	c:\Users\Asus\.vscode\extensions\redhat.java-1.41.1-win32-x64\jre\21.0.6-win32-x86_64\bin\verify.dll

dbghelp: loaded successfully - version: 4.0.5 - missing functions: none
symbol engine: initialized successfully - sym options: 0x614 - pdb path: .;c:\Users\Asus\.vscode\extensions\redhat.java-1.41.1-win32-x64\jre\21.0.6-win32-x86_64\bin;C:\WINDOWS\SYSTEM32;C:\WINDOWS\WinSxS\amd64_microsoft.windows.common-controls_6595b64144ccf1df_6.0.22621.5124_none_270e8f4f7386d69d;c:\Users\Asus\.vscode\extensions\redhat.java-1.41.1-win32-x64\jre\21.0.6-win32-x86_64\bin\server

VM Arguments:
jvm_args: --add-modules=ALL-SYSTEM --add-opens=java.base/java.util=ALL-UNNAMED --add-opens=java.base/java.lang=ALL-UNNAMED --add-opens=java.base/sun.nio.fs=ALL-UNNAMED -Declipse.application=org.eclipse.jdt.ls.core.id1 -Dosgi.bundles.defaultStartLevel=4 -Declipse.product=org.eclipse.jdt.ls.core.product -Djava.import.generatesMetadataFilesAtProjectRoot=false -DDetectVMInstallationsJob.disabled=true -Dfile.encoding=utf8 -XX:+UseParallelGC -XX:GCTimeRatio=4 -XX:AdaptiveSizePolicyWeight=90 -Dsun.zip.disableMemoryMapping=true -Xmx1G -Xms100m -Xlog:disable -javaagent:c:\Users\Asus\.vscode\extensions\redhat.java-1.41.1-win32-x64\lombok\lombok-1.18.36.jar 
java_command: c:\Users\Asus\.vscode\extensions\redhat.java-1.41.1-win32-x64\server\plugins\org.eclipse.equinox.launcher_1.7.0.v20250331-1702.jar -configuration c:\Users\Asus\AppData\Roaming\Code\User\globalStorage\redhat.java\1.41.1\config_ss_win -data c:\Users\Asus\AppData\Roaming\Code\User\workspaceStorage\5a71ffec40ce7814857ed8f94d27170f\redhat.java\ss_ws --pipe=\\.\pipe\lsp-799ab529999076318478e5c215252651-sock
java_class_path (initial): c:\Users\Asus\.vscode\extensions\redhat.java-1.41.1-win32-x64\server\plugins\org.eclipse.equinox.launcher_1.7.0.v20250331-1702.jar
Launcher Type: SUN_STANDARD

[Global flags]
    uintx AdaptiveSizePolicyWeight                 = 90                                        {product} {command line}
     intx CICompilerCount                          = 3                                         {product} {ergonomic}
    uintx GCTimeRatio                              = 4                                         {product} {command line}
   size_t InitialHeapSize                          = 104857600                                 {product} {command line}
   size_t MaxHeapSize                              = 1073741824                                {product} {command line}
   size_t MaxNewSize                               = 357564416                                 {product} {ergonomic}
   size_t MinHeapDeltaBytes                        = 524288                                    {product} {ergonomic}
   size_t MinHeapSize                              = 104857600                                 {product} {command line}
   size_t NewSize                                  = 34603008                                  {product} {ergonomic}
    uintx NonNMethodCodeHeapSize                   = 5832780                                {pd product} {ergonomic}
    uintx NonProfiledCodeHeapSize                  = 122912730                              {pd product} {ergonomic}
   size_t OldSize                                  = 70254592                                  {product} {ergonomic}
    uintx ProfiledCodeHeapSize                     = 122912730                              {pd product} {ergonomic}
    uintx ReservedCodeCacheSize                    = 251658240                              {pd product} {ergonomic}
     bool SegmentedCodeCache                       = true                                      {product} {ergonomic}
   size_t SoftMaxHeapSize                          = 1073741824                             {manageable} {ergonomic}
     bool UseCompressedOops                        = true                           {product lp64_product} {ergonomic}
     bool UseLargePagesIndividualAllocation        = false                                  {pd product} {ergonomic}
     bool UseParallelGC                            = true                                      {product} {command line}

Logging:
Log output configuration:
 #0: stdout all=off uptime,level,tags foldmultilines=false
 #1: stderr all=off uptime,level,tags foldmultilines=false

Environment Variables:
JAVA_HOME=E:\SOFTWARE\jdk-17.0.11_windows-x64_bin\jdk-17.0.11
PATH=E:\SOFTWARE\VMWare\bin\;E:\SOFTWARE\jdk-17.0.11_windows-x64_bin\jdk-17.0.11\bin;E:\SOFTWARE\jdk-21_windows-x64_bin\jdk-21.0.5;E:\SOFTWARE\sonar-scanner-cli-6.2.1.4610-windows-x64\sonar-scanner-6.2.1.4610-windows-x64\bin;C:\Program Files\Common Files\Oracle\Java\javapath;C:\Program Files (x86)\Common Files\Oracle\Java\java8path;C:\Program Files (x86)\Common Files\Oracle\Java\javapath;D:\app\Asus\product\11.2.0\bin;C:\Program Files (x86)\Common Files\Intel\Shared Libraries\redist\intel64\compiler;C:\WINDOWS\system32;C:\WINDOWS;C:\WINDOWS\System32\Wbem;C:\WINDOWS\System32\WindowsPowerShell\v1.0\;C:\WINDOWS\System32\OpenSSH\;D:\software\Git\cmd;C:\XAMPP\mysql\bin;C:\ProgramData\chocolatey\bin;C:\Program Files\nodejs\;C:\xampp\php;C:\ProgramData\ComposerSetup\bin;E:\explore\SPRING BOOT\apache-maven-3.9.9-bin\apache-maven-3.9.9\bin;C:\Program Files\Go\bin;C:\Users\Asus\AppData\Local\Android\Sdk\platform-tools;C:\Users\Asus\AppData\Local\Programs\Python\Launcher\;C:\Users\Asus\AppData\Local\Microsoft\WindowsApps;C:\Users\Asus\AppData\Local\Programs\Microsoft VS Code\bin;C:\Program Files (x86)\mingw32\bin;C:\msys64\ucrt64\bin;C:\Users\Asus\AppData\Roaming\npm;C:\Users\Asus\AppData\Roaming\Composer\vendor\bin;C:\Users\Asus\go\bin;E:\explore\WEB\project-1\app\tvs\flutter\bin;
USERNAME=Asus
OS=Windows_NT
PROCESSOR_IDENTIFIER=AMD64 Family 23 Model 24 Stepping 1, AuthenticAMD
TMP=C:\Users\Asus\AppData\Local\Temp
TEMP=C:\Users\Asus\AppData\Local\Temp




Periodic native trim disabled

---------------  S Y S T E M  ---------------

OS:
 Windows 11 , 64 bit Build 22621 (10.0.22621.5124)
OS uptime: 0 days 4:11 hours

CPU: total 4 (initial active 4) (4 cores per cpu, 2 threads per core) family 23 model 24 stepping 1 microcode 0x0, cx8, cmov, fxsr, ht, mmx, 3dnowpref, sse, sse2, sse3, ssse3, sse4a, sse4.1, sse4.2, popcnt, lzcnt, tsc, tscinvbit, avx, avx2, aes, clmul, bmi1, bmi2, adx, sha, fma, vzeroupper, clflush, clflushopt, rdtscp, f16c
Processor Information for the first 4 processors :
  Max Mhz: 2600, Current Mhz: 2600, Mhz Limit: 2600

Memory: 4k page, system-wide physical 14286M (4059M free)
TotalPageFile size 14286M (AvailPageFile size 2M)
current process WorkingSet (physical memory assigned to process): 72M, peak: 72M
current process commit charge ("private bytes"): 187M, peak: 187M

vm_info: OpenJDK 64-Bit Server VM (21.0.6+7-LTS) for windows-amd64 JRE (21.0.6+7-LTS), built on 2025-01-21T00:00:00Z by "admin" with MS VC++ 17.7 (VS2022)

END.
