#
# There is insufficient memory for the Java Runtime Environment to continue.
# Native memory allocation (malloc) failed to allocate 108176 bytes. Error detail: Chunk::new
# Possible reasons:
#   The system is out of physical RAM or swap space
#   This process is running with CompressedOops enabled, and the Java Heap may be blocking the growth of the native heap
# Possible solutions:
#   Reduce memory load on the system
#   Increase physical memory or swap space
#   Check if swap backing store is full
#   Decrease Java heap size (-Xmx/-Xms)
#   Decrease number of Java threads
#   Decrease Java thread stack sizes (-Xss)
#   Set larger code cache with -XX:ReservedCodeCacheSize=
#   JVM is running with Unscaled Compressed Oops mode in which the Java heap is
#     placed in the first 4GB address space. The Java Heap base address is the
#     maximum limit for the native heap growth. Please use -XX:HeapBaseMinAddress
#     to set the Java Heap base and to place the Java Heap above 4GB virtual address.
# This output file may be truncated or incomplete.
#
#  Out of Memory Error (arena.cpp:168), pid=15996, tid=13824
#
# JRE version: OpenJDK Runtime Environment Temurin-21.0.7+6 (21.0.7+6) (build 21.0.7+6-LTS)
# Java VM: OpenJDK 64-Bit Server VM Temurin-21.0.7+6 (21.0.7+6-LTS, mixed mode, sharing, tiered, compressed oops, compressed class ptrs, parallel gc, windows-amd64)
# No core dump will be written. Minidumps are not enabled by default on client versions of Windows
#

---------------  S U M M A R Y ------------

Command Line: --add-modules=ALL-SYSTEM --add-opens=java.base/java.util=ALL-UNNAMED --add-opens=java.base/java.lang=ALL-UNNAMED --add-opens=java.base/sun.nio.fs=ALL-UNNAMED -Declipse.application=org.eclipse.jdt.ls.core.id1 -Dosgi.bundles.defaultStartLevel=4 -Declipse.product=org.eclipse.jdt.ls.core.product -Djava.import.generatesMetadataFilesAtProjectRoot=false -DDetectVMInstallationsJob.disabled=true -Dfile.encoding=utf8 -XX:+UseParallelGC -XX:GCTimeRatio=4 -XX:AdaptiveSizePolicyWeight=90 -Dsun.zip.disableMemoryMapping=true -Xmx1G -Xms100m -Xlog:disable -javaagent:c:\Users\Asus\.vscode\extensions\redhat.java-1.42.0-win32-x64\lombok\lombok-1.18.36.jar c:\Users\Asus\.vscode\extensions\redhat.java-1.42.0-win32-x64\server\plugins\org.eclipse.equinox.launcher_1.7.0.v20250424-1814.jar -configuration c:\Users\Asus\AppData\Roaming\Code\User\globalStorage\redhat.java\1.42.0\config_ss_win -data c:\Users\Asus\AppData\Roaming\Code\User\workspaceStorage\a8035e0fcaa7a187a70305dbaf1ca7ec\redhat.java\ss_ws --pipe=\\.\pipe\lsp-9cdd2233a73fdd413de7bf55970bb458-sock

Host: AMD Ryzen 3 3250U with Radeon Graphics         , 4 cores, 13G,  Windows 11 , 64 bit Build 22621 (10.0.22621.5415)
Time: Mon Jun 16 09:32:41 2025 SE Asia Standard Time elapsed time: 1.312227 seconds (0d 0h 0m 1s)

---------------  T H R E A D  ---------------

Current thread (0x000001ad63147560):  JavaThread "C2 CompilerThread0" daemon [_thread_in_native, id=13824, stack(0x00000028c6200000,0x00000028c6300000) (1024K)]


Current CompileTask:
C2:1312  680       4       lombok.patcher.scripts.MethodLevelPatchScript::patch (21 bytes)

Stack: [0x00000028c6200000,0x00000028c6300000]
Native frames: (J=compiled Java code, j=interpreted, Vv=VM code, C=native code)
V  [jvm.dll+0x6ce119]
V  [jvm.dll+0x8a84a1]
V  [jvm.dll+0x8aa9ce]
V  [jvm.dll+0x8ab0b3]
V  [jvm.dll+0x27f8a6]
V  [jvm.dll+0xc507d]
V  [jvm.dll+0xc55b3]
V  [jvm.dll+0x2f2c6d]
V  [jvm.dll+0x5f6bca]
V  [jvm.dll+0x250cb2]
V  [jvm.dll+0x24918e]
V  [jvm.dll+0x246fc4]
V  [jvm.dll+0x1c760e]
V  [jvm.dll+0x25695a]
V  [jvm.dll+0x254efa]
V  [jvm.dll+0x3f03f6]
V  [jvm.dll+0x851f6b]
V  [jvm.dll+0x6cc7dd]
C  [ucrtbase.dll+0x29333]
C  [KERNEL32.DLL+0x1259d]
C  [ntdll.dll+0x5af78]


---------------  P R O C E S S  ---------------

Threads class SMR info:
_java_thread_list=0x000001ad6829afd0, length=12, elements={
0x000001ad0dcb5fa0, 0x000001ad6313d760, 0x000001ad6313e7c0, 0x000001ad63141200,
0x000001ad63142110, 0x000001ad63145ce0, 0x000001ad63146730, 0x000001ad63147560,
0x000001ad631b8040, 0x000001ad6804a740, 0x000001ad68271190, 0x000001ad6827ea10
}

Java Threads: ( => current thread )
  0x000001ad0dcb5fa0 JavaThread "main"                              [_thread_in_Java, id=11444, stack(0x00000028c5800000,0x00000028c5900000) (1024K)]
  0x000001ad6313d760 JavaThread "Reference Handler"          daemon [_thread_blocked, id=11168, stack(0x00000028c5c00000,0x00000028c5d00000) (1024K)]
  0x000001ad6313e7c0 JavaThread "Finalizer"                  daemon [_thread_blocked, id=9000, stack(0x00000028c5d00000,0x00000028c5e00000) (1024K)]
  0x000001ad63141200 JavaThread "Signal Dispatcher"          daemon [_thread_blocked, id=9688, stack(0x00000028c5e00000,0x00000028c5f00000) (1024K)]
  0x000001ad63142110 JavaThread "Attach Listener"            daemon [_thread_blocked, id=2096, stack(0x00000028c5f00000,0x00000028c6000000) (1024K)]
  0x000001ad63145ce0 JavaThread "Service Thread"             daemon [_thread_blocked, id=14844, stack(0x00000028c6000000,0x00000028c6100000) (1024K)]
  0x000001ad63146730 JavaThread "Monitor Deflation Thread"   daemon [_thread_blocked, id=15900, stack(0x00000028c6100000,0x00000028c6200000) (1024K)]
=>0x000001ad63147560 JavaThread "C2 CompilerThread0"         daemon [_thread_in_native, id=13824, stack(0x00000028c6200000,0x00000028c6300000) (1024K)]
  0x000001ad631b8040 JavaThread "C1 CompilerThread0"         daemon [_thread_in_native, id=8316, stack(0x00000028c6300000,0x00000028c6400000) (1024K)]
  0x000001ad6804a740 JavaThread "Common-Cleaner"             daemon [_thread_blocked, id=14764, stack(0x00000028c6400000,0x00000028c6500000) (1024K)]
  0x000001ad68271190 JavaThread "Notification Thread"        daemon [_thread_blocked, id=6444, stack(0x00000028c6500000,0x00000028c6600000) (1024K)]
  0x000001ad6827ea10 JavaThread "C2 CompilerThread1"         daemon [_thread_in_native, id=3472, stack(0x00000028c6600000,0x00000028c6700000) (1024K)]
Total: 12

Other Threads:
  0x000001ad6311e8a0 VMThread "VM Thread"                           [id=13832, stack(0x00000028c5b00000,0x00000028c5c00000) (1024K)]
  0x000001ad630dca00 WatcherThread "VM Periodic Task Thread"        [id=14524, stack(0x00000028c5a00000,0x00000028c5b00000) (1024K)]
  0x000001ad0dcd3130 WorkerThread "GC Thread#0"                     [id=14176, stack(0x00000028c5900000,0x00000028c5a00000) (1024K)]
Total: 3

Threads with active compile tasks:
C2 CompilerThread0  1672  680       4       lombok.patcher.scripts.MethodLevelPatchScript::patch (21 bytes)
C1 CompilerThread0  1672  689       3       java.math.BigInteger::implMulAddCheck (176 bytes)
C2 CompilerThread1  1672  674       4       lombok.patcher.PatchScript::classMatches (41 bytes)
Total: 3

VM state: not at safepoint (normal execution)

VM Mutex/Monitor currently owned by a thread: None

Heap address: 0x00000000c0000000, size: 1024 MB, Compressed Oops mode: 32-bit

CDS archive(s) mapped at: [0x000001ad22000000-0x000001ad22ba0000-0x000001ad22ba0000), size 12189696, SharedBaseAddress: 0x000001ad22000000, ArchiveRelocationMode: 1.
Compressed class space mapped at: 0x000001ad23000000-0x000001ad63000000, reserved size: 1073741824
Narrow klass base: 0x000001ad22000000, Narrow klass shift: 0, Narrow klass range: 0x100000000

GC Precious Log:
 CardTable entry size: 512
 CPUs: 4 total, 4 available
 Memory: 14286M
 Large Page Support: Disabled
 NUMA Support: Disabled
 Compressed Oops: Enabled (32-bit)
 Alignments: Space 512K, Generation 512K, Heap 2M
 Heap Min Capacity: 100M
 Heap Initial Capacity: 100M
 Heap Max Capacity: 1G
 Pre-touch: Disabled
 Parallel Workers: 4

Heap:
 PSYoungGen      total 29696K, used 16053K [0x00000000eab00000, 0x00000000ecc00000, 0x0000000100000000)
  eden space 25600K, 62% used [0x00000000eab00000,0x00000000ebaad560,0x00000000ec400000)
  from space 4096K, 0% used [0x00000000ec800000,0x00000000ec800000,0x00000000ecc00000)
  to   space 4096K, 0% used [0x00000000ec400000,0x00000000ec400000,0x00000000ec800000)
 ParOldGen       total 68608K, used 0K [0x00000000c0000000, 0x00000000c4300000, 0x00000000eab00000)
  object space 68608K, 0% used [0x00000000c0000000,0x00000000c0000000,0x00000000c4300000)
 Metaspace       used 3046K, committed 3264K, reserved 1114112K
  class space    used 311K, committed 384K, reserved 1048576K

Card table byte_map: [0x000001ad0d670000,0x000001ad0d880000] _byte_map_base: 0x000001ad0d070000

Marking Bits: (ParMarkBitMap*) 0x00007ff9e34f31f0
 Begin Bits: [0x000001ad1fea0000, 0x000001ad20ea0000)
 End Bits:   [0x000001ad20ea0000, 0x000001ad21ea0000)

Polling page: 0x000001ad0baa0000

Metaspace:

Usage:
  Non-class:      2.67 MB used.
      Class:    311.71 KB used.
       Both:      2.97 MB used.

Virtual space:
  Non-class space:       64.00 MB reserved,       2.81 MB (  4%) committed,  1 nodes.
      Class space:        1.00 GB reserved,     384.00 KB ( <1%) committed,  1 nodes.
             Both:        1.06 GB reserved,       3.19 MB ( <1%) committed. 

Chunk freelists:
   Non-Class:  11.54 MB
       Class:  15.65 MB
        Both:  27.19 MB

MaxMetaspaceSize: unlimited
CompressedClassSpaceSize: 1.00 GB
Initial GC threshold: 21.00 MB
Current GC threshold: 21.00 MB
CDS: on
 - commit_granule_bytes: 65536.
 - commit_granule_words: 8192.
 - virtual_space_node_default_size: 8388608.
 - enlarge_chunks_in_place: 1.
 - use_allocation_guard: 0.


Internal statistics:

num_allocs_failed_limit: 0.
num_arena_births: 112.
num_arena_deaths: 0.
num_vsnodes_births: 2.
num_vsnodes_deaths: 0.
num_space_committed: 51.
num_space_uncommitted: 0.
num_chunks_returned_to_freelist: 0.
num_chunks_taken_from_freelist: 140.
num_chunk_merges: 0.
num_chunk_splits: 96.
num_chunks_enlarged: 60.
num_inconsistent_stats: 0.

CodeHeap 'non-profiled nmethods': size=120000Kb used=272Kb max_used=272Kb free=119727Kb
 bounds [0x000001ad18970000, 0x000001ad18be0000, 0x000001ad1fea0000]
CodeHeap 'profiled nmethods': size=120000Kb used=1004Kb max_used=1004Kb free=118995Kb
 bounds [0x000001ad10ea0000, 0x000001ad11110000, 0x000001ad183d0000]
CodeHeap 'non-nmethods': size=5760Kb used=1186Kb max_used=1195Kb free=4573Kb
 bounds [0x000001ad183d0000, 0x000001ad18640000, 0x000001ad18970000]
 total_blobs=1166 nmethods=719 adapters=354
 compilation: enabled
              stopped_count=0, restarted_count=0
 full_count=0

Compilation events (20 events):
Event: 1.260 Thread 0x000001ad631b8040 nmethod 676 0x000001ad10f96d10 code [0x000001ad10f96ec0, 0x000001ad10f97038]
Event: 1.260 Thread 0x000001ad631b8040  677       3       sun.invoke.util.VerifyType::isNullConversion (157 bytes)
Event: 1.261 Thread 0x000001ad631b8040 nmethod 677 0x000001ad10f97110 code [0x000001ad10f97440, 0x000001ad10f98870]
Event: 1.262 Thread 0x000001ad631b8040  678       3       java.lang.invoke.MethodType::erase (8 bytes)
Event: 1.262 Thread 0x000001ad631b8040 nmethod 678 0x000001ad10f98d10 code [0x000001ad10f98ea0, 0x000001ad10f98fd0]
Event: 1.263 Thread 0x000001ad631b8040  679       3       java.lang.invoke.MemberName::getModifiers (8 bytes)
Event: 1.263 Thread 0x000001ad631b8040 nmethod 679 0x000001ad10f99090 code [0x000001ad10f99220, 0x000001ad10f99330]
Event: 1.267 Thread 0x000001ad631b8040  681       3       java.lang.StringUTF16::putChar (54 bytes)
Event: 1.267 Thread 0x000001ad631b8040 nmethod 681 0x000001ad10f99390 code [0x000001ad10f99540, 0x000001ad10f99690]
Event: 1.267 Thread 0x000001ad6827ea10  674       4       lombok.patcher.PatchScript::classMatches (41 bytes)
Event: 1.268 Thread 0x000001ad63147560 nmethod 671 0x000001ad189abf90 code [0x000001ad189ac180, 0x000001ad189ac770]
Event: 1.268 Thread 0x000001ad63147560  672       4       java.util.HashMap::keySet (25 bytes)
Event: 1.270 Thread 0x000001ad63147560 nmethod 672 0x000001ad189acb10 code [0x000001ad189acca0, 0x000001ad189acdb8]
Event: 1.270 Thread 0x000001ad63147560  682       4       java.lang.StringUTF16::putChar (54 bytes)
Event: 1.271 Thread 0x000001ad63147560 nmethod 682 0x000001ad189ace90 code [0x000001ad189ad020, 0x000001ad189ad118]
Event: 1.271 Thread 0x000001ad63147560  673       4       java.util.HashMap$KeySet::iterator (12 bytes)
Event: 1.299 Thread 0x000001ad63147560 nmethod 673 0x000001ad189ad210 code [0x000001ad189ad3c0, 0x000001ad189ad750]
Event: 1.299 Thread 0x000001ad63147560  680       4       lombok.patcher.scripts.MethodLevelPatchScript::patch (21 bytes)
Event: 1.303 Thread 0x000001ad631b8040  683       3       java.lang.instrument.ClassFileTransformer::transform (15 bytes)
Event: 1.303 Thread 0x000001ad631b8040 nmethod 683 0x000001ad10f99790 code [0x000001ad10f99940, 0x000001ad10f99ad8]

GC Heap History (0 events):
No events

Dll operation events (8 events):
Event: 0.017 Loaded shared library c:\Users\Asus\.vscode\extensions\redhat.java-1.42.0-win32-x64\jre\21.0.7-win32-x86_64\bin\java.dll
Event: 0.244 Loaded shared library c:\Users\Asus\.vscode\extensions\redhat.java-1.42.0-win32-x64\jre\21.0.7-win32-x86_64\bin\zip.dll
Event: 0.310 Loaded shared library C:\Users\Asus\.vscode\extensions\redhat.java-1.42.0-win32-x64\jre\21.0.7-win32-x86_64\bin\instrument.dll
Event: 0.317 Loaded shared library C:\Users\Asus\.vscode\extensions\redhat.java-1.42.0-win32-x64\jre\21.0.7-win32-x86_64\bin\net.dll
Event: 0.319 Loaded shared library C:\Users\Asus\.vscode\extensions\redhat.java-1.42.0-win32-x64\jre\21.0.7-win32-x86_64\bin\nio.dll
Event: 0.348 Loaded shared library C:\Users\Asus\.vscode\extensions\redhat.java-1.42.0-win32-x64\jre\21.0.7-win32-x86_64\bin\zip.dll
Event: 0.387 Loaded shared library C:\Users\Asus\.vscode\extensions\redhat.java-1.42.0-win32-x64\jre\21.0.7-win32-x86_64\bin\jimage.dll
Event: 0.576 Loaded shared library c:\Users\Asus\.vscode\extensions\redhat.java-1.42.0-win32-x64\jre\21.0.7-win32-x86_64\bin\verify.dll

Deoptimization events (20 events):
Event: 0.899 Thread 0x000001ad0dcb5fa0 DEOPT PACKING pc=0x000001ad10ee6bd8 sp=0x00000028c58fa420
Event: 0.899 Thread 0x000001ad0dcb5fa0 DEOPT UNPACKING pc=0x000001ad18424242 sp=0x00000028c58f98e0 mode 0
Event: 0.900 Thread 0x000001ad0dcb5fa0 DEOPT PACKING pc=0x000001ad10ee6bd8 sp=0x00000028c58fbda0
Event: 0.900 Thread 0x000001ad0dcb5fa0 DEOPT UNPACKING pc=0x000001ad18424242 sp=0x00000028c58fb260 mode 0
Event: 0.909 Thread 0x000001ad0dcb5fa0 DEOPT PACKING pc=0x000001ad10ee6bd8 sp=0x00000028c58fae40
Event: 0.910 Thread 0x000001ad0dcb5fa0 DEOPT UNPACKING pc=0x000001ad18424242 sp=0x00000028c58fa300 mode 0
Event: 0.912 Thread 0x000001ad0dcb5fa0 DEOPT PACKING pc=0x000001ad10ee6bd8 sp=0x00000028c58fb9e0
Event: 0.912 Thread 0x000001ad0dcb5fa0 DEOPT UNPACKING pc=0x000001ad18424242 sp=0x00000028c58faea0 mode 0
Event: 1.171 Thread 0x000001ad0dcb5fa0 Uncommon trap: trap_request=0xffffff45 fr.pc=0x000001ad189a0c6c relative=0x000000000000014c
Event: 1.171 Thread 0x000001ad0dcb5fa0 Uncommon trap: reason=unstable_if action=reinterpret pc=0x000001ad189a0c6c method=jdk.internal.util.ArraysSupport.vectorizedHashCode(Ljava/lang/Object;IIII)I @ 2 c2
Event: 1.171 Thread 0x000001ad0dcb5fa0 DEOPT PACKING pc=0x000001ad189a0c6c sp=0x00000028c58fcd10
Event: 1.171 Thread 0x000001ad0dcb5fa0 DEOPT UNPACKING pc=0x000001ad18423aa2 sp=0x00000028c58fccc0 mode 2
Event: 1.185 Thread 0x000001ad0dcb5fa0 Uncommon trap: trap_request=0xffffff45 fr.pc=0x000001ad189922f4 relative=0x00000000000000d4
Event: 1.185 Thread 0x000001ad0dcb5fa0 Uncommon trap: reason=unstable_if action=reinterpret pc=0x000001ad189922f4 method=java.net.URI.match(CJJ)Z @ 45 c2
Event: 1.185 Thread 0x000001ad0dcb5fa0 DEOPT PACKING pc=0x000001ad189922f4 sp=0x00000028c58fcfb0
Event: 1.185 Thread 0x000001ad0dcb5fa0 DEOPT UNPACKING pc=0x000001ad18423aa2 sp=0x00000028c58fcf18 mode 2
Event: 1.266 Thread 0x000001ad0dcb5fa0 Uncommon trap: trap_request=0xffffff45 fr.pc=0x000001ad1899141c relative=0x000000000000017c
Event: 1.266 Thread 0x000001ad0dcb5fa0 Uncommon trap: reason=unstable_if action=reinterpret pc=0x000001ad1899141c method=java.lang.StringUTF16.compress([CI[BII)I @ 20 c2
Event: 1.266 Thread 0x000001ad0dcb5fa0 DEOPT PACKING pc=0x000001ad1899141c sp=0x00000028c58fba20
Event: 1.266 Thread 0x000001ad0dcb5fa0 DEOPT UNPACKING pc=0x000001ad18423aa2 sp=0x00000028c58fb990 mode 2

Classes loaded (20 events):
Event: 1.278 Loading class sun/security/rsa/RSASignature$SHA256withRSA
Event: 1.278 Loading class sun/security/rsa/RSASignature
Event: 1.278 Loading class sun/security/rsa/RSASignature done
Event: 1.278 Loading class sun/security/rsa/RSASignature$SHA256withRSA done
Event: 1.278 Loading class sun/security/rsa/RSAPrivateKeyImpl
Event: 1.278 Loading class sun/security/pkcs/PKCS8Key
Event: 1.279 Loading class sun/security/util/InternalPrivateKey
Event: 1.279 Loading class sun/security/util/InternalPrivateKey done
Event: 1.279 Loading class sun/security/pkcs/PKCS8Key done
Event: 1.279 Loading class sun/security/rsa/RSAPrivateKeyImpl done
Event: 1.302 Loading class sun/security/rsa/RSAPrivateCrtKeyImpl
Event: 1.302 Loading class java/security/interfaces/RSAPrivateCrtKey
Event: 1.302 Loading class java/security/interfaces/RSAPrivateCrtKey done
Event: 1.303 Loading class sun/security/rsa/RSAPrivateCrtKeyImpl done
Event: 1.303 Loading class sun/security/rsa/RSACore
Event: 1.303 Loading class sun/security/rsa/RSACore done
Event: 1.303 Loading class sun/security/rsa/RSAPadding
Event: 1.304 Loading class sun/security/rsa/RSAPadding done
Event: 1.304 Loading class java/math/MutableBigInteger
Event: 1.305 Loading class java/math/MutableBigInteger done

Classes unloaded (0 events):
No events

Classes redefined (0 events):
No events

Internal exceptions (12 events):
Event: 0.235 Thread 0x000001ad0dcb5fa0 Exception <a 'java/lang/NoSuchMethodError'{0x00000000ead2a1c8}: 'void java.lang.invoke.DirectMethodHandle$Holder.invokeStatic(java.lang.Object, java.lang.Object, java.lang.Object)'> (0x00000000ead2a1c8) 
thrown [s\src\hotspot\share\interpreter\linkResolver.cpp, line 773]
Event: 0.378 Thread 0x000001ad0dcb5fa0 Exception <a 'java/lang/NoSuchMethodError'{0x00000000eae92fb8}: 'java.lang.Object java.lang.invoke.Invokers$Holder.invokeExact_MT(java.lang.Object, java.lang.Object, java.lang.Object, java.lang.Object, java.lang.Object)'> (0x00000000eae92fb8) 
thrown [s\src\hotspot\share\interpreter\linkResolver.cpp, line 773]
Event: 0.471 Thread 0x000001ad0dcb5fa0 Exception <a 'java/lang/NoSuchMethodError'{0x00000000eaf4bb70}: 'int java.lang.invoke.DirectMethodHandle$Holder.invokeSpecial(java.lang.Object, java.lang.Object, java.lang.Object, int)'> (0x00000000eaf4bb70) 
thrown [s\src\hotspot\share\interpreter\linkResolver.cpp, line 773]
Event: 0.475 Thread 0x000001ad0dcb5fa0 Exception <a 'java/lang/NoSuchMethodError'{0x00000000eaf5e558}: 'java.lang.Object java.lang.invoke.DirectMethodHandle$Holder.invokeStatic(java.lang.Object, java.lang.Object, java.lang.Object, java.lang.Object, int)'> (0x00000000eaf5e558) 
thrown [s\src\hotspot\share\interpreter\linkResolver.cpp, line 773]
Event: 0.477 Thread 0x000001ad0dcb5fa0 Exception <a 'java/lang/NoSuchMethodError'{0x00000000eaf69998}: 'void java.lang.invoke.DelegatingMethodHandle$Holder.reinvoke_L(java.lang.Object, java.lang.Object, java.lang.Object, int, java.lang.Object)'> (0x00000000eaf69998) 
thrown [s\src\hotspot\share\interpreter\linkResolver.cpp, line 773]
Event: 0.482 Thread 0x000001ad0dcb5fa0 Exception <a 'java/lang/NoSuchMethodError'{0x00000000eaf7a2e8}: 'int java.lang.invoke.DirectMethodHandle$Holder.invokeSpecial(java.lang.Object, java.lang.Object, java.lang.Object)'> (0x00000000eaf7a2e8) 
thrown [s\src\hotspot\share\interpreter\linkResolver.cpp, line 773]
Event: 0.484 Thread 0x000001ad0dcb5fa0 Exception <a 'java/lang/NoSuchMethodError'{0x00000000eaf85fa8}: 'java.lang.Object java.lang.invoke.DirectMethodHandle$Holder.invokeStatic(java.lang.Object, java.lang.Object, int)'> (0x00000000eaf85fa8) 
thrown [s\src\hotspot\share\interpreter\linkResolver.cpp, line 773]
Event: 0.486 Thread 0x000001ad0dcb5fa0 Exception <a 'java/lang/NoSuchMethodError'{0x00000000eaf8a8f8}: 'void java.lang.invoke.DirectMethodHandle$Holder.invokeStatic(java.lang.Object, java.lang.Object, int, java.lang.Object)'> (0x00000000eaf8a8f8) 
thrown [s\src\hotspot\share\interpreter\linkResolver.cpp, line 773]
Event: 0.487 Thread 0x000001ad0dcb5fa0 Exception <a 'java/lang/NoSuchMethodError'{0x00000000eaf8e488}: 'void java.lang.invoke.DirectMethodHandle$Holder.invokeSpecial(java.lang.Object, java.lang.Object, java.lang.Object, int, java.lang.Object)'> (0x00000000eaf8e488) 
thrown [s\src\hotspot\share\interpreter\linkResolver.cpp, line 773]
Event: 0.490 Thread 0x000001ad0dcb5fa0 Exception <a 'java/lang/NoSuchMethodError'{0x00000000eaf918f8}: 'void java.lang.invoke.DelegatingMethodHandle$Holder.delegate(java.lang.Object, java.lang.Object, int, java.lang.Object)'> (0x00000000eaf918f8) 
thrown [s\src\hotspot\share\interpreter\linkResolver.cpp, line 773]
Event: 0.651 Thread 0x000001ad0dcb5fa0 Exception <a 'java/lang/NoSuchMethodError'{0x00000000eb14dc70}: 'void java.lang.invoke.DelegatingMethodHandle$Holder.reinvoke_L(java.lang.Object, java.lang.Object, java.lang.Object, int)'> (0x00000000eb14dc70) 
thrown [s\src\hotspot\share\interpreter\linkResolver.cpp, line 773]
Event: 1.160 Thread 0x000001ad0dcb5fa0 Exception <a 'java/lang/NoSuchMethodError'{0x00000000eb5d5ff8}: 'void java.lang.invoke.DirectMethodHandle$Holder.invokeVirtual(java.lang.Object, java.lang.Object)'> (0x00000000eb5d5ff8) 
thrown [s\src\hotspot\share\interpreter\linkResolver.cpp, line 773]

ZGC Phase Switch (0 events):
No events

VM Operations (4 events):
Event: 0.242 Executing VM operation: HandshakeAllThreads (Deoptimize)
Event: 0.242 Executing VM operation: HandshakeAllThreads (Deoptimize) done
Event: 0.421 Executing VM operation: HandshakeAllThreads (Deoptimize)
Event: 0.421 Executing VM operation: HandshakeAllThreads (Deoptimize) done

Memory protections (0 events):
No events

Nmethod flushes (0 events):
No events

Events (14 events):
Event: 0.068 Thread 0x000001ad0dcb5fa0 Thread added: 0x000001ad0dcb5fa0
Event: 0.135 Thread 0x000001ad0dcb5fa0 Thread added: 0x000001ad6313d760
Event: 0.135 Thread 0x000001ad0dcb5fa0 Thread added: 0x000001ad6313e7c0
Event: 0.135 Thread 0x000001ad0dcb5fa0 Thread added: 0x000001ad63141200
Event: 0.135 Thread 0x000001ad0dcb5fa0 Thread added: 0x000001ad63142110
Event: 0.135 Thread 0x000001ad0dcb5fa0 Thread added: 0x000001ad63145ce0
Event: 0.136 Thread 0x000001ad0dcb5fa0 Thread added: 0x000001ad63146730
Event: 0.136 Thread 0x000001ad0dcb5fa0 Thread added: 0x000001ad63147560
Event: 0.151 Thread 0x000001ad0dcb5fa0 Thread added: 0x000001ad631b8040
Event: 0.221 Thread 0x000001ad0dcb5fa0 Thread added: 0x000001ad6804a740
Event: 0.879 Thread 0x000001ad0dcb5fa0 Thread added: 0x000001ad68271190
Event: 0.897 Thread 0x000001ad63147560 Thread added: 0x000001ad6834b530
Event: 1.003 Thread 0x000001ad6834b530 Thread exited: 0x000001ad6834b530
Event: 1.267 Thread 0x000001ad631b8040 Thread added: 0x000001ad6827ea10


Dynamic libraries:
0x00007ff6e0eb0000 - 0x00007ff6e0ebe000 	c:\Users\Asus\.vscode\extensions\redhat.java-1.42.0-win32-x64\jre\21.0.7-win32-x86_64\bin\java.exe
0x00007ffa29650000 - 0x00007ffa29867000 	C:\WINDOWS\SYSTEM32\ntdll.dll
0x00007ffa284b0000 - 0x00007ffa28574000 	C:\WINDOWS\System32\KERNEL32.DLL
0x00007ffa26bf0000 - 0x00007ffa26fc2000 	C:\WINDOWS\System32\KERNELBASE.dll
0x00007ffa27050000 - 0x00007ffa27161000 	C:\WINDOWS\System32\ucrtbase.dll
0x00007ffa17620000 - 0x00007ffa17638000 	c:\Users\Asus\.vscode\extensions\redhat.java-1.42.0-win32-x64\jre\21.0.7-win32-x86_64\bin\jli.dll
0x00007ffa27b80000 - 0x00007ffa27d31000 	C:\WINDOWS\System32\USER32.dll
0x00007ffa26bc0000 - 0x00007ffa26be6000 	C:\WINDOWS\System32\win32u.dll
0x00007ffa274a0000 - 0x00007ffa274c9000 	C:\WINDOWS\System32\GDI32.dll
0x00007ffa26970000 - 0x00007ffa26a93000 	C:\WINDOWS\System32\gdi32full.dll
0x00007ffa26b20000 - 0x00007ffa26bba000 	C:\WINDOWS\System32\msvcp_win.dll
0x00007ffa097a0000 - 0x00007ffa097be000 	c:\Users\Asus\.vscode\extensions\redhat.java-1.42.0-win32-x64\jre\21.0.7-win32-x86_64\bin\VCRUNTIME140.dll
0x00007ffa15af0000 - 0x00007ffa15d8b000 	C:\WINDOWS\WinSxS\amd64_microsoft.windows.common-controls_6595b64144ccf1df_6.0.22621.5415_none_270d77d17387d7da\COMCTL32.dll
0x00007ffa27990000 - 0x00007ffa27a37000 	C:\WINDOWS\System32\msvcrt.dll
0x00007ffa28a00000 - 0x00007ffa28a31000 	C:\WINDOWS\System32\IMM32.DLL
0x00007ffa20b80000 - 0x00007ffa20b8c000 	c:\Users\Asus\.vscode\extensions\redhat.java-1.42.0-win32-x64\jre\21.0.7-win32-x86_64\bin\vcruntime140_1.dll
0x00007ff9fb4e0000 - 0x00007ff9fb56d000 	c:\Users\Asus\.vscode\extensions\redhat.java-1.42.0-win32-x64\jre\21.0.7-win32-x86_64\bin\msvcp140.dll
0x00007ff9e2840000 - 0x00007ff9e35d0000 	c:\Users\Asus\.vscode\extensions\redhat.java-1.42.0-win32-x64\jre\21.0.7-win32-x86_64\bin\server\jvm.dll
0x00007ffa275f0000 - 0x00007ffa276a1000 	C:\WINDOWS\System32\ADVAPI32.dll
0x00007ffa29560000 - 0x00007ffa29608000 	C:\WINDOWS\System32\sechost.dll
0x00007ffa26740000 - 0x00007ffa26768000 	C:\WINDOWS\System32\bcrypt.dll
0x00007ffa29440000 - 0x00007ffa29554000 	C:\WINDOWS\System32\RPCRT4.dll
0x00007ffa27b00000 - 0x00007ffa27b71000 	C:\WINDOWS\System32\WS2_32.dll
0x00007ffa26610000 - 0x00007ffa2665d000 	C:\WINDOWS\SYSTEM32\POWRPROF.dll
0x00007ffa225c0000 - 0x00007ffa225f4000 	C:\WINDOWS\SYSTEM32\WINMM.dll
0x00007ffa1f560000 - 0x00007ffa1f56a000 	C:\WINDOWS\SYSTEM32\VERSION.dll
0x00007ffa265f0000 - 0x00007ffa26603000 	C:\WINDOWS\SYSTEM32\UMPDC.dll
0x00007ffa25770000 - 0x00007ffa25788000 	C:\WINDOWS\SYSTEM32\kernel.appcore.dll
0x00007ffa175c0000 - 0x00007ffa175ca000 	c:\Users\Asus\.vscode\extensions\redhat.java-1.42.0-win32-x64\jre\21.0.7-win32-x86_64\bin\jimage.dll
0x00007ffa24090000 - 0x00007ffa242c3000 	C:\WINDOWS\SYSTEM32\DBGHELP.DLL
0x00007ffa28110000 - 0x00007ffa284a3000 	C:\WINDOWS\System32\combase.dll
0x00007ffa29360000 - 0x00007ffa29437000 	C:\WINDOWS\System32\OLEAUT32.dll
0x00007ffa15400000 - 0x00007ffa15432000 	C:\WINDOWS\SYSTEM32\dbgcore.DLL
0x00007ffa26fd0000 - 0x00007ffa2704b000 	C:\WINDOWS\System32\bcryptPrimitives.dll
0x00007ffa1ff30000 - 0x00007ffa1ff3f000 	c:\Users\Asus\.vscode\extensions\redhat.java-1.42.0-win32-x64\jre\21.0.7-win32-x86_64\bin\instrument.dll
0x00007ffa09780000 - 0x00007ffa0979f000 	c:\Users\Asus\.vscode\extensions\redhat.java-1.42.0-win32-x64\jre\21.0.7-win32-x86_64\bin\java.dll
0x00007ffa28ab0000 - 0x00007ffa29352000 	C:\WINDOWS\System32\SHELL32.dll
0x00007ffa26830000 - 0x00007ffa2696f000 	C:\WINDOWS\System32\wintypes.dll
0x00007ffa24670000 - 0x00007ffa24f8e000 	C:\WINDOWS\SYSTEM32\windows.storage.dll
0x00007ffa27d40000 - 0x00007ffa27e4b000 	C:\WINDOWS\System32\SHCORE.dll
0x00007ffa27ea0000 - 0x00007ffa27f09000 	C:\WINDOWS\System32\shlwapi.dll
0x00007ffa26670000 - 0x00007ffa2669b000 	C:\WINDOWS\SYSTEM32\profapi.dll
0x00007ffa02b80000 - 0x00007ffa02b98000 	c:\Users\Asus\.vscode\extensions\redhat.java-1.42.0-win32-x64\jre\21.0.7-win32-x86_64\bin\zip.dll
0x00007ffa175a0000 - 0x00007ffa175b0000 	C:\Users\Asus\.vscode\extensions\redhat.java-1.42.0-win32-x64\jre\21.0.7-win32-x86_64\bin\net.dll
0x00007ffa20510000 - 0x00007ffa2063c000 	C:\WINDOWS\SYSTEM32\WINHTTP.dll
0x00007ffa25bf0000 - 0x00007ffa25c59000 	C:\WINDOWS\system32\mswsock.dll
0x00007ff9fc990000 - 0x00007ff9fc9a6000 	C:\Users\Asus\.vscode\extensions\redhat.java-1.42.0-win32-x64\jre\21.0.7-win32-x86_64\bin\nio.dll
0x00007ffa0ac60000 - 0x00007ffa0ac70000 	c:\Users\Asus\.vscode\extensions\redhat.java-1.42.0-win32-x64\jre\21.0.7-win32-x86_64\bin\verify.dll

dbghelp: loaded successfully - version: 4.0.5 - missing functions: none
symbol engine: initialized successfully - sym options: 0x614 - pdb path: .;c:\Users\Asus\.vscode\extensions\redhat.java-1.42.0-win32-x64\jre\21.0.7-win32-x86_64\bin;C:\WINDOWS\SYSTEM32;C:\WINDOWS\WinSxS\amd64_microsoft.windows.common-controls_6595b64144ccf1df_6.0.22621.5415_none_270d77d17387d7da;c:\Users\Asus\.vscode\extensions\redhat.java-1.42.0-win32-x64\jre\21.0.7-win32-x86_64\bin\server

VM Arguments:
jvm_args: --add-modules=ALL-SYSTEM --add-opens=java.base/java.util=ALL-UNNAMED --add-opens=java.base/java.lang=ALL-UNNAMED --add-opens=java.base/sun.nio.fs=ALL-UNNAMED -Declipse.application=org.eclipse.jdt.ls.core.id1 -Dosgi.bundles.defaultStartLevel=4 -Declipse.product=org.eclipse.jdt.ls.core.product -Djava.import.generatesMetadataFilesAtProjectRoot=false -DDetectVMInstallationsJob.disabled=true -Dfile.encoding=utf8 -XX:+UseParallelGC -XX:GCTimeRatio=4 -XX:AdaptiveSizePolicyWeight=90 -Dsun.zip.disableMemoryMapping=true -Xmx1G -Xms100m -Xlog:disable -javaagent:c:\Users\Asus\.vscode\extensions\redhat.java-1.42.0-win32-x64\lombok\lombok-1.18.36.jar 
java_command: c:\Users\Asus\.vscode\extensions\redhat.java-1.42.0-win32-x64\server\plugins\org.eclipse.equinox.launcher_1.7.0.v20250424-1814.jar -configuration c:\Users\Asus\AppData\Roaming\Code\User\globalStorage\redhat.java\1.42.0\config_ss_win -data c:\Users\Asus\AppData\Roaming\Code\User\workspaceStorage\a8035e0fcaa7a187a70305dbaf1ca7ec\redhat.java\ss_ws --pipe=\\.\pipe\lsp-9cdd2233a73fdd413de7bf55970bb458-sock
java_class_path (initial): c:\Users\Asus\.vscode\extensions\redhat.java-1.42.0-win32-x64\server\plugins\org.eclipse.equinox.launcher_1.7.0.v20250424-1814.jar
Launcher Type: SUN_STANDARD

[Global flags]
    uintx AdaptiveSizePolicyWeight                 = 90                                        {product} {command line}
     intx CICompilerCount                          = 3                                         {product} {ergonomic}
    uintx GCTimeRatio                              = 4                                         {product} {command line}
   size_t InitialHeapSize                          = 104857600                                 {product} {command line}
   size_t MaxHeapSize                              = 1073741824                                {product} {command line}
   size_t MaxNewSize                               = 357564416                                 {product} {ergonomic}
   size_t MinHeapDeltaBytes                        = 524288                                    {product} {ergonomic}
   size_t MinHeapSize                              = 104857600                                 {product} {command line}
   size_t NewSize                                  = 34603008                                  {product} {ergonomic}
    uintx NonNMethodCodeHeapSize                   = 5832780                                {pd product} {ergonomic}
    uintx NonProfiledCodeHeapSize                  = 122912730                              {pd product} {ergonomic}
   size_t OldSize                                  = 70254592                                  {product} {ergonomic}
    uintx ProfiledCodeHeapSize                     = 122912730                              {pd product} {ergonomic}
    uintx ReservedCodeCacheSize                    = 251658240                              {pd product} {ergonomic}
     bool SegmentedCodeCache                       = true                                      {product} {ergonomic}
   size_t SoftMaxHeapSize                          = 1073741824                             {manageable} {ergonomic}
     bool UseCompressedOops                        = true                           {product lp64_product} {ergonomic}
     bool UseLargePagesIndividualAllocation        = false                                  {pd product} {ergonomic}
     bool UseParallelGC                            = true                                      {product} {command line}

Logging:
Log output configuration:
 #0: stdout all=off uptime,level,tags foldmultilines=false
 #1: stderr all=off uptime,level,tags foldmultilines=false

Environment Variables:
JAVA_HOME=E:\SOFTWARE\jdk-17.0.11_windows-x64_bin\jdk-17.0.11
PATH=E:\SOFTWARE\VMWare\bin\;E:\SOFTWARE\jdk-17.0.11_windows-x64_bin\jdk-17.0.11\bin;E:\SOFTWARE\jdk-21_windows-x64_bin\jdk-21.0.5;E:\SOFTWARE\sonar-scanner-cli-6.2.1.4610-windows-x64\sonar-scanner-6.2.1.4610-windows-x64\bin;C:\Program Files\Common Files\Oracle\Java\javapath;C:\Program Files (x86)\Common Files\Oracle\Java\java8path;C:\Program Files (x86)\Common Files\Oracle\Java\javapath;D:\app\Asus\product\11.2.0\bin;C:\Program Files (x86)\Common Files\Intel\Shared Libraries\redist\intel64\compiler;C:\WINDOWS\system32;C:\WINDOWS;C:\WINDOWS\System32\Wbem;C:\WINDOWS\System32\WindowsPowerShell\v1.0\;C:\WINDOWS\System32\OpenSSH\;D:\software\Git\cmd;C:\XAMPP\mysql\bin;C:\ProgramData\chocolatey\bin;C:\Program Files\nodejs\;C:\xampp\php;C:\ProgramData\ComposerSetup\bin;E:\explore\SPRING BOOT\apache-maven-3.9.9-bin\apache-maven-3.9.9\bin;C:\Program Files\Go\bin;C:\Users\Asus\AppData\Local\Android\Sdk\platform-tools;E:\SOFTWARE\puTTY\;C:\Users\Asus\AppData\Local\Programs\Python\Launcher\;C:\Users\Asus\AppData\Local\Microsoft\WindowsApps;C:\Users\Asus\AppData\Local\Programs\Microsoft VS Code\bin;C:\Program Files (x86)\mingw32\bin;C:\msys64\ucrt64\bin;C:\Users\Asus\AppData\Roaming\npm;C:\Users\Asus\AppData\Roaming\Composer\vendor\bin;C:\Users\Asus\go\bin;E:\explore\WEB\project-1\app\tvs\flutter\bin;E:\SOFTWARE\GCloud\google-cloud-sdk\bin
USERNAME=Asus
OS=Windows_NT
PROCESSOR_IDENTIFIER=AMD64 Family 23 Model 24 Stepping 1, AuthenticAMD
TMP=C:\Users\Asus\AppData\Local\Temp
TEMP=C:\Users\Asus\AppData\Local\Temp




Periodic native trim disabled

---------------  S Y S T E M  ---------------

OS:
 Windows 11 , 64 bit Build 22621 (10.0.22621.5415)
OS uptime: 0 days 2:33 hours

CPU: total 4 (initial active 4) (4 cores per cpu, 2 threads per core) family 23 model 24 stepping 1 microcode 0x0, cx8, cmov, fxsr, ht, mmx, 3dnowpref, sse, sse2, sse3, ssse3, sse4a, sse4.1, sse4.2, popcnt, lzcnt, tsc, tscinvbit, avx, avx2, aes, clmul, bmi1, bmi2, adx, sha, fma, vzeroupper, clflush, clflushopt, rdtscp, f16c
Processor Information for the first 4 processors :
  Max Mhz: 2600, Current Mhz: 2600, Mhz Limit: 2600

Memory: 4k page, system-wide physical 14286M (2074M free)
TotalPageFile size 14286M (AvailPageFile size 120M)
current process WorkingSet (physical memory assigned to process): 60M, peak: 60M
current process commit charge ("private bytes"): 183M, peak: 183M

vm_info: OpenJDK 64-Bit Server VM (21.0.7+6-LTS) for windows-amd64 JRE (21.0.7+6-LTS), built on 2025-04-15T00:00:00Z by "admin" with MS VC++ 17.7 (VS2022)

END.
