#
# There is insufficient memory for the Java Runtime Environment to continue.
# Native memory allocation (malloc) failed to allocate 1169712 bytes. Error detail: Chunk::new
# Possible reasons:
#   The system is out of physical RAM or swap space
#   This process is running with CompressedOops enabled, and the Java Heap may be blocking the growth of the native heap
# Possible solutions:
#   Reduce memory load on the system
#   Increase physical memory or swap space
#   Check if swap backing store is full
#   Decrease Java heap size (-Xmx/-Xms)
#   Decrease number of Java threads
#   Decrease Java thread stack sizes (-Xss)
#   Set larger code cache with -XX:ReservedCodeCacheSize=
#   JVM is running with Unscaled Compressed Oops mode in which the Java heap is
#     placed in the first 4GB address space. The Java Heap base address is the
#     maximum limit for the native heap growth. Please use -XX:HeapBaseMinAddress
#     to set the Java Heap base and to place the Java Heap above 4GB virtual address.
# This output file may be truncated or incomplete.
#
#  Out of Memory Error (arena.cpp:168), pid=10612, tid=7096
#
# JRE version: OpenJDK Runtime Environment Temurin-21.0.7+6 (21.0.7+6) (build 21.0.7+6-LTS)
# Java VM: OpenJDK 64-Bit Server VM Temurin-21.0.7+6 (21.0.7+6-LTS, mixed mode, sharing, tiered, compressed oops, compressed class ptrs, parallel gc, windows-amd64)
# No core dump will be written. Minidumps are not enabled by default on client versions of Windows
#

---------------  S U M M A R Y ------------

Command Line: --add-modules=ALL-SYSTEM --add-opens=java.base/java.util=ALL-UNNAMED --add-opens=java.base/java.lang=ALL-UNNAMED --add-opens=java.base/sun.nio.fs=ALL-UNNAMED -Declipse.application=org.eclipse.jdt.ls.core.id1 -Dosgi.bundles.defaultStartLevel=4 -Declipse.product=org.eclipse.jdt.ls.core.product -Djava.import.generatesMetadataFilesAtProjectRoot=false -DDetectVMInstallationsJob.disabled=true -Dfile.encoding=utf8 -XX:+UseParallelGC -XX:GCTimeRatio=4 -XX:AdaptiveSizePolicyWeight=90 -Dsun.zip.disableMemoryMapping=true -Xmx1G -Xms100m -Xlog:disable -javaagent:c:\Users\Asus\.vscode\extensions\redhat.java-1.42.0-win32-x64\lombok\lombok-1.18.36.jar -XX:+HeapDumpOnOutOfMemoryError -XX:HeapDumpPath=c:\Users\Asus\AppData\Roaming\Code\User\workspaceStorage\a8035e0fcaa7a187a70305dbaf1ca7ec\redhat.java -Daether.dependencyCollector.impl=bf c:\Users\Asus\.vscode\extensions\redhat.java-1.42.0-win32-x64\server\plugins\org.eclipse.equinox.launcher_1.7.0.v20250424-1814.jar -configuration c:\Users\Asus\AppData\Roaming\Code\User\globalStorage\redhat.java\1.42.0\config_win -data c:\Users\Asus\AppData\Roaming\Code\User\workspaceStorage\a8035e0fcaa7a187a70305dbaf1ca7ec\redhat.java\jdt_ws --pipe=\\.\pipe\lsp-4b27a01970d1a9ad354030fa5b44f282-sock

Host: AMD Ryzen 3 3250U with Radeon Graphics         , 4 cores, 13G,  Windows 11 , 64 bit Build 22621 (10.0.22621.5415)
Time: Thu Jun 12 11:15:03 2025 SE Asia Standard Time elapsed time: 31.413507 seconds (0d 0h 0m 31s)

---------------  T H R E A D  ---------------

Current thread (0x000001e688e6a410):  JavaThread "C2 CompilerThread1" daemon [_thread_in_native, id=7096, stack(0x0000009197500000,0x0000009197600000) (1024K)]


Current CompileTask:
C2:31413 6604       4       org.eclipse.osgi.internal.loader.ModuleClassLoader::findLocalClass (9 bytes)

Stack: [0x0000009197500000,0x0000009197600000]
Native frames: (J=compiled Java code, j=interpreted, Vv=VM code, C=native code)
V  [jvm.dll+0x6ce119]
V  [jvm.dll+0x8a84a1]
V  [jvm.dll+0x8aa9ce]
V  [jvm.dll+0x8ab0b3]
V  [jvm.dll+0x27f8a6]
V  [jvm.dll+0xc507d]
V  [jvm.dll+0xc55b3]
V  [jvm.dll+0x3b692c]
V  [jvm.dll+0x382aa5]
V  [jvm.dll+0x381f0a]
V  [jvm.dll+0x247af0]
V  [jvm.dll+0x2470cf]
V  [jvm.dll+0x1c760e]
V  [jvm.dll+0x25695a]
V  [jvm.dll+0x254efa]
V  [jvm.dll+0x3f03f6]
V  [jvm.dll+0x851f6b]
V  [jvm.dll+0x6cc7dd]
C  [ucrtbase.dll+0x29333]
C  [KERNEL32.DLL+0x1259d]
C  [ntdll.dll+0x5af78]


---------------  P R O C E S S  ---------------

Threads class SMR info:
_java_thread_list=0x000001e689bce390, length=43, elements={
0x000001e62bfd5fe0, 0x000001e6402fd6d0, 0x000001e6402ff6f0, 0x000001e640301990,
0x000001e6403028a0, 0x000001e6403037b0, 0x000001e640307320, 0x000001e640308150,
0x000001e640378c30, 0x000001e62c040130, 0x000001e6823b3f80, 0x000001e6829c7b30,
0x000001e640370270, 0x000001e682b478c0, 0x000001e682b888d0, 0x000001e682cafd80,
0x000001e6874217b0, 0x000001e682455440, 0x000001e682457ba0, 0x000001e682455ad0,
0x000001e682454db0, 0x000001e682456160, 0x000001e682456e80, 0x000001e682458230,
0x000001e682457510, 0x000001e68923dca0, 0x000001e68923fd70, 0x000001e6892424d0,
0x000001e68923cf80, 0x000001e68923d610, 0x000001e68923c8f0, 0x000001e6892431f0,
0x000001e68923e330, 0x000001e689241e40, 0x000001e689242b60, 0x000001e6892417b0,
0x000001e689243880, 0x000001e688e6a410, 0x000001e689243f10, 0x000001e68923f050,
0x000001e689240400, 0x000001e68923e9c0, 0x000001e68923f6e0
}

Java Threads: ( => current thread )
  0x000001e62bfd5fe0 JavaThread "main"                              [_thread_blocked, id=14628, stack(0x0000009194a00000,0x0000009194b00000) (1024K)]
  0x000001e6402fd6d0 JavaThread "Reference Handler"          daemon [_thread_blocked, id=8316, stack(0x0000009194e00000,0x0000009194f00000) (1024K)]
  0x000001e6402ff6f0 JavaThread "Finalizer"                  daemon [_thread_blocked, id=12712, stack(0x0000009194f00000,0x0000009195000000) (1024K)]
  0x000001e640301990 JavaThread "Signal Dispatcher"          daemon [_thread_blocked, id=14436, stack(0x0000009195000000,0x0000009195100000) (1024K)]
  0x000001e6403028a0 JavaThread "Attach Listener"            daemon [_thread_blocked, id=14412, stack(0x0000009195100000,0x0000009195200000) (1024K)]
  0x000001e6403037b0 JavaThread "Service Thread"             daemon [_thread_blocked, id=4904, stack(0x0000009195200000,0x0000009195300000) (1024K)]
  0x000001e640307320 JavaThread "Monitor Deflation Thread"   daemon [_thread_blocked, id=15384, stack(0x0000009195300000,0x0000009195400000) (1024K)]
  0x000001e640308150 JavaThread "C2 CompilerThread0"         daemon [_thread_in_vm, id=16084, stack(0x0000009195400000,0x0000009195500000) (1024K)]
  0x000001e640378c30 JavaThread "C1 CompilerThread0"         daemon [_thread_blocked, id=4476, stack(0x0000009195500000,0x0000009195600000) (1024K)]
  0x000001e62c040130 JavaThread "Common-Cleaner"             daemon [_thread_blocked, id=15532, stack(0x0000009195600000,0x0000009195700000) (1024K)]
  0x000001e6823b3f80 JavaThread "Notification Thread"        daemon [_thread_blocked, id=16316, stack(0x0000009195700000,0x0000009195800000) (1024K)]
  0x000001e6829c7b30 JavaThread "Active Thread: Equinox Container: 5a72766d-809d-4334-b400-e9fbdaf38992"        [_thread_blocked, id=8100, stack(0x0000009195b00000,0x0000009195c00000) (1024K)]
  0x000001e640370270 JavaThread "Refresh Thread: Equinox Container: 5a72766d-809d-4334-b400-e9fbdaf38992" daemon [_thread_blocked, id=14736, stack(0x0000009195c00000,0x0000009195d00000) (1024K)]
  0x000001e682b478c0 JavaThread "Framework Event Dispatcher: Equinox Container: 5a72766d-809d-4334-b400-e9fbdaf38992" daemon [_thread_blocked, id=3928, stack(0x0000009195d00000,0x0000009195e00000) (1024K)]
  0x000001e682b888d0 JavaThread "Start Level: Equinox Container: 5a72766d-809d-4334-b400-e9fbdaf38992" daemon [_thread_blocked, id=15552, stack(0x0000009195e00000,0x0000009195f00000) (1024K)]
  0x000001e682cafd80 JavaThread "Bundle File Closer"         daemon [_thread_blocked, id=3960, stack(0x0000009196000000,0x0000009196100000) (1024K)]
  0x000001e6874217b0 JavaThread "SCR Component Actor"        daemon [_thread_blocked, id=16108, stack(0x0000009195f00000,0x0000009196000000) (1024K)]
  0x000001e682455440 JavaThread "Worker-JM"                         [_thread_blocked, id=6668, stack(0x0000009196200000,0x0000009196300000) (1024K)]
  0x000001e682457ba0 JavaThread "JNA Cleaner"                daemon [_thread_blocked, id=7744, stack(0x0000009196300000,0x0000009196400000) (1024K)]
  0x000001e682455ad0 JavaThread "Worker-0"                          [_thread_blocked, id=15204, stack(0x0000009196400000,0x0000009196500000) (1024K)]
  0x000001e682454db0 JavaThread "Worker-1"                          [_thread_blocked, id=9276, stack(0x0000009196500000,0x0000009196600000) (1024K)]
  0x000001e682456160 JavaThread "Worker-2"                          [_thread_blocked, id=12524, stack(0x0000009196600000,0x0000009196700000) (1024K)]
  0x000001e682456e80 JavaThread "Worker-3"                          [_thread_blocked, id=13900, stack(0x0000009196800000,0x0000009196900000) (1024K)]
  0x000001e682458230 JavaThread "Java indexing"              daemon [_thread_blocked, id=5352, stack(0x0000009196900000,0x0000009196a00000) (1024K)]
  0x000001e682457510 JavaThread "Worker-4: Synchronize Gradle projects with workspace"        [_thread_blocked, id=6872, stack(0x0000009196700000,0x0000009196800000) (1024K)]
  0x000001e68923dca0 JavaThread "Worker-5: Initialize Workspace"        [_thread_blocked, id=7408, stack(0x0000009196a00000,0x0000009196b00000) (1024K)]
  0x000001e68923fd70 JavaThread "Thread-2"                   daemon [_thread_in_native, id=16332, stack(0x0000009196b00000,0x0000009196c00000) (1024K)]
  0x000001e6892424d0 JavaThread "Thread-3"                   daemon [_thread_in_native, id=9496, stack(0x0000009196c00000,0x0000009196d00000) (1024K)]
  0x000001e68923cf80 JavaThread "Thread-4"                   daemon [_thread_in_native, id=10824, stack(0x0000009196d00000,0x0000009196e00000) (1024K)]
  0x000001e68923d610 JavaThread "Thread-5"                   daemon [_thread_in_native, id=3624, stack(0x0000009196e00000,0x0000009196f00000) (1024K)]
  0x000001e68923c8f0 JavaThread "Thread-6"                   daemon [_thread_in_native, id=4980, stack(0x0000009196f00000,0x0000009197000000) (1024K)]
  0x000001e6892431f0 JavaThread "pool-2-thread-1"                   [_thread_blocked, id=6176, stack(0x0000009197000000,0x0000009197100000) (1024K)]
  0x000001e68923e330 JavaThread "Timer-0"                           [_thread_blocked, id=16068, stack(0x0000009197100000,0x0000009197200000) (1024K)]
  0x000001e689241e40 JavaThread "Timer-1"                           [_thread_blocked, id=13908, stack(0x0000009197200000,0x0000009197300000) (1024K)]
  0x000001e689242b60 JavaThread "WorkspaceEventsHandler"            [_thread_blocked, id=1424, stack(0x0000009197300000,0x0000009197400000) (1024K)]
  0x000001e6892417b0 JavaThread "pool-1-thread-1"                   [_thread_blocked, id=10348, stack(0x0000009197400000,0x0000009197500000) (1024K)]
  0x000001e689243880 JavaThread "Connection worker"                 [_thread_blocked, id=16016, stack(0x0000009196100000,0x0000009196200000) (1024K)]
=>0x000001e688e6a410 JavaThread "C2 CompilerThread1"         daemon [_thread_in_native, id=7096, stack(0x0000009197500000,0x0000009197600000) (1024K)]
  0x000001e689243f10 JavaThread "Timer-2"                           [_thread_blocked, id=15952, stack(0x0000009197600000,0x0000009197700000) (1024K)]
  0x000001e68923f050 JavaThread "Connection worker"                 [_thread_blocked, id=15804, stack(0x0000009197700000,0x0000009197800000) (1024K)]
  0x000001e689240400 JavaThread "Exec process"                      [_thread_in_native, id=6052, stack(0x0000009197800000,0x0000009197900000) (1024K)]
  0x000001e68923e9c0 JavaThread "Exec process Thread 2"             [_thread_in_native, id=15252, stack(0x0000009197900000,0x0000009197a00000) (1024K)]
  0x000001e68923f6e0 JavaThread "Exec process Thread 3"             [_thread_in_native, id=8024, stack(0x0000009197a00000,0x0000009197b00000) (1024K)]
Total: 43

Other Threads:
  0x000001e62c08e9c0 VMThread "VM Thread"                           [id=15136, stack(0x0000009194d00000,0x0000009194e00000) (1024K)]
  0x000001e64029ca00 WatcherThread "VM Periodic Task Thread"        [id=14748, stack(0x0000009194c00000,0x0000009194d00000) (1024K)]
  0x000001e62bff3300 WorkerThread "GC Thread#0"                     [id=14492, stack(0x0000009194b00000,0x0000009194c00000) (1024K)]
  0x000001e6827c46a0 WorkerThread "GC Thread#1"                     [id=5092, stack(0x0000009195800000,0x0000009195900000) (1024K)]
  0x000001e6826f9800 WorkerThread "GC Thread#2"                     [id=5832, stack(0x0000009195900000,0x0000009195a00000) (1024K)]
  0x000001e682abd490 WorkerThread "GC Thread#3"                     [id=14028, stack(0x0000009195a00000,0x0000009195b00000) (1024K)]
Total: 6

Threads with active compile tasks:
C2 CompilerThread0  31455 6606   !   4       org.eclipse.osgi.internal.loader.BundleLoader::findLocalClass (166 bytes)
C2 CompilerThread1  31455 6604       4       org.eclipse.osgi.internal.loader.ModuleClassLoader::findLocalClass (9 bytes)
Total: 2

VM state: not at safepoint (normal execution)

VM Mutex/Monitor currently owned by a thread: None

Heap address: 0x00000000c0000000, size: 1024 MB, Compressed Oops mode: 32-bit

CDS archive(s) mapped at: [0x000001e641000000-0x000001e641ba0000-0x000001e641ba0000), size 12189696, SharedBaseAddress: 0x000001e641000000, ArchiveRelocationMode: 1.
Compressed class space mapped at: 0x000001e642000000-0x000001e682000000, reserved size: 1073741824
Narrow klass base: 0x000001e641000000, Narrow klass shift: 0, Narrow klass range: 0x100000000

GC Precious Log:
 CardTable entry size: 512
 CPUs: 4 total, 4 available
 Memory: 14286M
 Large Page Support: Disabled
 NUMA Support: Disabled
 Compressed Oops: Enabled (32-bit)
 Alignments: Space 512K, Generation 512K, Heap 2M
 Heap Min Capacity: 100M
 Heap Initial Capacity: 100M
 Heap Max Capacity: 1G
 Pre-touch: Disabled
 Parallel Workers: 4

Heap:
 PSYoungGen      total 23040K, used 18834K [0x00000000eab00000, 0x00000000ecb80000, 0x0000000100000000)
  eden space 22016K, 81% used [0x00000000eab00000,0x00000000ebc78818,0x00000000ec080000)
  from space 1024K, 92% used [0x00000000eca80000,0x00000000ecb6c020,0x00000000ecb80000)
  to   space 2560K, 0% used [0x00000000ec680000,0x00000000ec680000,0x00000000ec900000)
 ParOldGen       total 68608K, used 36156K [0x00000000c0000000, 0x00000000c4300000, 0x00000000eab00000)
  object space 68608K, 52% used [0x00000000c0000000,0x00000000c234f000,0x00000000c4300000)
 Metaspace       used 53857K, committed 55168K, reserved 1114112K
  class space    used 6209K, committed 6784K, reserved 1048576K

Card table byte_map: [0x000001e62b970000,0x000001e62bb80000] _byte_map_base: 0x000001e62b370000

Marking Bits: (ParMarkBitMap*) 0x00007ffc98e531f0
 Begin Bits: [0x000001e63e1c0000, 0x000001e63f1c0000)
 End Bits:   [0x000001e63f1c0000, 0x000001e6401c0000)

Polling page: 0x000001e629ea0000

Metaspace:

Usage:
  Non-class:     46.53 MB used.
      Class:      6.06 MB used.
       Both:     52.60 MB used.

Virtual space:
  Non-class space:       64.00 MB reserved,      47.25 MB ( 74%) committed,  1 nodes.
      Class space:        1.00 GB reserved,       6.62 MB ( <1%) committed,  1 nodes.
             Both:        1.06 GB reserved,      53.88 MB (  5%) committed. 

Chunk freelists:
   Non-Class:  782.00 KB
       Class:  9.30 MB
        Both:  10.06 MB

MaxMetaspaceSize: unlimited
CompressedClassSpaceSize: 1.00 GB
Initial GC threshold: 21.00 MB
Current GC threshold: 58.38 MB
CDS: on
 - commit_granule_bytes: 65536.
 - commit_granule_words: 8192.
 - virtual_space_node_default_size: 8388608.
 - enlarge_chunks_in_place: 1.
 - use_allocation_guard: 0.


Internal statistics:

num_allocs_failed_limit: 6.
num_arena_births: 978.
num_arena_deaths: 14.
num_vsnodes_births: 2.
num_vsnodes_deaths: 0.
num_space_committed: 862.
num_space_uncommitted: 0.
num_chunks_returned_to_freelist: 20.
num_chunks_taken_from_freelist: 3426.
num_chunk_merges: 12.
num_chunk_splits: 2154.
num_chunks_enlarged: 1214.
num_inconsistent_stats: 0.

CodeHeap 'non-profiled nmethods': size=120000Kb used=3566Kb max_used=3566Kb free=116433Kb
 bounds [0x000001e636c90000, 0x000001e637010000, 0x000001e63e1c0000]
CodeHeap 'profiled nmethods': size=120000Kb used=12601Kb max_used=12601Kb free=107399Kb
 bounds [0x000001e62f1c0000, 0x000001e62fe10000, 0x000001e6366f0000]
CodeHeap 'non-nmethods': size=5760Kb used=1371Kb max_used=1432Kb free=4388Kb
 bounds [0x000001e6366f0000, 0x000001e636960000, 0x000001e636c90000]
 total_blobs=6709 nmethods=6037 adapters=578
 compilation: enabled
              stopped_count=0, restarted_count=0
 full_count=0

Compilation events (20 events):
Event: 31.072 Thread 0x000001e640378c30 6621       3       java.util.Formatter$FormatSpecifier::print (57 bytes)
Event: 31.074 Thread 0x000001e640378c30 nmethod 6621 0x000001e62fe09f10 code [0x000001e62fe0a180, 0x000001e62fe0ab30]
Event: 31.074 Thread 0x000001e640378c30 6622       3       java.util.concurrent.locks.ReentrantReadWriteLock::readLock (5 bytes)
Event: 31.074 Thread 0x000001e640378c30 nmethod 6622 0x000001e62fe0af10 code [0x000001e62fe0b0a0, 0x000001e62fe0b248]
Event: 31.128 Thread 0x000001e640308150 nmethod 6607 0x000001e637006390 code [0x000001e637006800, 0x000001e637008ad8]
Event: 31.128 Thread 0x000001e640308150 6606   !   4       org.eclipse.osgi.internal.loader.BundleLoader::findLocalClass (166 bytes)
Event: 31.146 Thread 0x000001e640378c30 6623       1       org.gradle.tooling.internal.adapter.MethodInvocation::getResult (5 bytes)
Event: 31.146 Thread 0x000001e640378c30 nmethod 6623 0x000001e63700aa10 code [0x000001e63700aba0, 0x000001e63700ac68]
Event: 31.149 Thread 0x000001e640378c30 6625       1       java.nio.charset.Charset::name (5 bytes)
Event: 31.149 Thread 0x000001e640378c30 nmethod 6625 0x000001e63700ad10 code [0x000001e63700aea0, 0x000001e63700af68]
Event: 31.157 Thread 0x000001e640378c30 6626       1       java.util.regex.Pattern::lambda$ALL$10 (2 bytes)
Event: 31.158 Thread 0x000001e640378c30 nmethod 6626 0x000001e63700b010 code [0x000001e63700b1a0, 0x000001e63700b248]
Event: 31.227 Thread 0x000001e640378c30 6627       1       org.gradle.internal.service.DefaultServiceRegistry::access$400 (5 bytes)
Event: 31.227 Thread 0x000001e640378c30 nmethod 6627 0x000001e63700b310 code [0x000001e63700b4a0, 0x000001e63700b550]
Event: 31.244 Thread 0x000001e640378c30 6628       3       java.lang.ProcessEnvironment$NameComparator::compare (90 bytes)
Event: 31.246 Thread 0x000001e640378c30 nmethod 6628 0x000001e62fe0b310 code [0x000001e62fe0b620, 0x000001e62fe0c840]
Event: 31.246 Thread 0x000001e640378c30 6629       3       java.lang.ProcessEnvironment$EntryComparator::compare (13 bytes)
Event: 31.246 Thread 0x000001e640378c30 nmethod 6629 0x000001e62fe0d090 code [0x000001e62fe0d2a0, 0x000001e62fe0d9f8]
Event: 31.246 Thread 0x000001e640378c30 6630       3       java.lang.ProcessEnvironment$EntryComparator::compare (25 bytes)
Event: 31.246 Thread 0x000001e640378c30 nmethod 6630 0x000001e62fe0db90 code [0x000001e62fe0dd80, 0x000001e62fe0e260]

GC Heap History (20 events):
Event: 22.492 GC heap before
{Heap before GC invocations=15 (full 2):
 PSYoungGen      total 23552K, used 1520K [0x00000000eab00000, 0x00000000ec600000, 0x0000000100000000)
  eden space 22016K, 0% used [0x00000000eab00000,0x00000000eab00000,0x00000000ec080000)
  from space 1536K, 98% used [0x00000000ec380000,0x00000000ec4fc1f0,0x00000000ec500000)
  to   space 1024K, 0% used [0x00000000ec500000,0x00000000ec500000,0x00000000ec600000)
 ParOldGen       total 68608K, used 17659K [0x00000000c0000000, 0x00000000c4300000, 0x00000000eab00000)
  object space 68608K, 25% used [0x00000000c0000000,0x00000000c113ec88,0x00000000c4300000)
 Metaspace       used 34882K, committed 35840K, reserved 1114112K
  class space    used 3541K, committed 3968K, reserved 1048576K
}
Event: 22.552 GC heap after
{Heap after GC invocations=15 (full 2):
 PSYoungGen      total 23552K, used 0K [0x00000000eab00000, 0x00000000ec600000, 0x0000000100000000)
  eden space 22016K, 0% used [0x00000000eab00000,0x00000000eab00000,0x00000000ec080000)
  from space 1536K, 0% used [0x00000000ec380000,0x00000000ec380000,0x00000000ec500000)
  to   space 1024K, 0% used [0x00000000ec500000,0x00000000ec500000,0x00000000ec600000)
 ParOldGen       total 68608K, used 18173K [0x00000000c0000000, 0x00000000c4300000, 0x00000000eab00000)
  object space 68608K, 26% used [0x00000000c0000000,0x00000000c11bf7b0,0x00000000c4300000)
 Metaspace       used 34882K, committed 35840K, reserved 1114112K
  class space    used 3541K, committed 3968K, reserved 1048576K
}
Event: 23.212 GC heap before
{Heap before GC invocations=16 (full 2):
 PSYoungGen      total 23552K, used 22016K [0x00000000eab00000, 0x00000000ec600000, 0x0000000100000000)
  eden space 22016K, 100% used [0x00000000eab00000,0x00000000ec080000,0x00000000ec080000)
  from space 1536K, 0% used [0x00000000ec380000,0x00000000ec380000,0x00000000ec500000)
  to   space 1024K, 0% used [0x00000000ec500000,0x00000000ec500000,0x00000000ec600000)
 ParOldGen       total 68608K, used 18173K [0x00000000c0000000, 0x00000000c4300000, 0x00000000eab00000)
  object space 68608K, 26% used [0x00000000c0000000,0x00000000c11bf7b0,0x00000000c4300000)
 Metaspace       used 37585K, committed 38720K, reserved 1114112K
  class space    used 3886K, committed 4352K, reserved 1048576K
}
Event: 23.216 GC heap after
{Heap after GC invocations=16 (full 2):
 PSYoungGen      total 23040K, used 1024K [0x00000000eab00000, 0x00000000ec600000, 0x0000000100000000)
  eden space 22016K, 0% used [0x00000000eab00000,0x00000000eab00000,0x00000000ec080000)
  from space 1024K, 100% used [0x00000000ec500000,0x00000000ec600000,0x00000000ec600000)
  to   space 2048K, 0% used [0x00000000ec200000,0x00000000ec200000,0x00000000ec400000)
 ParOldGen       total 68608K, used 18637K [0x00000000c0000000, 0x00000000c4300000, 0x00000000eab00000)
  object space 68608K, 27% used [0x00000000c0000000,0x00000000c12337d0,0x00000000c4300000)
 Metaspace       used 37585K, committed 38720K, reserved 1114112K
  class space    used 3886K, committed 4352K, reserved 1048576K
}
Event: 24.022 GC heap before
{Heap before GC invocations=17 (full 2):
 PSYoungGen      total 23040K, used 23040K [0x00000000eab00000, 0x00000000ec600000, 0x0000000100000000)
  eden space 22016K, 100% used [0x00000000eab00000,0x00000000ec080000,0x00000000ec080000)
  from space 1024K, 100% used [0x00000000ec500000,0x00000000ec600000,0x00000000ec600000)
  to   space 2048K, 0% used [0x00000000ec200000,0x00000000ec200000,0x00000000ec400000)
 ParOldGen       total 68608K, used 18637K [0x00000000c0000000, 0x00000000c4300000, 0x00000000eab00000)
  object space 68608K, 27% used [0x00000000c0000000,0x00000000c12337d0,0x00000000c4300000)
 Metaspace       used 40072K, committed 41216K, reserved 1114112K
  class space    used 4242K, committed 4736K, reserved 1048576K
}
Event: 24.027 GC heap after
{Heap after GC invocations=17 (full 2):
 PSYoungGen      total 24064K, used 992K [0x00000000eab00000, 0x00000000ec580000, 0x0000000100000000)
  eden space 22016K, 0% used [0x00000000eab00000,0x00000000eab00000,0x00000000ec080000)
  from space 2048K, 48% used [0x00000000ec200000,0x00000000ec2f8000,0x00000000ec400000)
  to   space 1536K, 0% used [0x00000000ec400000,0x00000000ec400000,0x00000000ec580000)
 ParOldGen       total 68608K, used 19577K [0x00000000c0000000, 0x00000000c4300000, 0x00000000eab00000)
  object space 68608K, 28% used [0x00000000c0000000,0x00000000c131e5e0,0x00000000c4300000)
 Metaspace       used 40072K, committed 41216K, reserved 1114112K
  class space    used 4242K, committed 4736K, reserved 1048576K
}
Event: 24.659 GC heap before
{Heap before GC invocations=18 (full 2):
 PSYoungGen      total 24064K, used 23008K [0x00000000eab00000, 0x00000000ec580000, 0x0000000100000000)
  eden space 22016K, 100% used [0x00000000eab00000,0x00000000ec080000,0x00000000ec080000)
  from space 2048K, 48% used [0x00000000ec200000,0x00000000ec2f8000,0x00000000ec400000)
  to   space 1536K, 0% used [0x00000000ec400000,0x00000000ec400000,0x00000000ec580000)
 ParOldGen       total 68608K, used 19577K [0x00000000c0000000, 0x00000000c4300000, 0x00000000eab00000)
  object space 68608K, 28% used [0x00000000c0000000,0x00000000c131e5e0,0x00000000c4300000)
 Metaspace       used 42637K, committed 43776K, reserved 1114112K
  class space    used 4586K, committed 5056K, reserved 1048576K
}
Event: 24.663 GC heap after
{Heap after GC invocations=18 (full 2):
 PSYoungGen      total 23040K, used 928K [0x00000000eab00000, 0x00000000ec500000, 0x0000000100000000)
  eden space 22016K, 0% used [0x00000000eab00000,0x00000000eab00000,0x00000000ec080000)
  from space 1024K, 90% used [0x00000000ec400000,0x00000000ec4e8000,0x00000000ec500000)
  to   space 1024K, 0% used [0x00000000ec300000,0x00000000ec300000,0x00000000ec400000)
 ParOldGen       total 68608K, used 20417K [0x00000000c0000000, 0x00000000c4300000, 0x00000000eab00000)
  object space 68608K, 29% used [0x00000000c0000000,0x00000000c13f05e0,0x00000000c4300000)
 Metaspace       used 42637K, committed 43776K, reserved 1114112K
  class space    used 4586K, committed 5056K, reserved 1048576K
}
Event: 25.386 GC heap before
{Heap before GC invocations=19 (full 2):
 PSYoungGen      total 23040K, used 22944K [0x00000000eab00000, 0x00000000ec500000, 0x0000000100000000)
  eden space 22016K, 100% used [0x00000000eab00000,0x00000000ec080000,0x00000000ec080000)
  from space 1024K, 90% used [0x00000000ec400000,0x00000000ec4e8000,0x00000000ec500000)
  to   space 1024K, 0% used [0x00000000ec300000,0x00000000ec300000,0x00000000ec400000)
 ParOldGen       total 68608K, used 20417K [0x00000000c0000000, 0x00000000c4300000, 0x00000000eab00000)
  object space 68608K, 29% used [0x00000000c0000000,0x00000000c13f05e0,0x00000000c4300000)
 Metaspace       used 44085K, committed 45312K, reserved 1114112K
  class space    used 4804K, committed 5312K, reserved 1048576K
}
Event: 25.392 GC heap after
{Heap after GC invocations=19 (full 2):
 PSYoungGen      total 23040K, used 1008K [0x00000000eab00000, 0x00000000ed680000, 0x0000000100000000)
  eden space 22016K, 0% used [0x00000000eab00000,0x00000000eab00000,0x00000000ec080000)
  from space 1024K, 98% used [0x00000000ec300000,0x00000000ec3fc0d0,0x00000000ec400000)
  to   space 11264K, 0% used [0x00000000ecb80000,0x00000000ecb80000,0x00000000ed680000)
 ParOldGen       total 68608K, used 28793K [0x00000000c0000000, 0x00000000c4300000, 0x00000000eab00000)
  object space 68608K, 41% used [0x00000000c0000000,0x00000000c1c1e658,0x00000000c4300000)
 Metaspace       used 44085K, committed 45312K, reserved 1114112K
  class space    used 4804K, committed 5312K, reserved 1048576K
}
Event: 26.305 GC heap before
{Heap before GC invocations=20 (full 2):
 PSYoungGen      total 23040K, used 23024K [0x00000000eab00000, 0x00000000ed680000, 0x0000000100000000)
  eden space 22016K, 100% used [0x00000000eab00000,0x00000000ec080000,0x00000000ec080000)
  from space 1024K, 98% used [0x00000000ec300000,0x00000000ec3fc0d0,0x00000000ec400000)
  to   space 11264K, 0% used [0x00000000ecb80000,0x00000000ecb80000,0x00000000ed680000)
 ParOldGen       total 68608K, used 28793K [0x00000000c0000000, 0x00000000c4300000, 0x00000000eab00000)
  object space 68608K, 41% used [0x00000000c0000000,0x00000000c1c1e658,0x00000000c4300000)
 Metaspace       used 46336K, committed 47552K, reserved 1114112K
  class space    used 5162K, committed 5696K, reserved 1048576K
}
Event: 26.308 GC heap after
{Heap after GC invocations=20 (full 2):
 PSYoungGen      total 23552K, used 1088K [0x00000000eab00000, 0x00000000ecd00000, 0x0000000100000000)
  eden space 22016K, 0% used [0x00000000eab00000,0x00000000eab00000,0x00000000ec080000)
  from space 1536K, 70% used [0x00000000ecb80000,0x00000000ecc90000,0x00000000ecd00000)
  to   space 4096K, 0% used [0x00000000ec500000,0x00000000ec500000,0x00000000ec900000)
 ParOldGen       total 68608K, used 29781K [0x00000000c0000000, 0x00000000c4300000, 0x00000000eab00000)
  object space 68608K, 43% used [0x00000000c0000000,0x00000000c1d157e8,0x00000000c4300000)
 Metaspace       used 46336K, committed 47552K, reserved 1114112K
  class space    used 5162K, committed 5696K, reserved 1048576K
}
Event: 27.289 GC heap before
{Heap before GC invocations=21 (full 2):
 PSYoungGen      total 23552K, used 23089K [0x00000000eab00000, 0x00000000ecd00000, 0x0000000100000000)
  eden space 22016K, 99% used [0x00000000eab00000,0x00000000ec07c528,0x00000000ec080000)
  from space 1536K, 70% used [0x00000000ecb80000,0x00000000ecc90000,0x00000000ecd00000)
  to   space 4096K, 0% used [0x00000000ec500000,0x00000000ec500000,0x00000000ec900000)
 ParOldGen       total 68608K, used 29781K [0x00000000c0000000, 0x00000000c4300000, 0x00000000eab00000)
  object space 68608K, 43% used [0x00000000c0000000,0x00000000c1d157e8,0x00000000c4300000)
 Metaspace       used 48462K, committed 49664K, reserved 1114112K
  class space    used 5393K, committed 5888K, reserved 1048576K
}
Event: 27.296 GC heap after
{Heap after GC invocations=21 (full 2):
 PSYoungGen      total 26112K, used 921K [0x00000000eab00000, 0x00000000ecc00000, 0x0000000100000000)
  eden space 22016K, 0% used [0x00000000eab00000,0x00000000eab00000,0x00000000ec080000)
  from space 4096K, 22% used [0x00000000ec500000,0x00000000ec5e65a0,0x00000000ec900000)
  to   space 1536K, 0% used [0x00000000eca80000,0x00000000eca80000,0x00000000ecc00000)
 ParOldGen       total 68608K, used 30745K [0x00000000c0000000, 0x00000000c4300000, 0x00000000eab00000)
  object space 68608K, 44% used [0x00000000c0000000,0x00000000c1e067f8,0x00000000c4300000)
 Metaspace       used 48462K, committed 49664K, reserved 1114112K
  class space    used 5393K, committed 5888K, reserved 1048576K
}
Event: 28.527 GC heap before
{Heap before GC invocations=22 (full 2):
 PSYoungGen      total 26112K, used 22937K [0x00000000eab00000, 0x00000000ecc00000, 0x0000000100000000)
  eden space 22016K, 100% used [0x00000000eab00000,0x00000000ec080000,0x00000000ec080000)
  from space 4096K, 22% used [0x00000000ec500000,0x00000000ec5e65a0,0x00000000ec900000)
  to   space 1536K, 0% used [0x00000000eca80000,0x00000000eca80000,0x00000000ecc00000)
 ParOldGen       total 68608K, used 30745K [0x00000000c0000000, 0x00000000c4300000, 0x00000000eab00000)
  object space 68608K, 44% used [0x00000000c0000000,0x00000000c1e067f8,0x00000000c4300000)
 Metaspace       used 49347K, committed 50560K, reserved 1114112K
  class space    used 5488K, committed 6016K, reserved 1048576K
}
Event: 28.533 GC heap after
{Heap after GC invocations=22 (full 2):
 PSYoungGen      total 23040K, used 736K [0x00000000eab00000, 0x00000000ecb80000, 0x0000000100000000)
  eden space 22016K, 0% used [0x00000000eab00000,0x00000000eab00000,0x00000000ec080000)
  from space 1024K, 71% used [0x00000000eca80000,0x00000000ecb38000,0x00000000ecb80000)
  to   space 1024K, 0% used [0x00000000ec980000,0x00000000ec980000,0x00000000eca80000)
 ParOldGen       total 68608K, used 31596K [0x00000000c0000000, 0x00000000c4300000, 0x00000000eab00000)
  object space 68608K, 46% used [0x00000000c0000000,0x00000000c1edb358,0x00000000c4300000)
 Metaspace       used 49347K, committed 50560K, reserved 1114112K
  class space    used 5488K, committed 6016K, reserved 1048576K
}
Event: 29.490 GC heap before
{Heap before GC invocations=23 (full 2):
 PSYoungGen      total 23040K, used 22752K [0x00000000eab00000, 0x00000000ecb80000, 0x0000000100000000)
  eden space 22016K, 100% used [0x00000000eab00000,0x00000000ec080000,0x00000000ec080000)
  from space 1024K, 71% used [0x00000000eca80000,0x00000000ecb38000,0x00000000ecb80000)
  to   space 1024K, 0% used [0x00000000ec980000,0x00000000ec980000,0x00000000eca80000)
 ParOldGen       total 68608K, used 31596K [0x00000000c0000000, 0x00000000c4300000, 0x00000000eab00000)
  object space 68608K, 46% used [0x00000000c0000000,0x00000000c1edb358,0x00000000c4300000)
 Metaspace       used 49574K, committed 50816K, reserved 1114112K
  class space    used 5531K, committed 6080K, reserved 1048576K
}
Event: 29.494 GC heap after
{Heap after GC invocations=23 (full 2):
 PSYoungGen      total 23040K, used 1003K [0x00000000eab00000, 0x00000000ecb80000, 0x0000000100000000)
  eden space 22016K, 0% used [0x00000000eab00000,0x00000000eab00000,0x00000000ec080000)
  from space 1024K, 97% used [0x00000000ec980000,0x00000000eca7ace8,0x00000000eca80000)
  to   space 1024K, 0% used [0x00000000eca80000,0x00000000eca80000,0x00000000ecb80000)
 ParOldGen       total 68608K, used 35153K [0x00000000c0000000, 0x00000000c4300000, 0x00000000eab00000)
  object space 68608K, 51% used [0x00000000c0000000,0x00000000c2254628,0x00000000c4300000)
 Metaspace       used 49574K, committed 50816K, reserved 1114112K
  class space    used 5531K, committed 6080K, reserved 1048576K
}
Event: 30.537 GC heap before
{Heap before GC invocations=24 (full 2):
 PSYoungGen      total 23040K, used 23019K [0x00000000eab00000, 0x00000000ecb80000, 0x0000000100000000)
  eden space 22016K, 100% used [0x00000000eab00000,0x00000000ec080000,0x00000000ec080000)
  from space 1024K, 97% used [0x00000000ec980000,0x00000000eca7ace8,0x00000000eca80000)
  to   space 1024K, 0% used [0x00000000eca80000,0x00000000eca80000,0x00000000ecb80000)
 ParOldGen       total 68608K, used 35153K [0x00000000c0000000, 0x00000000c4300000, 0x00000000eab00000)
  object space 68608K, 51% used [0x00000000c0000000,0x00000000c2254628,0x00000000c4300000)
 Metaspace       used 51987K, committed 53248K, reserved 1114112K
  class space    used 5916K, committed 6464K, reserved 1048576K
}
Event: 30.540 GC heap after
{Heap after GC invocations=24 (full 2):
 PSYoungGen      total 23040K, used 944K [0x00000000eab00000, 0x00000000ecb80000, 0x0000000100000000)
  eden space 22016K, 0% used [0x00000000eab00000,0x00000000eab00000,0x00000000ec080000)
  from space 1024K, 92% used [0x00000000eca80000,0x00000000ecb6c020,0x00000000ecb80000)
  to   space 2560K, 0% used [0x00000000ec680000,0x00000000ec680000,0x00000000ec900000)
 ParOldGen       total 68608K, used 36156K [0x00000000c0000000, 0x00000000c4300000, 0x00000000eab00000)
  object space 68608K, 52% used [0x00000000c0000000,0x00000000c234f000,0x00000000c4300000)
 Metaspace       used 51987K, committed 53248K, reserved 1114112K
  class space    used 5916K, committed 6464K, reserved 1048576K
}

Dll operation events (13 events):
Event: 0.014 Loaded shared library c:\Users\Asus\.vscode\extensions\redhat.java-1.42.0-win32-x64\jre\21.0.7-win32-x86_64\bin\java.dll
Event: 0.375 Loaded shared library c:\Users\Asus\.vscode\extensions\redhat.java-1.42.0-win32-x64\jre\21.0.7-win32-x86_64\bin\zip.dll
Event: 0.460 Loaded shared library C:\Users\Asus\.vscode\extensions\redhat.java-1.42.0-win32-x64\jre\21.0.7-win32-x86_64\bin\instrument.dll
Event: 0.504 Loaded shared library C:\Users\Asus\.vscode\extensions\redhat.java-1.42.0-win32-x64\jre\21.0.7-win32-x86_64\bin\net.dll
Event: 0.507 Loaded shared library C:\Users\Asus\.vscode\extensions\redhat.java-1.42.0-win32-x64\jre\21.0.7-win32-x86_64\bin\nio.dll
Event: 0.512 Loaded shared library C:\Users\Asus\.vscode\extensions\redhat.java-1.42.0-win32-x64\jre\21.0.7-win32-x86_64\bin\zip.dll
Event: 0.594 Loaded shared library C:\Users\Asus\.vscode\extensions\redhat.java-1.42.0-win32-x64\jre\21.0.7-win32-x86_64\bin\jimage.dll
Event: 1.021 Loaded shared library c:\Users\Asus\.vscode\extensions\redhat.java-1.42.0-win32-x64\jre\21.0.7-win32-x86_64\bin\verify.dll
Event: 7.026 Loaded shared library C:\Users\Asus\AppData\Roaming\Code\User\globalStorage\redhat.java\1.42.0\config_win\org.eclipse.equinox.launcher\org.eclipse.equinox.launcher.win32.win32.x86_64_1.2.1300.v20250331-1702\eclipse_11911.dll
Event: 13.408 Loaded shared library C:\Users\Asus\AppData\Local\Temp\jna-2050672\jna2767123216476075749.dll
Event: 25.882 Loaded shared library C:\Users\Asus\.gradle\native\68d5fa5c4cc2d200863cafc0d521ce42e7d3e7ee720ec0a83991735586a16f82\windows-amd64\native-platform.dll
Event: 30.431 Loaded shared library C:\Users\Asus\.vscode\extensions\redhat.java-1.42.0-win32-x64\jre\21.0.7-win32-x86_64\bin\management.dll
Event: 30.440 Loaded shared library C:\Users\Asus\.vscode\extensions\redhat.java-1.42.0-win32-x64\jre\21.0.7-win32-x86_64\bin\management_ext.dll

Deoptimization events (20 events):
Event: 31.027 Thread 0x000001e689243880 Uncommon trap: trap_request=0xffffffc6 fr.pc=0x000001e636fb4c8c relative=0x000000000000092c
Event: 31.027 Thread 0x000001e689243880 Uncommon trap: reason=bimorphic_or_optimized_type_check action=maybe_recompile pc=0x000001e636fb4c8c method=java.util.regex.Pattern$CharPropertyGreedy.match(Ljava/util/regex/Matcher;ILjava/lang/CharSequence;)Z @ 64 c2
Event: 31.027 Thread 0x000001e689243880 DEOPT PACKING pc=0x000001e636fb4c8c sp=0x00000091961fe2f0
Event: 31.027 Thread 0x000001e689243880 DEOPT UNPACKING pc=0x000001e636743aa2 sp=0x00000091961fe270 mode 2
Event: 31.029 Thread 0x000001e689243880 Uncommon trap: trap_request=0xffffff45 fr.pc=0x000001e636f93554 relative=0x0000000000000d54
Event: 31.029 Thread 0x000001e689243880 Uncommon trap: reason=unstable_if action=reinterpret pc=0x000001e636f93554 method=java.io.WinNTFileSystem.resolve(Ljava/lang/String;Ljava/lang/String;)Ljava/lang/String; @ 19 c2
Event: 31.029 Thread 0x000001e689243880 DEOPT PACKING pc=0x000001e636f93554 sp=0x00000091961fe640
Event: 31.029 Thread 0x000001e689243880 DEOPT UNPACKING pc=0x000001e636743aa2 sp=0x00000091961fe5e8 mode 2
Event: 31.030 Thread 0x000001e689243880 Uncommon trap: trap_request=0xffffff45 fr.pc=0x000001e636f9a8d0 relative=0x0000000000000570
Event: 31.030 Thread 0x000001e689243880 Uncommon trap: reason=unstable_if action=reinterpret pc=0x000001e636f9a8d0 method=java.io.File.getName()Ljava/lang/String; @ 16 c2
Event: 31.030 Thread 0x000001e689243880 DEOPT PACKING pc=0x000001e636f9a8d0 sp=0x00000091961fe600
Event: 31.030 Thread 0x000001e689243880 DEOPT UNPACKING pc=0x000001e636743aa2 sp=0x00000091961fe5d0 mode 2
Event: 31.146 Thread 0x000001e68923f050 Uncommon trap: trap_request=0xffffffc6 fr.pc=0x000001e636fb0d98 relative=0x0000000000000918
Event: 31.146 Thread 0x000001e68923f050 Uncommon trap: reason=bimorphic_or_optimized_type_check action=maybe_recompile pc=0x000001e636fb0d98 method=java.util.regex.Pattern$CharPropertyGreedy.match(Ljava/util/regex/Matcher;ILjava/lang/CharSequence;)Z @ 64 c2
Event: 31.146 Thread 0x000001e68923f050 DEOPT PACKING pc=0x000001e636fb0d98 sp=0x00000091977fe640
Event: 31.146 Thread 0x000001e68923f050 DEOPT UNPACKING pc=0x000001e636743aa2 sp=0x00000091977fe5e0 mode 2
Event: 31.244 Thread 0x000001e689240400 Uncommon trap: trap_request=0xffffff76 fr.pc=0x000001e636f14a80 relative=0x0000000000000fe0
Event: 31.244 Thread 0x000001e689240400 Uncommon trap: reason=predicate action=maybe_recompile pc=0x000001e636f14a80 method=java.util.TimSort.binarySort([Ljava/lang/Object;IIILjava/util/Comparator;)V @ 73 c2
Event: 31.244 Thread 0x000001e689240400 DEOPT PACKING pc=0x000001e636f14a80 sp=0x00000091978fe5c0
Event: 31.244 Thread 0x000001e689240400 DEOPT UNPACKING pc=0x000001e636743aa2 sp=0x00000091978fe590 mode 2

Classes loaded (20 events):
Event: 30.664 Loading class java/util/concurrent/ConcurrentSkipListMap$EntrySet
Event: 30.664 Loading class java/util/concurrent/ConcurrentSkipListMap$EntrySet done
Event: 30.664 Loading class java/util/concurrent/ConcurrentSkipListMap$EntryIterator
Event: 30.665 Loading class java/util/concurrent/ConcurrentSkipListMap$Iter
Event: 30.665 Loading class java/util/concurrent/ConcurrentSkipListMap$Iter done
Event: 30.665 Loading class java/util/concurrent/ConcurrentSkipListMap$EntryIterator done
Event: 30.789 Loading class java/util/AbstractList$ListItr
Event: 30.789 Loading class java/util/AbstractList$ListItr done
Event: 30.922 Loading class java/util/concurrent/locks/ReentrantReadWriteLock$Sync$HoldCounter
Event: 30.923 Loading class java/util/concurrent/locks/ReentrantReadWriteLock$Sync$HoldCounter done
Event: 31.240 Loading class java/lang/ProcessBuilder
Event: 31.240 Loading class java/lang/ProcessBuilder done
Event: 31.243 Loading class java/lang/ProcessImpl
Event: 31.243 Loading class java/lang/ProcessImpl done
Event: 31.257 Loading class java/lang/ProcessImpl$2
Event: 31.257 Loading class java/lang/ProcessImpl$2 done
Event: 31.257 Loading class java/lang/Process$PipeInputStream
Event: 31.257 Loading class java/lang/Process$PipeInputStream done
Event: 31.257 Loading class jdk/internal/event/ProcessStartEvent
Event: 31.258 Loading class jdk/internal/event/ProcessStartEvent done

Classes unloaded (7 events):
Event: 14.983 Thread 0x000001e62c08e9c0 Unloading class 0x000001e6421a4400 'java/lang/invoke/LambdaForm$MH+0x000001e6421a4400'
Event: 14.983 Thread 0x000001e62c08e9c0 Unloading class 0x000001e6421a4000 'java/lang/invoke/LambdaForm$MH+0x000001e6421a4000'
Event: 14.983 Thread 0x000001e62c08e9c0 Unloading class 0x000001e6421a3c00 'java/lang/invoke/LambdaForm$MH+0x000001e6421a3c00'
Event: 14.983 Thread 0x000001e62c08e9c0 Unloading class 0x000001e6421a3800 'java/lang/invoke/LambdaForm$MH+0x000001e6421a3800'
Event: 14.983 Thread 0x000001e62c08e9c0 Unloading class 0x000001e6421a3400 'java/lang/invoke/LambdaForm$BMH+0x000001e6421a3400'
Event: 14.983 Thread 0x000001e62c08e9c0 Unloading class 0x000001e6421a3000 'java/lang/invoke/LambdaForm$DMH+0x000001e6421a3000'
Event: 14.983 Thread 0x000001e62c08e9c0 Unloading class 0x000001e6421a1c00 'java/lang/invoke/LambdaForm$DMH+0x000001e6421a1c00'

Classes redefined (0 events):
No events

Internal exceptions (20 events):
Event: 30.119 Thread 0x000001e68923dca0 Exception <a 'sun/nio/fs/WindowsException'{0x00000000eb6f0b90}> (0x00000000eb6f0b90) 
thrown [s\src\hotspot\share\prims\jni.cpp, line 520]
Event: 30.119 Thread 0x000001e68923dca0 Exception <a 'sun/nio/fs/WindowsException'{0x00000000eb6f11c0}> (0x00000000eb6f11c0) 
thrown [s\src\hotspot\share\prims\jni.cpp, line 520]
Event: 30.120 Thread 0x000001e68923dca0 Exception <a 'sun/nio/fs/WindowsException'{0x00000000eb6f1ae0}> (0x00000000eb6f1ae0) 
thrown [s\src\hotspot\share\prims\jni.cpp, line 520]
Event: 30.120 Thread 0x000001e68923dca0 Exception <a 'sun/nio/fs/WindowsException'{0x00000000eb6f2110}> (0x00000000eb6f2110) 
thrown [s\src\hotspot\share\prims\jni.cpp, line 520]
Event: 30.124 Thread 0x000001e68923dca0 Exception <a 'sun/nio/fs/WindowsException'{0x00000000eb707ae0}> (0x00000000eb707ae0) 
thrown [s\src\hotspot\share\prims\jni.cpp, line 520]
Event: 30.124 Thread 0x000001e68923dca0 Exception <a 'sun/nio/fs/WindowsException'{0x00000000eb708110}> (0x00000000eb708110) 
thrown [s\src\hotspot\share\prims\jni.cpp, line 520]
Event: 30.127 Thread 0x000001e68923dca0 Exception <a 'sun/nio/fs/WindowsException'{0x00000000eb75bdd8}> (0x00000000eb75bdd8) 
thrown [s\src\hotspot\share\prims\jni.cpp, line 520]
Event: 30.127 Thread 0x000001e68923dca0 Exception <a 'sun/nio/fs/WindowsException'{0x00000000eb75c408}> (0x00000000eb75c408) 
thrown [s\src\hotspot\share\prims\jni.cpp, line 520]
Event: 30.140 Thread 0x000001e68923dca0 Exception <a 'sun/nio/fs/WindowsException'{0x00000000eb87ed20}> (0x00000000eb87ed20) 
thrown [s\src\hotspot\share\prims\jni.cpp, line 520]
Event: 30.140 Thread 0x000001e68923dca0 Exception <a 'sun/nio/fs/WindowsException'{0x00000000eb87f420}> (0x00000000eb87f420) 
thrown [s\src\hotspot\share\prims\jni.cpp, line 520]
Event: 30.140 Thread 0x000001e68923dca0 Exception <a 'sun/nio/fs/WindowsException'{0x00000000eb87ff88}> (0x00000000eb87ff88) 
thrown [s\src\hotspot\share\prims\jni.cpp, line 520]
Event: 30.140 Thread 0x000001e68923dca0 Exception <a 'sun/nio/fs/WindowsException'{0x00000000eb880688}> (0x00000000eb880688) 
thrown [s\src\hotspot\share\prims\jni.cpp, line 520]
Event: 30.140 Thread 0x000001e68923dca0 Exception <a 'sun/nio/fs/WindowsException'{0x00000000eb881250}> (0x00000000eb881250) 
thrown [s\src\hotspot\share\prims\jni.cpp, line 520]
Event: 30.141 Thread 0x000001e68923dca0 Exception <a 'sun/nio/fs/WindowsException'{0x00000000eb881950}> (0x00000000eb881950) 
thrown [s\src\hotspot\share\prims\jni.cpp, line 520]
Event: 30.141 Thread 0x000001e68923dca0 Exception <a 'sun/nio/fs/WindowsException'{0x00000000eb883340}> (0x00000000eb883340) 
thrown [s\src\hotspot\share\prims\jni.cpp, line 520]
Event: 30.141 Thread 0x000001e68923dca0 Exception <a 'sun/nio/fs/WindowsException'{0x00000000eb883a40}> (0x00000000eb883a40) 
thrown [s\src\hotspot\share\prims\jni.cpp, line 520]
Event: 30.227 Thread 0x000001e689243880 Exception <a 'java/lang/NoClassDefFoundError'{0x00000000eba82d50}: org/slf4j/impl/StaticMarkerBinder> (0x00000000eba82d50) 
thrown [s\src\hotspot\share\classfile\systemDictionary.cpp, line 301]
Event: 30.671 Thread 0x000001e689243880 Exception <a 'java/lang/NoSuchMethodError'{0x00000000ead388a0}: 'java.lang.Object java.lang.invoke.DirectMethodHandle$Holder.invokeVirtual(java.lang.Object, java.lang.Object, java.lang.Object, java.lang.Object, java.lang.Object, java.lang.Object, java.lang.Object, java.lang.Object)'> (0x00000000ead388a0) 
thrown [s\src\hotspot\share\interpreter\linkResolver.cpp, line 773]
Event: 30.736 Thread 0x000001e689243880 Exception <a 'java/lang/NoSuchMethodError'{0x00000000eaf21450}: 'java.lang.Object java.lang.invoke.DirectMethodHandle$Holder.invokeVirtual(java.lang.Object, java.lang.Object, java.lang.Object, java.lang.Object, java.lang.Object, java.lang.Object, java.lang.Object, java.lang.Object, java.lang.Object)'> (0x00000000eaf21450) 
thrown [s\src\hotspot\share\interpreter\linkResolver.cpp, line 773]
Event: 31.256 Thread 0x000001e689240400 Exception <a 'java/lang/NoSuchMethodError'{0x00000000ebc33538}: 'void java.lang.invoke.DirectMethodHandle$Holder.invokeStatic(java.lang.Object, long)'> (0x00000000ebc33538) 
thrown [s\src\hotspot\share\interpreter\linkResolver.cpp, line 773]

ZGC Phase Switch (0 events):
No events

VM Operations (20 events):
Event: 25.385 Executing VM operation: ParallelGCFailedAllocation (Allocation Failure)
Event: 25.392 Executing VM operation: ParallelGCFailedAllocation (Allocation Failure) done
Event: 26.304 Executing VM operation: ParallelGCFailedAllocation (Allocation Failure)
Event: 26.308 Executing VM operation: ParallelGCFailedAllocation (Allocation Failure) done
Event: 27.077 Executing VM operation: HandshakeAllThreads (Deoptimize)
Event: 27.078 Executing VM operation: HandshakeAllThreads (Deoptimize) done
Event: 27.289 Executing VM operation: ParallelGCFailedAllocation (Allocation Failure)
Event: 27.296 Executing VM operation: ParallelGCFailedAllocation (Allocation Failure) done
Event: 28.527 Executing VM operation: ParallelGCFailedAllocation (Allocation Failure)
Event: 28.533 Executing VM operation: ParallelGCFailedAllocation (Allocation Failure) done
Event: 29.047 Executing VM operation: HandshakeAllThreads (Deoptimize)
Event: 29.047 Executing VM operation: HandshakeAllThreads (Deoptimize) done
Event: 29.490 Executing VM operation: ParallelGCFailedAllocation (Allocation Failure)
Event: 29.494 Executing VM operation: ParallelGCFailedAllocation (Allocation Failure) done
Event: 29.725 Executing VM operation: HandshakeAllThreads (Deoptimize)
Event: 29.726 Executing VM operation: HandshakeAllThreads (Deoptimize) done
Event: 30.537 Executing VM operation: ParallelGCFailedAllocation (Allocation Failure)
Event: 30.540 Executing VM operation: ParallelGCFailedAllocation (Allocation Failure) done
Event: 30.791 Executing VM operation: HandshakeAllThreads (Deoptimize)
Event: 30.791 Executing VM operation: HandshakeAllThreads (Deoptimize) done

Memory protections (0 events):
No events

Nmethod flushes (20 events):
Event: 22.520 Thread 0x000001e62c08e9c0 flushing  nmethod 0x000001e62f7a0310
Event: 22.520 Thread 0x000001e62c08e9c0 flushing  nmethod 0x000001e62f7f9e90
Event: 22.520 Thread 0x000001e62c08e9c0 flushing  nmethod 0x000001e62f821b10
Event: 22.520 Thread 0x000001e62c08e9c0 flushing  nmethod 0x000001e62f848890
Event: 22.520 Thread 0x000001e62c08e9c0 flushing  nmethod 0x000001e62f848c90
Event: 22.520 Thread 0x000001e62c08e9c0 flushing  nmethod 0x000001e62f849590
Event: 22.520 Thread 0x000001e62c08e9c0 flushing  nmethod 0x000001e62f84a790
Event: 22.520 Thread 0x000001e62c08e9c0 flushing  nmethod 0x000001e62f84b490
Event: 22.520 Thread 0x000001e62c08e9c0 flushing  nmethod 0x000001e62f84d190
Event: 22.520 Thread 0x000001e62c08e9c0 flushing  nmethod 0x000001e62f84ea10
Event: 22.520 Thread 0x000001e62c08e9c0 flushing  nmethod 0x000001e62f84f710
Event: 22.520 Thread 0x000001e62c08e9c0 flushing  nmethod 0x000001e62f850790
Event: 22.520 Thread 0x000001e62c08e9c0 flushing  nmethod 0x000001e62f850f90
Event: 22.520 Thread 0x000001e62c08e9c0 flushing  nmethod 0x000001e62f851e10
Event: 22.520 Thread 0x000001e62c08e9c0 flushing  nmethod 0x000001e62f8a1b90
Event: 22.520 Thread 0x000001e62c08e9c0 flushing  nmethod 0x000001e62f8a9d10
Event: 22.520 Thread 0x000001e62c08e9c0 flushing  nmethod 0x000001e62f8b2710
Event: 22.520 Thread 0x000001e62c08e9c0 flushing  nmethod 0x000001e62f8f9010
Event: 22.520 Thread 0x000001e62c08e9c0 flushing  nmethod 0x000001e62f927990
Event: 22.520 Thread 0x000001e62c08e9c0 flushing  nmethod 0x000001e62f966d90

Events (20 events):
Event: 23.104 Thread 0x000001e62bfd5fe0 Thread added: 0x000001e68923c8f0
Event: 23.140 Thread 0x000001e62bfd5fe0 Thread added: 0x000001e6892431f0
Event: 23.326 Thread 0x000001e682457510 Thread added: 0x000001e68923e330
Event: 23.577 Thread 0x000001e682457510 Thread added: 0x000001e689241e40
Event: 24.054 Thread 0x000001e62bfd5fe0 Thread added: 0x000001e689242b60
Event: 24.054 Thread 0x000001e62bfd5fe0 Thread added: 0x000001e6892417b0
Event: 24.203 Thread 0x000001e68909b350 Thread exited: 0x000001e68909b350
Event: 24.288 Thread 0x000001e682457510 Thread added: 0x000001e689243880
Event: 24.405 Thread 0x000001e640378c30 Thread added: 0x000001e687578f80
Event: 26.784 Thread 0x000001e687578f80 Thread exited: 0x000001e687578f80
Event: 27.422 Thread 0x000001e640378c30 Thread added: 0x000001e68b0eddc0
Event: 27.690 Thread 0x000001e68b0eddc0 Thread exited: 0x000001e68b0eddc0
Event: 28.572 Thread 0x000001e640378c30 Thread added: 0x000001e68943ed70
Event: 29.707 Thread 0x000001e68943ed70 Thread exited: 0x000001e68943ed70
Event: 30.174 Thread 0x000001e640308150 Thread added: 0x000001e688e6a410
Event: 30.220 Thread 0x000001e68923dca0 Thread added: 0x000001e689243f10
Event: 30.222 Thread 0x000001e68923dca0 Thread added: 0x000001e68923f050
Event: 31.232 Thread 0x000001e689243880 Thread added: 0x000001e689240400
Event: 31.260 Thread 0x000001e689240400 Thread added: 0x000001e68923e9c0
Event: 31.260 Thread 0x000001e689240400 Thread added: 0x000001e68923f6e0


Dynamic libraries:
0x00007ff6185a0000 - 0x00007ff6185ae000 	c:\Users\Asus\.vscode\extensions\redhat.java-1.42.0-win32-x64\jre\21.0.7-win32-x86_64\bin\java.exe
0x00007ffd314d0000 - 0x00007ffd316e7000 	C:\WINDOWS\SYSTEM32\ntdll.dll
0x00007ffd300d0000 - 0x00007ffd30194000 	C:\WINDOWS\System32\KERNEL32.DLL
0x00007ffd2e790000 - 0x00007ffd2eb62000 	C:\WINDOWS\System32\KERNELBASE.dll
0x00007ffd2e5c0000 - 0x00007ffd2e6d1000 	C:\WINDOWS\System32\ucrtbase.dll
0x00007ffcc1b90000 - 0x00007ffcc1ba8000 	c:\Users\Asus\.vscode\extensions\redhat.java-1.42.0-win32-x64\jre\21.0.7-win32-x86_64\bin\jli.dll
0x00007ffd30450000 - 0x00007ffd30601000 	C:\WINDOWS\System32\USER32.dll
0x00007ffd2e6e0000 - 0x00007ffd2e706000 	C:\WINDOWS\System32\win32u.dll
0x00007ffd30610000 - 0x00007ffd30639000 	C:\WINDOWS\System32\GDI32.dll
0x00007ffd2ef60000 - 0x00007ffd2f083000 	C:\WINDOWS\System32\gdi32full.dll
0x00007ffd2f0c0000 - 0x00007ffd2f15a000 	C:\WINDOWS\System32\msvcp_win.dll
0x00007ffc98fc0000 - 0x00007ffc98fde000 	c:\Users\Asus\.vscode\extensions\redhat.java-1.42.0-win32-x64\jre\21.0.7-win32-x86_64\bin\VCRUNTIME140.dll
0x00007ffd1da50000 - 0x00007ffd1dceb000 	C:\WINDOWS\WinSxS\amd64_microsoft.windows.common-controls_6595b64144ccf1df_6.0.22621.5415_none_270d77d17387d7da\COMCTL32.dll
0x00007ffd311a0000 - 0x00007ffd31247000 	C:\WINDOWS\System32\msvcrt.dll
0x00007ffd302b0000 - 0x00007ffd302e1000 	C:\WINDOWS\System32\IMM32.DLL
0x00007ffcdd720000 - 0x00007ffcdd72c000 	c:\Users\Asus\.vscode\extensions\redhat.java-1.42.0-win32-x64\jre\21.0.7-win32-x86_64\bin\vcruntime140_1.dll
0x00007ffc98f30000 - 0x00007ffc98fbd000 	c:\Users\Asus\.vscode\extensions\redhat.java-1.42.0-win32-x64\jre\21.0.7-win32-x86_64\bin\msvcp140.dll
0x00007ffc981a0000 - 0x00007ffc98f30000 	c:\Users\Asus\.vscode\extensions\redhat.java-1.42.0-win32-x64\jre\21.0.7-win32-x86_64\bin\server\jvm.dll
0x00007ffd30fc0000 - 0x00007ffd31071000 	C:\WINDOWS\System32\ADVAPI32.dll
0x00007ffd30f10000 - 0x00007ffd30fb8000 	C:\WINDOWS\System32\sechost.dll
0x00007ffd2f090000 - 0x00007ffd2f0b8000 	C:\WINDOWS\System32\bcrypt.dll
0x00007ffd31080000 - 0x00007ffd31194000 	C:\WINDOWS\System32\RPCRT4.dll
0x00007ffd2f490000 - 0x00007ffd2f501000 	C:\WINDOWS\System32\WS2_32.dll
0x00007ffd2e490000 - 0x00007ffd2e4dd000 	C:\WINDOWS\SYSTEM32\POWRPROF.dll
0x00007ffd2a500000 - 0x00007ffd2a534000 	C:\WINDOWS\SYSTEM32\WINMM.dll
0x00007ffd250d0000 - 0x00007ffd250da000 	C:\WINDOWS\SYSTEM32\VERSION.dll
0x00007ffd2e470000 - 0x00007ffd2e483000 	C:\WINDOWS\SYSTEM32\UMPDC.dll
0x00007ffd2d5f0000 - 0x00007ffd2d608000 	C:\WINDOWS\SYSTEM32\kernel.appcore.dll
0x00007ffcccd10000 - 0x00007ffcccd1a000 	c:\Users\Asus\.vscode\extensions\redhat.java-1.42.0-win32-x64\jre\21.0.7-win32-x86_64\bin\jimage.dll
0x00007ffd2bee0000 - 0x00007ffd2c113000 	C:\WINDOWS\SYSTEM32\DBGHELP.DLL
0x00007ffd2fd30000 - 0x00007ffd300c3000 	C:\WINDOWS\System32\combase.dll
0x00007ffd2fba0000 - 0x00007ffd2fc77000 	C:\WINDOWS\System32\OLEAUT32.dll
0x00007ffd1c2d0000 - 0x00007ffd1c302000 	C:\WINDOWS\SYSTEM32\dbgcore.DLL
0x00007ffd2e710000 - 0x00007ffd2e78b000 	C:\WINDOWS\System32\bcryptPrimitives.dll
0x00007ffd09fc0000 - 0x00007ffd09fcf000 	c:\Users\Asus\.vscode\extensions\redhat.java-1.42.0-win32-x64\jre\21.0.7-win32-x86_64\bin\instrument.dll
0x00007ffc98180000 - 0x00007ffc9819f000 	c:\Users\Asus\.vscode\extensions\redhat.java-1.42.0-win32-x64\jre\21.0.7-win32-x86_64\bin\java.dll
0x00007ffd30660000 - 0x00007ffd30f02000 	C:\WINDOWS\System32\SHELL32.dll
0x00007ffd2ecb0000 - 0x00007ffd2edef000 	C:\WINDOWS\System32\wintypes.dll
0x00007ffd2c4f0000 - 0x00007ffd2ce0e000 	C:\WINDOWS\SYSTEM32\windows.storage.dll
0x00007ffd2f300000 - 0x00007ffd2f40b000 	C:\WINDOWS\System32\SHCORE.dll
0x00007ffd31420000 - 0x00007ffd31489000 	C:\WINDOWS\System32\shlwapi.dll
0x00007ffd2e4f0000 - 0x00007ffd2e51b000 	C:\WINDOWS\SYSTEM32\profapi.dll
0x00007ffc98160000 - 0x00007ffc98178000 	c:\Users\Asus\.vscode\extensions\redhat.java-1.42.0-win32-x64\jre\21.0.7-win32-x86_64\bin\zip.dll
0x00007ffcca010000 - 0x00007ffcca020000 	C:\Users\Asus\.vscode\extensions\redhat.java-1.42.0-win32-x64\jre\21.0.7-win32-x86_64\bin\net.dll
0x00007ffd29e70000 - 0x00007ffd29f9c000 	C:\WINDOWS\SYSTEM32\WINHTTP.dll
0x00007ffd2da70000 - 0x00007ffd2dad9000 	C:\WINDOWS\system32\mswsock.dll
0x00007ffc98140000 - 0x00007ffc98156000 	C:\Users\Asus\.vscode\extensions\redhat.java-1.42.0-win32-x64\jre\21.0.7-win32-x86_64\bin\nio.dll
0x00007ffd09fb0000 - 0x00007ffd09fc0000 	c:\Users\Asus\.vscode\extensions\redhat.java-1.42.0-win32-x64\jre\21.0.7-win32-x86_64\bin\verify.dll
0x00007ffc99270000 - 0x00007ffc992b5000 	C:\Users\Asus\AppData\Roaming\Code\User\globalStorage\redhat.java\1.42.0\config_win\org.eclipse.equinox.launcher\org.eclipse.equinox.launcher.win32.win32.x86_64_1.2.1300.v20250331-1702\eclipse_11911.dll
0x00007ffd2f160000 - 0x00007ffd2f300000 	C:\WINDOWS\System32\ole32.dll
0x00007ffd2dcd0000 - 0x00007ffd2dceb000 	C:\WINDOWS\SYSTEM32\CRYPTSP.dll
0x00007ffd2d550000 - 0x00007ffd2d587000 	C:\WINDOWS\system32\rsaenh.dll
0x00007ffd2db60000 - 0x00007ffd2db88000 	C:\WINDOWS\SYSTEM32\USERENV.dll
0x00007ffd2dcc0000 - 0x00007ffd2dccc000 	C:\WINDOWS\SYSTEM32\CRYPTBASE.dll
0x00007ffd2d0b0000 - 0x00007ffd2d0dd000 	C:\WINDOWS\SYSTEM32\IPHLPAPI.DLL
0x00007ffd2f410000 - 0x00007ffd2f419000 	C:\WINDOWS\System32\NSI.dll
0x00007ffcdcb40000 - 0x00007ffcdcb89000 	C:\Users\Asus\AppData\Local\Temp\jna-2050672\jna2767123216476075749.dll
0x00007ffd2fb80000 - 0x00007ffd2fb88000 	C:\WINDOWS\System32\PSAPI.DLL
0x00007ffd29e50000 - 0x00007ffd29e69000 	C:\WINDOWS\SYSTEM32\dhcpcsvc6.DLL
0x00007ffd29d80000 - 0x00007ffd29d9f000 	C:\WINDOWS\SYSTEM32\dhcpcsvc.DLL
0x00007ffd1f670000 - 0x00007ffd1f697000 	C:\Users\Asus\.gradle\native\68d5fa5c4cc2d200863cafc0d521ce42e7d3e7ee720ec0a83991735586a16f82\windows-amd64\native-platform.dll
0x00007ffcc2d50000 - 0x00007ffcc2d5a000 	C:\Users\Asus\.vscode\extensions\redhat.java-1.42.0-win32-x64\jre\21.0.7-win32-x86_64\bin\management.dll
0x00007ffcc2d40000 - 0x00007ffcc2d4b000 	C:\Users\Asus\.vscode\extensions\redhat.java-1.42.0-win32-x64\jre\21.0.7-win32-x86_64\bin\management_ext.dll

dbghelp: loaded successfully - version: 4.0.5 - missing functions: none
symbol engine: initialized successfully - sym options: 0x614 - pdb path: .;c:\Users\Asus\.vscode\extensions\redhat.java-1.42.0-win32-x64\jre\21.0.7-win32-x86_64\bin;C:\WINDOWS\SYSTEM32;C:\WINDOWS\WinSxS\amd64_microsoft.windows.common-controls_6595b64144ccf1df_6.0.22621.5415_none_270d77d17387d7da;c:\Users\Asus\.vscode\extensions\redhat.java-1.42.0-win32-x64\jre\21.0.7-win32-x86_64\bin\server;C:\Users\Asus\AppData\Roaming\Code\User\globalStorage\redhat.java\1.42.0\config_win\org.eclipse.equinox.launcher\org.eclipse.equinox.launcher.win32.win32.x86_64_1.2.1300.v20250331-1702;C:\Users\Asus\AppData\Local\Temp\jna-2050672;C:\Users\Asus\.gradle\native\68d5fa5c4cc2d200863cafc0d521ce42e7d3e7ee720ec0a83991735586a16f82\windows-amd64

VM Arguments:
jvm_args: --add-modules=ALL-SYSTEM --add-opens=java.base/java.util=ALL-UNNAMED --add-opens=java.base/java.lang=ALL-UNNAMED --add-opens=java.base/sun.nio.fs=ALL-UNNAMED -Declipse.application=org.eclipse.jdt.ls.core.id1 -Dosgi.bundles.defaultStartLevel=4 -Declipse.product=org.eclipse.jdt.ls.core.product -Djava.import.generatesMetadataFilesAtProjectRoot=false -DDetectVMInstallationsJob.disabled=true -Dfile.encoding=utf8 -XX:+UseParallelGC -XX:GCTimeRatio=4 -XX:AdaptiveSizePolicyWeight=90 -Dsun.zip.disableMemoryMapping=true -Xmx1G -Xms100m -Xlog:disable -javaagent:c:\Users\Asus\.vscode\extensions\redhat.java-1.42.0-win32-x64\lombok\lombok-1.18.36.jar -XX:+HeapDumpOnOutOfMemoryError -XX:HeapDumpPath=c:\Users\Asus\AppData\Roaming\Code\User\workspaceStorage\a8035e0fcaa7a187a70305dbaf1ca7ec\redhat.java -Daether.dependencyCollector.impl=bf 
java_command: c:\Users\Asus\.vscode\extensions\redhat.java-1.42.0-win32-x64\server\plugins\org.eclipse.equinox.launcher_1.7.0.v20250424-1814.jar -configuration c:\Users\Asus\AppData\Roaming\Code\User\globalStorage\redhat.java\1.42.0\config_win -data c:\Users\Asus\AppData\Roaming\Code\User\workspaceStorage\a8035e0fcaa7a187a70305dbaf1ca7ec\redhat.java\jdt_ws --pipe=\\.\pipe\lsp-4b27a01970d1a9ad354030fa5b44f282-sock
java_class_path (initial): c:\Users\Asus\.vscode\extensions\redhat.java-1.42.0-win32-x64\server\plugins\org.eclipse.equinox.launcher_1.7.0.v20250424-1814.jar
Launcher Type: SUN_STANDARD

[Global flags]
    uintx AdaptiveSizePolicyWeight                 = 90                                        {product} {command line}
     intx CICompilerCount                          = 3                                         {product} {ergonomic}
    uintx GCTimeRatio                              = 4                                         {product} {command line}
     bool HeapDumpOnOutOfMemoryError               = true                                   {manageable} {command line}
    ccstr HeapDumpPath                             = c:\Users\Asus\AppData\Roaming\Code\User\workspaceStorage\a8035e0fcaa7a187a70305dbaf1ca7ec\redhat.java         {manageable} {command line}
   size_t InitialHeapSize                          = 104857600                                 {product} {command line}
   size_t MaxHeapSize                              = 1073741824                                {product} {command line}
   size_t MaxNewSize                               = 357564416                                 {product} {ergonomic}
   size_t MinHeapDeltaBytes                        = 524288                                    {product} {ergonomic}
   size_t MinHeapSize                              = 104857600                                 {product} {command line}
   size_t NewSize                                  = 34603008                                  {product} {ergonomic}
    uintx NonNMethodCodeHeapSize                   = 5832780                                {pd product} {ergonomic}
    uintx NonProfiledCodeHeapSize                  = 122912730                              {pd product} {ergonomic}
   size_t OldSize                                  = 70254592                                  {product} {ergonomic}
    uintx ProfiledCodeHeapSize                     = 122912730                              {pd product} {ergonomic}
    uintx ReservedCodeCacheSize                    = 251658240                              {pd product} {ergonomic}
     bool SegmentedCodeCache                       = true                                      {product} {ergonomic}
   size_t SoftMaxHeapSize                          = 1073741824                             {manageable} {ergonomic}
     bool UseCompressedOops                        = true                           {product lp64_product} {ergonomic}
     bool UseLargePagesIndividualAllocation        = false                                  {pd product} {ergonomic}
     bool UseParallelGC                            = true                                      {product} {command line}

Logging:
Log output configuration:
 #0: stdout all=off uptime,level,tags foldmultilines=false
 #1: stderr all=off uptime,level,tags foldmultilines=false

Environment Variables:
JAVA_HOME=E:\SOFTWARE\jdk-17.0.11_windows-x64_bin\jdk-17.0.11
PATH=E:\SOFTWARE\VMWare\bin\;E:\SOFTWARE\jdk-17.0.11_windows-x64_bin\jdk-17.0.11\bin;E:\SOFTWARE\jdk-21_windows-x64_bin\jdk-21.0.5;E:\SOFTWARE\sonar-scanner-cli-6.2.1.4610-windows-x64\sonar-scanner-6.2.1.4610-windows-x64\bin;C:\Program Files\Common Files\Oracle\Java\javapath;C:\Program Files (x86)\Common Files\Oracle\Java\java8path;C:\Program Files (x86)\Common Files\Oracle\Java\javapath;D:\app\Asus\product\11.2.0\bin;C:\Program Files (x86)\Common Files\Intel\Shared Libraries\redist\intel64\compiler;C:\WINDOWS\system32;C:\WINDOWS;C:\WINDOWS\System32\Wbem;C:\WINDOWS\System32\WindowsPowerShell\v1.0\;C:\WINDOWS\System32\OpenSSH\;D:\software\Git\cmd;C:\XAMPP\mysql\bin;C:\ProgramData\chocolatey\bin;C:\Program Files\nodejs\;C:\xampp\php;C:\ProgramData\ComposerSetup\bin;E:\explore\SPRING BOOT\apache-maven-3.9.9-bin\apache-maven-3.9.9\bin;C:\Program Files\Go\bin;C:\Users\Asus\AppData\Local\Android\Sdk\platform-tools;E:\SOFTWARE\puTTY\;C:\Users\Asus\AppData\Local\Programs\Python\Launcher\;C:\Users\Asus\AppData\Local\Microsoft\WindowsApps;C:\Users\Asus\AppData\Local\Programs\Microsoft VS Code\bin;C:\Program Files (x86)\mingw32\bin;C:\msys64\ucrt64\bin;C:\Users\Asus\AppData\Roaming\npm;C:\Users\Asus\AppData\Roaming\Composer\vendor\bin;C:\Users\Asus\go\bin;E:\explore\WEB\project-1\app\tvs\flutter\bin;E:\SOFTWARE\GCloud\google-cloud-sdk\bin
USERNAME=Asus
OS=Windows_NT
PROCESSOR_IDENTIFIER=AMD64 Family 23 Model 24 Stepping 1, AuthenticAMD
TMP=C:\Users\Asus\AppData\Local\Temp
TEMP=C:\Users\Asus\AppData\Local\Temp




Periodic native trim disabled

---------------  S Y S T E M  ---------------

OS:
 Windows 11 , 64 bit Build 22621 (10.0.22621.5415)
OS uptime: 0 days 0:08 hours

CPU: total 4 (initial active 4) (4 cores per cpu, 2 threads per core) family 23 model 24 stepping 1 microcode 0x0, cx8, cmov, fxsr, ht, mmx, 3dnowpref, sse, sse2, sse3, ssse3, sse4a, sse4.1, sse4.2, popcnt, lzcnt, tsc, tscinvbit, avx, avx2, aes, clmul, bmi1, bmi2, adx, sha, fma, vzeroupper, clflush, clflushopt, rdtscp, f16c
Processor Information for the first 4 processors :
  Max Mhz: 2600, Current Mhz: 2600, Mhz Limit: 2600

Memory: 4k page, system-wide physical 14286M (4266M free)
TotalPageFile size 14286M (AvailPageFile size 8M)
current process WorkingSet (physical memory assigned to process): 240M, peak: 248M
current process commit charge ("private bytes"): 309M, peak: 321M

vm_info: OpenJDK 64-Bit Server VM (21.0.7+6-LTS) for windows-amd64 JRE (21.0.7+6-LTS), built on 2025-04-15T00:00:00Z by "admin" with MS VC++ 17.7 (VS2022)

END.
