#
# There is insufficient memory for the Java Runtime Environment to continue.
# Native memory allocation (malloc) failed to allocate 1114896 bytes for Chunk::new
# Possible reasons:
#   The system is out of physical RAM or swap space
#   The process is running with CompressedOops enabled, and the Java Heap may be blocking the growth of the native heap
# Possible solutions:
#   Reduce memory load on the system
#   Increase physical memory or swap space
#   Check if swap backing store is full
#   Decrease Java heap size (-Xmx/-Xms)
#   Decrease number of Java threads
#   Decrease Java thread stack sizes (-Xss)
#   Set larger code cache with -XX:ReservedCodeCacheSize=
#   JVM is running with Zero Based Compressed Oops mode in which the Java heap is
#     placed in the first 32GB address space. The Java Heap base address is the
#     maximum limit for the native heap growth. Please use -XX:HeapBaseMinAddress
#     to set the Java Heap base and to place the Java Heap above 32GB virtual address.
# This output file may be truncated or incomplete.
#
#  Out of Memory Error (arena.cpp:189), pid=17032, tid=16220
#
# JRE version: Java(TM) SE Runtime Environment (17.0.11+7) (build 17.0.11+7-LTS-207)
# Java VM: Java HotSpot(TM) 64-Bit Server VM (17.0.11+7-LTS-207, mixed mode, sharing, tiered, compressed oops, compressed class ptrs, g1 gc, windows-amd64)
# No core dump will be written. Minidumps are not enabled by default on client versions of Windows
#

---------------  S U M M A R Y ------------

Command Line: -XX:MaxMetaspaceSize=2G -XX:+HeapDumpOnOutOfMemoryError --add-opens=java.base/java.util=ALL-UNNAMED --add-opens=java.base/java.lang=ALL-UNNAMED --add-opens=java.base/java.lang.invoke=ALL-UNNAMED --add-opens=java.prefs/java.util.prefs=ALL-UNNAMED --add-opens=java.base/java.nio.charset=ALL-UNNAMED --add-opens=java.base/java.net=ALL-UNNAMED --add-opens=java.base/java.util.concurrent.atomic=ALL-UNNAMED -Xmx4G -Dfile.encoding=utf8 -Duser.country=ID -Duser.language=en -Duser.variant -javaagent:C:\Users\Asus\.gradle\wrapper\dists\gradle-8.3-all\6en3ugtfdg5xnpx44z4qbwgas\gradle-8.3\lib\agents\gradle-instrumentation-agent-8.3.jar org.gradle.launcher.daemon.bootstrap.GradleDaemon 8.3

Host: AMD Ryzen 3 3250U with Radeon Graphics         , 4 cores, 13G,  Windows 11 , 64 bit Build 22621 (10.0.22621.5415)
Time: Mon Jun 16 01:00:00 2025 SE Asia Standard Time elapsed time: 195.055985 seconds (0d 0h 3m 15s)

---------------  T H R E A D  ---------------

Current thread (0x000001c07f784190):  JavaThread "C2 CompilerThread0" daemon [_thread_in_native, id=16220, stack(0x00000078c9c00000,0x00000078c9d00000)]


Current CompileTask:
C2: 195056 12960       4       groovyjarjarantlr4.v4.runtime.atn.LexerATNSimulator::closure (258 bytes)

Stack: [0x00000078c9c00000,0x00000078c9d00000]
Native frames: (J=compiled Java code, j=interpreted, Vv=VM code, C=native code)
V  [jvm.dll+0x679cca]
V  [jvm.dll+0x7da13d]
V  [jvm.dll+0x7dba83]
V  [jvm.dll+0x7dc0f3]
V  [jvm.dll+0x2449af]
V  [jvm.dll+0xab83b]
V  [jvm.dll+0xabe1c]
V  [jvm.dll+0x36155f]
V  [jvm.dll+0x1b9dda]
V  [jvm.dll+0x216337]
V  [jvm.dll+0x21560f]
V  [jvm.dll+0x1a2040]
V  [jvm.dll+0x225a2b]
V  [jvm.dll+0x223bcb]
V  [jvm.dll+0x7903ec]
V  [jvm.dll+0x78a85a]
V  [jvm.dll+0x678bb5]
C  [ucrtbase.dll+0x29333]
C  [KERNEL32.DLL+0x1259d]
C  [ntdll.dll+0x5af78]


---------------  P R O C E S S  ---------------

Threads class SMR info:
_java_thread_list=0x000001c0606b3350, length=70, elements={
0x000001c0741d7ea0, 0x000001c07f764f70, 0x000001c07f765d00, 0x000001c07f77a570,
0x000001c07f77d350, 0x000001c07f77e3c0, 0x000001c07f77f430, 0x000001c07f784190,
0x000001c07f7852f0, 0x000001c07f78a3c0, 0x000001c07f751580, 0x000001c07fa3ad10,
0x000001c05daa08a0, 0x000001c05d9fe2a0, 0x000001c05cc56080, 0x000001c05cdebd90,
0x000001c07fc4b250, 0x000001c05cec6d40, 0x000001c05cec44c0, 0x000001c05cec5e10,
0x000001c05cec3aa0, 0x000001c05cec3fb0, 0x000001c05cec4ee0, 0x000001c05cec6830,
0x000001c05cec5900, 0x000001c05ddd1860, 0x000001c05ddd31b0, 0x000001c05ddd36c0,
0x000001c05ddd4b00, 0x000001c05ddd3bd0, 0x000001c05ddd40e0, 0x000001c05ddd45f0,
0x000001c05ddd2280, 0x000001c05ddd2790, 0x000001c05ddd2ca0, 0x000001c05e659b20,
0x000001c05e655950, 0x000001c05e656d90, 0x000001c05e656880, 0x000001c05e6581d0,
0x000001c05e6586e0, 0x000001c05e657cc0, 0x000001c05e6572a0, 0x000001c05e6577b0,
0x000001c05e6535e0, 0x000001c05e658bf0, 0x000001c05e659100, 0x000001c05e6530d0,
0x000001c05ff01e40, 0x000001c05fefbe10, 0x000001c05fefeba0, 0x000001c05fefc320,
0x000001c05ff01420, 0x000001c05feff5c0, 0x000001c05fefaee0, 0x000001c05fefffe0,
0x000001c05ff00a00, 0x000001c05ff004f0, 0x000001c05feffad0, 0x000001c05fefb3f0,
0x000001c05ff02860, 0x000001c05ff02350, 0x000001c05fefcd40, 0x000001c05e653af0,
0x000001c05cec49d0, 0x000001c05cec6320, 0x000001c060cc2300, 0x000001c060cc2810,
0x000001c060cc3230, 0x000001c05f0f98b0
}

Java Threads: ( => current thread )
  0x000001c0741d7ea0 JavaThread "main" [_thread_blocked, id=16712, stack(0x00000078c8f00000,0x00000078c9000000)]
  0x000001c07f764f70 JavaThread "Reference Handler" daemon [_thread_blocked, id=2052, stack(0x00000078c9600000,0x00000078c9700000)]
  0x000001c07f765d00 JavaThread "Finalizer" daemon [_thread_blocked, id=13092, stack(0x00000078c9700000,0x00000078c9800000)]
  0x000001c07f77a570 JavaThread "Signal Dispatcher" daemon [_thread_blocked, id=13568, stack(0x00000078c9800000,0x00000078c9900000)]
  0x000001c07f77d350 JavaThread "Attach Listener" daemon [_thread_blocked, id=11320, stack(0x00000078c9900000,0x00000078c9a00000)]
  0x000001c07f77e3c0 JavaThread "Service Thread" daemon [_thread_blocked, id=10660, stack(0x00000078c9a00000,0x00000078c9b00000)]
  0x000001c07f77f430 JavaThread "Monitor Deflation Thread" daemon [_thread_blocked, id=5076, stack(0x00000078c9b00000,0x00000078c9c00000)]
=>0x000001c07f784190 JavaThread "C2 CompilerThread0" daemon [_thread_in_native, id=16220, stack(0x00000078c9c00000,0x00000078c9d00000)]
  0x000001c07f7852f0 JavaThread "C1 CompilerThread0" daemon [_thread_blocked, id=1476, stack(0x00000078c9d00000,0x00000078c9e00000)]
  0x000001c07f78a3c0 JavaThread "Sweeper thread" daemon [_thread_blocked, id=15524, stack(0x00000078c9e00000,0x00000078c9f00000)]
  0x000001c07f751580 JavaThread "Common-Cleaner" daemon [_thread_blocked, id=9788, stack(0x00000078c9f00000,0x00000078ca000000)]
  0x000001c07fa3ad10 JavaThread "Notification Thread" daemon [_thread_blocked, id=12080, stack(0x00000078ca000000,0x00000078ca100000)]
  0x000001c05daa08a0 JavaThread "Daemon health stats" [_thread_blocked, id=12276, stack(0x00000078ca600000,0x00000078ca700000)]
  0x000001c05d9fe2a0 JavaThread "Incoming local TCP Connector on port 51159" [_thread_in_native, id=6316, stack(0x00000078ca200000,0x00000078ca300000)]
  0x000001c05cc56080 JavaThread "Daemon periodic checks" [_thread_blocked, id=7412, stack(0x00000078ca700000,0x00000078ca800000)]
  0x000001c05cdebd90 JavaThread "Daemon" [_thread_blocked, id=5744, stack(0x00000078ca800000,0x00000078ca900000)]
  0x000001c07fc4b250 JavaThread "Handler for socket connection from /127.0.0.1:51159 to /127.0.0.1:51162" [_thread_in_native, id=13528, stack(0x00000078ca900000,0x00000078caa00000)]
  0x000001c05cec6d40 JavaThread "Cancel handler" [_thread_blocked, id=17360, stack(0x00000078caa00000,0x00000078cab00000)]
  0x000001c05cec44c0 JavaThread "Daemon worker" [_thread_in_Java, id=10252, stack(0x00000078cab00000,0x00000078cac00000)]
  0x000001c05cec5e10 JavaThread "Asynchronous log dispatcher for DefaultDaemonConnection: socket connection from /127.0.0.1:51159 to /127.0.0.1:51162" [_thread_blocked, id=13808, stack(0x00000078cac00000,0x00000078cad00000)]
  0x000001c05cec3aa0 JavaThread "Daemon client event forwarder" [_thread_blocked, id=5012, stack(0x00000078cae00000,0x00000078caf00000)]
  0x000001c05cec3fb0 JavaThread "Cache worker for journal cache (C:\Users\Asus\.gradle\caches\journal-1)" [_thread_blocked, id=13336, stack(0x00000078caf00000,0x00000078cb000000)]
  0x000001c05cec4ee0 JavaThread "File lock request listener" [_thread_in_native, id=6276, stack(0x00000078cb000000,0x00000078cb100000)]
  0x000001c05cec6830 JavaThread "Cache worker for file hash cache (C:\Users\Asus\.gradle\caches\8.3\fileHashes)" [_thread_blocked, id=17296, stack(0x00000078cb100000,0x00000078cb200000)]
  0x000001c05cec5900 JavaThread "File watcher server" daemon [_thread_in_native, id=3892, stack(0x00000078cb300000,0x00000078cb400000)]
  0x000001c05ddd1860 JavaThread "File watcher consumer" daemon [_thread_blocked, id=12192, stack(0x00000078cb400000,0x00000078cb500000)]
  0x000001c05ddd31b0 JavaThread "jar transforms" [_thread_blocked, id=6608, stack(0x00000078cb500000,0x00000078cb600000)]
  0x000001c05ddd36c0 JavaThread "jar transforms Thread 2" [_thread_blocked, id=13952, stack(0x00000078cb600000,0x00000078cb700000)]
  0x000001c05ddd4b00 JavaThread "jar transforms Thread 3" [_thread_blocked, id=16240, stack(0x00000078cb700000,0x00000078cb800000)]
  0x000001c05ddd3bd0 JavaThread "Cache worker for checksums cache (E:\telyu\Matkul\SEM6\APB\FLUTTER-TRAVEL-APP\travel_app\android\.gradle\8.3\checksums)" [_thread_blocked, id=10576, stack(0x00000078cb200000,0x00000078cb300000)]
  0x000001c05ddd40e0 JavaThread "Cache worker for file hash cache (E:\telyu\Matkul\SEM6\APB\FLUTTER-TRAVEL-APP\travel_app\android\.gradle\8.3\fileHashes)" [_thread_blocked, id=14236, stack(0x00000078cb800000,0x00000078cb900000)]
  0x000001c05ddd45f0 JavaThread "Cache worker for cache directory md-supplier (C:\Users\Asus\.gradle\caches\8.3\md-supplier)" [_thread_blocked, id=11360, stack(0x00000078cb900000,0x00000078cba00000)]
  0x000001c05ddd2280 JavaThread "Cache worker for file content cache (C:\Users\Asus\.gradle\caches\8.3\fileContent)" [_thread_blocked, id=15344, stack(0x00000078cba00000,0x00000078cbb00000)]
  0x000001c05ddd2790 JavaThread "Cache worker for cache directory md-rule (C:\Users\Asus\.gradle\caches\8.3\md-rule)" [_thread_blocked, id=128, stack(0x00000078cbb00000,0x00000078cbc00000)]
  0x000001c05ddd2ca0 JavaThread "Cache worker for execution history cache (C:\Users\Asus\.gradle\caches\8.3\executionHistory)" [_thread_blocked, id=11220, stack(0x00000078cbc00000,0x00000078cbd00000)]
  0x000001c05e659b20 JavaThread "jar transforms Thread 4" [_thread_blocked, id=16140, stack(0x00000078cbf00000,0x00000078cc000000)]
  0x000001c05e655950 JavaThread "Cache worker for kotlin-dsl (C:\Users\Asus\.gradle\caches\8.3\kotlin-dsl)" [_thread_blocked, id=13944, stack(0x00000078cbd00000,0x00000078cbe00000)]
  0x000001c05e656d90 JavaThread "Cache worker for dependencies-accessors (E:\telyu\Matkul\SEM6\APB\FLUTTER-TRAVEL-APP\travel_app\android\.gradle\8.3\dependencies-accessors)" [_thread_blocked, id=6568, stack(0x00000078cc000000,0x00000078cc100000)]
  0x000001c05e656880 JavaThread "Cache worker for Build Output Cleanup Cache (E:\explore\WEB\project-1\app\tvs\flutter\packages\flutter_tools\gradle\.gradle\buildOutputCleanup)" [_thread_blocked, id=14772, stack(0x00000078cc200000,0x00000078cc300000)]
  0x000001c05e6581d0 JavaThread "Memory manager" [_thread_blocked, id=12720, stack(0x00000078cc300000,0x00000078cc400000)]
  0x000001c05e6586e0 JavaThread "Execution worker" [_thread_blocked, id=14556, stack(0x00000078cc400000,0x00000078cc500000)]
  0x000001c05e657cc0 JavaThread "Execution worker Thread 2" [_thread_blocked, id=13588, stack(0x00000078cc500000,0x00000078cc600000)]
  0x000001c05e6572a0 JavaThread "Execution worker Thread 3" [_thread_blocked, id=8132, stack(0x00000078cc600000,0x00000078cc700000)]
  0x000001c05e6577b0 JavaThread "Cache worker for execution history cache (E:\explore\WEB\project-1\app\tvs\flutter\packages\flutter_tools\gradle\.gradle\8.3\executionHistory)" [_thread_blocked, id=10812, stack(0x00000078cc700000,0x00000078cc800000)]
  0x000001c05e6535e0 JavaThread "Unconstrained build operations" [_thread_blocked, id=15316, stack(0x00000078cc800000,0x00000078cc900000)]
  0x000001c05e658bf0 JavaThread "Unconstrained build operations Thread 2" [_thread_blocked, id=13388, stack(0x00000078cc900000,0x00000078cca00000)]
  0x000001c05e659100 JavaThread "Unconstrained build operations Thread 3" [_thread_blocked, id=4568, stack(0x00000078cca00000,0x00000078ccb00000)]
  0x000001c05e6530d0 JavaThread "Exec process" [_thread_in_native, id=10484, stack(0x00000078ccc00000,0x00000078ccd00000)]
  0x000001c05ff01e40 JavaThread "Exec process Thread 3" [_thread_in_native, id=14156, stack(0x00000078ccf00000,0x00000078cd000000)]
  0x000001c05fefbe10 JavaThread "Exec process Thread 4" [_thread_in_native, id=1300, stack(0x00000078cd000000,0x00000078cd100000)]
  0x000001c05fefeba0 JavaThread "/127.0.0.1:51179 to /127.0.0.1:51184 workers" [_thread_blocked, id=13196, stack(0x00000078ccd00000,0x00000078cce00000)]
  0x000001c05fefc320 JavaThread "/127.0.0.1:51179 to /127.0.0.1:51184 workers Thread 2" [_thread_blocked, id=6784, stack(0x00000078cd200000,0x00000078cd300000)]
  0x000001c05ff01420 JavaThread "/127.0.0.1:51179 to /127.0.0.1:51184 workers Thread 3" [_thread_blocked, id=16452, stack(0x00000078cd300000,0x00000078cd400000)]
  0x000001c05feff5c0 JavaThread "/127.0.0.1:51179 to /127.0.0.1:51184 workers Thread 4" [_thread_blocked, id=4740, stack(0x00000078cd400000,0x00000078cd500000)]
  0x000001c05fefaee0 JavaThread "/127.0.0.1:51179 to /127.0.0.1:51184 workers Thread 5" [_thread_in_native, id=2764, stack(0x00000078cd500000,0x00000078cd600000)]
  0x000001c05fefffe0 JavaThread "Unconstrained build operations Thread 4" [_thread_blocked, id=2040, stack(0x00000078c8d00000,0x00000078c8e00000)]
  0x000001c05ff00a00 JavaThread "Unconstrained build operations Thread 5" [_thread_blocked, id=15468, stack(0x00000078cad00000,0x00000078cae00000)]
  0x000001c05ff004f0 JavaThread "Unconstrained build operations Thread 6" [_thread_blocked, id=10720, stack(0x00000078cd600000,0x00000078cd700000)]
  0x000001c05feffad0 JavaThread "Cache worker for Build Output Cleanup Cache (E:\telyu\Matkul\SEM6\APB\FLUTTER-TRAVEL-APP\travel_app\android\.gradle\buildOutputCleanup)" [_thread_blocked, id=15712, stack(0x00000078c8c00000,0x00000078c8d00000)]
  0x000001c05fefb3f0 JavaThread "build event listener" [_thread_blocked, id=9800, stack(0x00000078ccb00000,0x00000078ccc00000)]
  0x000001c05ff02860 JavaThread "Unconstrained build operations Thread 7" [_thread_blocked, id=2096, stack(0x00000078cd800000,0x00000078cd900000)]
  0x000001c05ff02350 JavaThread "Unconstrained build operations Thread 8" [_thread_blocked, id=17320, stack(0x00000078cd900000,0x00000078cda00000)]
  0x000001c05fefcd40 JavaThread "Unconstrained build operations Thread 9" [_thread_blocked, id=2772, stack(0x00000078cda00000,0x00000078cdb00000)]
  0x000001c05e653af0 JavaThread "Unconstrained build operations Thread 10" [_thread_blocked, id=6724, stack(0x00000078cc100000,0x00000078cc200000)]
  0x000001c05cec49d0 JavaThread "Unconstrained build operations Thread 11" [_thread_blocked, id=5304, stack(0x00000078cce00000,0x00000078ccf00000)]
  0x000001c05cec6320 JavaThread "Unconstrained build operations Thread 12" [_thread_blocked, id=10912, stack(0x00000078cd700000,0x00000078cd800000)]
  0x000001c060cc2300 JavaThread "Unconstrained build operations Thread 13" [_thread_blocked, id=3560, stack(0x00000078cdb00000,0x00000078cdc00000)]
  0x000001c060cc2810 JavaThread "Unconstrained build operations Thread 14" [_thread_blocked, id=15428, stack(0x00000078cdc00000,0x00000078cdd00000)]
  0x000001c060cc3230 JavaThread "Unconstrained build operations Thread 15" [_thread_blocked, id=15168, stack(0x00000078cdd00000,0x00000078cde00000)]
  0x000001c05f0f98b0 JavaThread "C2 CompilerThread1" daemon [_thread_in_native, id=14348, stack(0x00000078c8e00000,0x00000078c8f00000)]

Other Threads:
  0x000001c07f760cc0 VMThread "VM Thread" [stack: 0x00000078c9500000,0x00000078c9600000] [id=13444]
  0x000001c07fa3b1f0 WatcherThread [stack: 0x00000078ca100000,0x00000078ca200000] [id=13968]
  0x000001c074245f20 GCTaskThread "GC Thread#0" [stack: 0x00000078c9000000,0x00000078c9100000] [id=3864]
  0x000001c05c111600 GCTaskThread "GC Thread#1" [stack: 0x00000078ca300000,0x00000078ca400000] [id=16444]
  0x000001c05c134440 GCTaskThread "GC Thread#2" [stack: 0x00000078ca400000,0x00000078ca500000] [id=14760]
  0x000001c05c134700 GCTaskThread "GC Thread#3" [stack: 0x00000078ca500000,0x00000078ca600000] [id=15764]
  0x000001c074256d80 ConcurrentGCThread "G1 Main Marker" [stack: 0x00000078c9100000,0x00000078c9200000] [id=14340]
  0x000001c0742576a0 ConcurrentGCThread "G1 Conc#0" [stack: 0x00000078c9200000,0x00000078c9300000] [id=16372]
  0x000001c074297480 ConcurrentGCThread "G1 Refine#0" [stack: 0x00000078c9300000,0x00000078c9400000] [id=12988]
  0x000001c07f928380 ConcurrentGCThread "G1 Refine#1" [stack: 0x00000078cbe00000,0x00000078cbf00000] [id=11544]
  0x000001c074297dc0 ConcurrentGCThread "G1 Service" [stack: 0x00000078c9400000,0x00000078c9500000] [id=10492]

Threads with active compile tasks:
C2 CompilerThread0   195108 12960       4       groovyjarjarantlr4.v4.runtime.atn.LexerATNSimulator::closure (258 bytes)
C1 CompilerThread0   195108 13002       3       groovyjarjarantlr4.v4.runtime.atn.ParserATNSimulator::execATN (730 bytes)
C2 CompilerThread1   195108 12980 %     4       groovyjarjarantlr4.v4.runtime.atn.ParserATNSimulator::computeTargetState @ 73 (617 bytes)

VM state: not at safepoint (normal execution)

VM Mutex/Monitor currently owned by a thread:  ([mutex/lock_event])
[0x000001c0741d4690] CodeCache_lock - owner thread: 0x000001c05f0f98b0
[0x000001c0741d36d0] Compile_lock - owner thread: 0x000001c05f0f98b0
[0x000001c0741d3be0] MethodCompileQueue_lock - owner thread: 0x000001c05f0f98b0

Heap address: 0x0000000700000000, size: 4096 MB, Compressed Oops mode: Zero based, Oop shift amount: 3

CDS archive(s) mapped at: [0x000001c017000000-0x000001c017bd0000-0x000001c017bd0000), size 12386304, SharedBaseAddress: 0x000001c017000000, ArchiveRelocationMode: 1.
Compressed class space mapped at: 0x000001c018000000-0x000001c058000000, reserved size: 1073741824
Narrow klass base: 0x000001c017000000, Narrow klass shift: 0, Narrow klass range: 0x100000000

GC Precious Log:
 CPUs: 4 total, 4 available
 Memory: 14286M
 Large Page Support: Disabled
 NUMA Support: Disabled
 Compressed Oops: Enabled (Zero based)
 Heap Region Size: 2M
 Heap Min Capacity: 8M
 Heap Initial Capacity: 224M
 Heap Max Capacity: 4G
 Pre-touch: Disabled
 Parallel Workers: 4
 Concurrent Workers: 1
 Concurrent Refinement Workers: 4
 Periodic GC: Disabled

Heap:
 garbage-first heap   total 235520K, used 183995K [0x0000000700000000, 0x0000000800000000)
  region size 2048K, 27 young (55296K), 1 survivors (2048K)
 Metaspace       used 94566K, committed 95552K, reserved 1179648K
  class space    used 13418K, committed 13888K, reserved 1048576K

Heap Regions: E=young(eden), S=young(survivor), O=old, HS=humongous(starts), HC=humongous(continues), CS=collection set, F=free, OA=open archive, CA=closed archive, TAMS=top-at-mark-start (previous, next)
|   0|0x0000000700000000, 0x0000000700200000, 0x0000000700200000|100%| O|  |TAMS 0x0000000700200000, 0x0000000700000000| Untracked 
|   1|0x0000000700200000, 0x0000000700400000, 0x0000000700400000|100%|HS|  |TAMS 0x0000000700400000, 0x0000000700200000| Complete 
|   2|0x0000000700400000, 0x0000000700600000, 0x0000000700600000|100%|HC|  |TAMS 0x0000000700600000, 0x0000000700400000| Complete 
|   3|0x0000000700600000, 0x0000000700800000, 0x0000000700800000|100%| O|  |TAMS 0x0000000700800000, 0x0000000700600000| Untracked 
|   4|0x0000000700800000, 0x0000000700899600, 0x0000000700a00000| 29%| O|  |TAMS 0x0000000700899600, 0x0000000700800000| Untracked 
|   5|0x0000000700a00000, 0x0000000700c00000, 0x0000000700c00000|100%| O|  |TAMS 0x0000000700c00000, 0x0000000700a00000| Untracked 
|   6|0x0000000700c00000, 0x0000000700e00000, 0x0000000700e00000|100%| O|  |TAMS 0x0000000700e00000, 0x0000000700c00000| Untracked 
|   7|0x0000000700e00000, 0x0000000701000000, 0x0000000701000000|100%| O|  |TAMS 0x0000000701000000, 0x0000000700e00000| Untracked 
|   8|0x0000000701000000, 0x0000000701200000, 0x0000000701200000|100%| O|  |TAMS 0x0000000701200000, 0x0000000701000000| Untracked 
|   9|0x0000000701200000, 0x0000000701400000, 0x0000000701400000|100%| O|  |TAMS 0x0000000701400000, 0x0000000701200000| Untracked 
|  10|0x0000000701400000, 0x0000000701600000, 0x0000000701600000|100%| O|  |TAMS 0x0000000701600000, 0x0000000701400000| Untracked 
|  11|0x0000000701600000, 0x0000000701800000, 0x0000000701800000|100%| O|  |TAMS 0x0000000701800000, 0x0000000701600000| Untracked 
|  12|0x0000000701800000, 0x0000000701a00000, 0x0000000701a00000|100%| O|  |TAMS 0x0000000701a00000, 0x0000000701800000| Untracked 
|  13|0x0000000701a00000, 0x0000000701c00000, 0x0000000701c00000|100%| O|  |TAMS 0x0000000701c00000, 0x0000000701a00000| Untracked 
|  14|0x0000000701c00000, 0x0000000701e00000, 0x0000000701e00000|100%| O|  |TAMS 0x0000000701e00000, 0x0000000701c00000| Untracked 
|  15|0x0000000701e00000, 0x0000000702000000, 0x0000000702000000|100%| O|  |TAMS 0x0000000702000000, 0x0000000701e00000| Untracked 
|  16|0x0000000702000000, 0x0000000702200000, 0x0000000702200000|100%| O|  |TAMS 0x0000000702200000, 0x0000000702000000| Untracked 
|  17|0x0000000702200000, 0x0000000702400000, 0x0000000702400000|100%| O|  |TAMS 0x0000000702400000, 0x0000000702200000| Untracked 
|  18|0x0000000702400000, 0x0000000702600000, 0x0000000702600000|100%| O|  |TAMS 0x0000000702600000, 0x0000000702400000| Untracked 
|  19|0x0000000702600000, 0x0000000702800000, 0x0000000702800000|100%| O|  |TAMS 0x0000000702800000, 0x0000000702600000| Untracked 
|  20|0x0000000702800000, 0x0000000702a00000, 0x0000000702a00000|100%| O|  |TAMS 0x0000000702a00000, 0x0000000702800000| Untracked 
|  21|0x0000000702a00000, 0x0000000702c00000, 0x0000000702c00000|100%| O|  |TAMS 0x0000000702c00000, 0x0000000702a00000| Untracked 
|  22|0x0000000702c00000, 0x0000000702e00000, 0x0000000702e00000|100%| O|  |TAMS 0x0000000702e00000, 0x0000000702c00000| Untracked 
|  23|0x0000000702e00000, 0x0000000703000000, 0x0000000703000000|100%|HS|  |TAMS 0x0000000703000000, 0x0000000702e00000| Complete 
|  24|0x0000000703000000, 0x0000000703200000, 0x0000000703200000|100%| O|  |TAMS 0x0000000703200000, 0x0000000703000000| Untracked 
|  25|0x0000000703200000, 0x0000000703400000, 0x0000000703400000|100%| O|  |TAMS 0x0000000703400000, 0x0000000703200000| Untracked 
|  26|0x0000000703400000, 0x0000000703600000, 0x0000000703600000|100%| O|  |TAMS 0x0000000703600000, 0x0000000703400000| Untracked 
|  27|0x0000000703600000, 0x0000000703800000, 0x0000000703800000|100%|HS|  |TAMS 0x0000000703800000, 0x0000000703600000| Complete 
|  28|0x0000000703800000, 0x0000000703a00000, 0x0000000703a00000|100%|HC|  |TAMS 0x0000000703a00000, 0x0000000703800000| Complete 
|  29|0x0000000703a00000, 0x0000000703c00000, 0x0000000703c00000|100%| O|  |TAMS 0x0000000703c00000, 0x0000000703a00000| Untracked 
|  30|0x0000000703c00000, 0x0000000703e00000, 0x0000000703e00000|100%| O|  |TAMS 0x0000000703e00000, 0x0000000703c00000| Untracked 
|  31|0x0000000703e00000, 0x0000000704000000, 0x0000000704000000|100%| O|  |TAMS 0x0000000704000000, 0x0000000703e00000| Untracked 
|  32|0x0000000704000000, 0x0000000704200000, 0x0000000704200000|100%|HS|  |TAMS 0x0000000704200000, 0x0000000704000000| Complete 
|  33|0x0000000704200000, 0x0000000704400000, 0x0000000704400000|100%| O|  |TAMS 0x0000000704400000, 0x0000000704200000| Untracked 
|  34|0x0000000704400000, 0x0000000704600000, 0x0000000704600000|100%| O|  |TAMS 0x0000000704600000, 0x0000000704400000| Untracked 
|  35|0x0000000704600000, 0x0000000704800000, 0x0000000704800000|100%| O|  |TAMS 0x0000000704800000, 0x0000000704600000| Untracked 
|  36|0x0000000704800000, 0x0000000704a00000, 0x0000000704a00000|100%| O|  |TAMS 0x0000000704a00000, 0x0000000704800000| Untracked 
|  37|0x0000000704a00000, 0x0000000704c00000, 0x0000000704c00000|100%| O|  |TAMS 0x0000000704c00000, 0x0000000704a00000| Untracked 
|  38|0x0000000704c00000, 0x0000000704e00000, 0x0000000704e00000|100%| O|  |TAMS 0x0000000704e00000, 0x0000000704c00000| Untracked 
|  39|0x0000000704e00000, 0x0000000705000000, 0x0000000705000000|100%|HS|  |TAMS 0x0000000705000000, 0x0000000704e00000| Complete 
|  40|0x0000000705000000, 0x0000000705200000, 0x0000000705200000|100%|HC|  |TAMS 0x0000000705200000, 0x0000000705000000| Complete 
|  41|0x0000000705200000, 0x0000000705400000, 0x0000000705400000|100%| O|  |TAMS 0x0000000705400000, 0x0000000705200000| Untracked 
|  42|0x0000000705400000, 0x0000000705600000, 0x0000000705600000|100%| O|  |TAMS 0x0000000705600000, 0x0000000705400000| Untracked 
|  43|0x0000000705600000, 0x0000000705800000, 0x0000000705800000|100%| O|  |TAMS 0x0000000705800000, 0x0000000705600000| Untracked 
|  44|0x0000000705800000, 0x0000000705a00000, 0x0000000705a00000|100%| O|  |TAMS 0x0000000705a00000, 0x0000000705800000| Untracked 
|  45|0x0000000705a00000, 0x0000000705c00000, 0x0000000705c00000|100%| O|  |TAMS 0x0000000705c00000, 0x0000000705a00000| Untracked 
|  46|0x0000000705c00000, 0x0000000705e00000, 0x0000000705e00000|100%|HS|  |TAMS 0x0000000705e00000, 0x0000000705c00000| Complete 
|  47|0x0000000705e00000, 0x0000000706000000, 0x0000000706000000|100%|HC|  |TAMS 0x0000000706000000, 0x0000000705e00000| Complete 
|  48|0x0000000706000000, 0x0000000706200000, 0x0000000706200000|100%| O|  |TAMS 0x0000000706200000, 0x0000000706000000| Untracked 
|  49|0x0000000706200000, 0x0000000706400000, 0x0000000706400000|100%| O|  |TAMS 0x0000000706400000, 0x0000000706200000| Untracked 
|  50|0x0000000706400000, 0x0000000706600000, 0x0000000706600000|100%| O|  |TAMS 0x0000000706600000, 0x0000000706400000| Untracked 
|  51|0x0000000706600000, 0x0000000706800000, 0x0000000706800000|100%|HS|  |TAMS 0x0000000706800000, 0x0000000706600000| Complete 
|  52|0x0000000706800000, 0x0000000706a00000, 0x0000000706a00000|100%| O|  |TAMS 0x0000000706a00000, 0x0000000706800000| Untracked 
|  53|0x0000000706a00000, 0x0000000706c00000, 0x0000000706c00000|100%| O|  |TAMS 0x0000000706c00000, 0x0000000706a00000| Untracked 
|  54|0x0000000706c00000, 0x0000000706e00000, 0x0000000706e00000|100%| O|  |TAMS 0x0000000706e00000, 0x0000000706c00000| Untracked 
|  55|0x0000000706e00000, 0x0000000707000000, 0x0000000707000000|100%| O|  |TAMS 0x0000000707000000, 0x0000000706e00000| Untracked 
|  56|0x0000000707000000, 0x0000000707200000, 0x0000000707200000|100%| O|  |TAMS 0x0000000707200000, 0x0000000707000000| Untracked 
|  57|0x0000000707200000, 0x0000000707400000, 0x0000000707400000|100%| O|  |TAMS 0x0000000707400000, 0x0000000707200000| Untracked 
|  58|0x0000000707400000, 0x0000000707600000, 0x0000000707600000|100%| O|  |TAMS 0x0000000707448400, 0x0000000707400000| Untracked 
|  59|0x0000000707600000, 0x0000000707800000, 0x0000000707800000|100%| O|  |TAMS 0x0000000707600000, 0x0000000707600000| Untracked 
|  60|0x0000000707800000, 0x0000000707a00000, 0x0000000707a00000|100%| O|  |TAMS 0x0000000707800000, 0x0000000707800000| Untracked 
|  61|0x0000000707a00000, 0x0000000707c00000, 0x0000000707c00000|100%| O|  |TAMS 0x0000000707a00000, 0x0000000707a00000| Untracked 
|  62|0x0000000707c00000, 0x0000000707e00000, 0x0000000707e00000|100%| O|  |TAMS 0x0000000707c00000, 0x0000000707c00000| Untracked 
|  63|0x0000000707e00000, 0x0000000708000000, 0x0000000708000000|100%| O|  |TAMS 0x0000000707e00000, 0x0000000707e00000| Untracked 
|  64|0x0000000708000000, 0x0000000708200000, 0x0000000708200000|100%| O|  |TAMS 0x0000000708000000, 0x0000000708000000| Untracked 
|  65|0x0000000708200000, 0x0000000708324200, 0x0000000708400000| 57%| O|  |TAMS 0x0000000708200000, 0x0000000708200000| Untracked 
|  66|0x0000000708400000, 0x0000000708400000, 0x0000000708600000|  0%| F|  |TAMS 0x0000000708400000, 0x0000000708400000| Untracked 
|  67|0x0000000708600000, 0x0000000708600000, 0x0000000708800000|  0%| F|  |TAMS 0x0000000708600000, 0x0000000708600000| Untracked 
|  68|0x0000000708800000, 0x0000000708800000, 0x0000000708a00000|  0%| F|  |TAMS 0x0000000708800000, 0x0000000708800000| Untracked 
|  69|0x0000000708a00000, 0x0000000708a00000, 0x0000000708c00000|  0%| F|  |TAMS 0x0000000708a00000, 0x0000000708a00000| Untracked 
|  70|0x0000000708c00000, 0x0000000708c00000, 0x0000000708e00000|  0%| F|  |TAMS 0x0000000708c00000, 0x0000000708c00000| Untracked 
|  71|0x0000000708e00000, 0x0000000708e00000, 0x0000000709000000|  0%| F|  |TAMS 0x0000000708e00000, 0x0000000708e00000| Untracked 
|  72|0x0000000709000000, 0x0000000709000000, 0x0000000709200000|  0%| F|  |TAMS 0x0000000709000000, 0x0000000709000000| Untracked 
|  73|0x0000000709200000, 0x0000000709200000, 0x0000000709400000|  0%| F|  |TAMS 0x0000000709200000, 0x0000000709200000| Untracked 
|  74|0x0000000709400000, 0x0000000709400000, 0x0000000709600000|  0%| F|  |TAMS 0x0000000709400000, 0x0000000709400000| Untracked 
|  75|0x0000000709600000, 0x0000000709600000, 0x0000000709800000|  0%| F|  |TAMS 0x0000000709600000, 0x0000000709600000| Untracked 
|  76|0x0000000709800000, 0x0000000709800000, 0x0000000709a00000|  0%| F|  |TAMS 0x0000000709800000, 0x0000000709800000| Untracked 
|  77|0x0000000709a00000, 0x0000000709a00000, 0x0000000709c00000|  0%| F|  |TAMS 0x0000000709a00000, 0x0000000709a00000| Untracked 
|  78|0x0000000709c00000, 0x0000000709c00000, 0x0000000709e00000|  0%| F|  |TAMS 0x0000000709c00000, 0x0000000709c00000| Untracked 
|  79|0x0000000709e00000, 0x0000000709e00000, 0x000000070a000000|  0%| F|  |TAMS 0x0000000709e00000, 0x0000000709e00000| Untracked 
|  80|0x000000070a000000, 0x000000070a000000, 0x000000070a200000|  0%| F|  |TAMS 0x000000070a000000, 0x000000070a000000| Untracked 
|  81|0x000000070a200000, 0x000000070a200000, 0x000000070a400000|  0%| F|  |TAMS 0x000000070a200000, 0x000000070a200000| Untracked 
|  82|0x000000070a400000, 0x000000070a400000, 0x000000070a600000|  0%| F|  |TAMS 0x000000070a400000, 0x000000070a400000| Untracked 
|  83|0x000000070a600000, 0x000000070a600000, 0x000000070a800000|  0%| F|  |TAMS 0x000000070a600000, 0x000000070a600000| Untracked 
|  84|0x000000070a800000, 0x000000070a800000, 0x000000070aa00000|  0%| F|  |TAMS 0x000000070a800000, 0x000000070a800000| Untracked 
|  85|0x000000070aa00000, 0x000000070aa00000, 0x000000070ac00000|  0%| F|  |TAMS 0x000000070aa00000, 0x000000070aa00000| Untracked 
|  86|0x000000070ac00000, 0x000000070ac00000, 0x000000070ae00000|  0%| F|  |TAMS 0x000000070ac00000, 0x000000070ac00000| Untracked 
|  87|0x000000070ae00000, 0x000000070ae00000, 0x000000070b000000|  0%| F|  |TAMS 0x000000070ae00000, 0x000000070ae00000| Untracked 
|  88|0x000000070b000000, 0x000000070b0fe5d8, 0x000000070b200000| 49%| E|  |TAMS 0x000000070b000000, 0x000000070b000000| Complete 
|  89|0x000000070b200000, 0x000000070b400000, 0x000000070b400000|100%| E|CS|TAMS 0x000000070b200000, 0x000000070b200000| Complete 
|  90|0x000000070b400000, 0x000000070b600000, 0x000000070b600000|100%| E|CS|TAMS 0x000000070b400000, 0x000000070b400000| Complete 
|  91|0x000000070b600000, 0x000000070b800000, 0x000000070b800000|100%| E|CS|TAMS 0x000000070b600000, 0x000000070b600000| Complete 
|  92|0x000000070b800000, 0x000000070ba00000, 0x000000070ba00000|100%| E|CS|TAMS 0x000000070b800000, 0x000000070b800000| Complete 
|  93|0x000000070ba00000, 0x000000070bc00000, 0x000000070bc00000|100%| E|CS|TAMS 0x000000070ba00000, 0x000000070ba00000| Complete 
|  94|0x000000070bc00000, 0x000000070be00000, 0x000000070be00000|100%| E|CS|TAMS 0x000000070bc00000, 0x000000070bc00000| Complete 
|  95|0x000000070be00000, 0x000000070c000000, 0x000000070c000000|100%| E|  |TAMS 0x000000070be00000, 0x000000070be00000| Complete 
|  96|0x000000070c000000, 0x000000070c1f1730, 0x000000070c200000| 97%| S|CS|TAMS 0x000000070c000000, 0x000000070c000000| Complete 
|  97|0x000000070c200000, 0x000000070c400000, 0x000000070c400000|100%| E|CS|TAMS 0x000000070c200000, 0x000000070c200000| Complete 
|  98|0x000000070c400000, 0x000000070c600000, 0x000000070c600000|100%| E|CS|TAMS 0x000000070c400000, 0x000000070c400000| Complete 
|  99|0x000000070c600000, 0x000000070c800000, 0x000000070c800000|100%| E|CS|TAMS 0x000000070c600000, 0x000000070c600000| Complete 
| 100|0x000000070c800000, 0x000000070ca00000, 0x000000070ca00000|100%| E|CS|TAMS 0x000000070c800000, 0x000000070c800000| Complete 
| 101|0x000000070ca00000, 0x000000070cc00000, 0x000000070cc00000|100%| E|CS|TAMS 0x000000070ca00000, 0x000000070ca00000| Complete 
| 102|0x000000070cc00000, 0x000000070ce00000, 0x000000070ce00000|100%| E|CS|TAMS 0x000000070cc00000, 0x000000070cc00000| Complete 
| 103|0x000000070ce00000, 0x000000070d000000, 0x000000070d000000|100%| E|CS|TAMS 0x000000070ce00000, 0x000000070ce00000| Complete 
| 104|0x000000070d000000, 0x000000070d200000, 0x000000070d200000|100%| E|CS|TAMS 0x000000070d000000, 0x000000070d000000| Complete 
| 105|0x000000070d200000, 0x000000070d400000, 0x000000070d400000|100%| E|CS|TAMS 0x000000070d200000, 0x000000070d200000| Complete 
| 106|0x000000070d400000, 0x000000070d600000, 0x000000070d600000|100%| E|CS|TAMS 0x000000070d400000, 0x000000070d400000| Complete 
| 107|0x000000070d600000, 0x000000070d800000, 0x000000070d800000|100%| E|CS|TAMS 0x000000070d600000, 0x000000070d600000| Complete 
| 108|0x000000070d800000, 0x000000070da00000, 0x000000070da00000|100%| E|CS|TAMS 0x000000070d800000, 0x000000070d800000| Complete 
| 109|0x000000070da00000, 0x000000070dc00000, 0x000000070dc00000|100%| E|CS|TAMS 0x000000070da00000, 0x000000070da00000| Complete 
| 110|0x000000070dc00000, 0x000000070de00000, 0x000000070de00000|100%| E|CS|TAMS 0x000000070dc00000, 0x000000070dc00000| Complete 
| 111|0x000000070de00000, 0x000000070e000000, 0x000000070e000000|100%| E|CS|TAMS 0x000000070de00000, 0x000000070de00000| Complete 
| 112|0x000000070e000000, 0x000000070e200000, 0x000000070e200000|100%| E|CS|TAMS 0x000000070e000000, 0x000000070e000000| Complete 
| 113|0x000000070e200000, 0x000000070e400000, 0x000000070e400000|100%| E|CS|TAMS 0x000000070e200000, 0x000000070e200000| Complete 
| 114|0x000000070e400000, 0x000000070e600000, 0x000000070e600000|100%| E|CS|TAMS 0x000000070e400000, 0x000000070e400000| Complete 

Card table byte_map: [0x000001c07c290000,0x000001c07ca90000] _byte_map_base: 0x000001c078a90000

Marking Bits (Prev, Next): (CMBitMap*) 0x000001c074246490, (CMBitMap*) 0x000001c074246450
 Prev Bits: [0x000001c013000000, 0x000001c017000000)
 Next Bits: [0x000001c00f000000, 0x000001c013000000)

Polling page: 0x000001c0739a0000

Metaspace:

Usage:
  Non-class:     79.25 MB used.
      Class:     13.10 MB used.
       Both:     92.35 MB used.

Virtual space:
  Non-class space:      128.00 MB reserved,      79.75 MB ( 62%) committed,  2 nodes.
      Class space:        1.00 GB reserved,      13.56 MB (  1%) committed,  1 nodes.
             Both:        1.12 GB reserved,      93.31 MB (  8%) committed. 

Chunk freelists:
   Non-Class:  15.31 MB
       Class:  2.38 MB
        Both:  17.69 MB

MaxMetaspaceSize: 2.00 GB
CompressedClassSpaceSize: 1.00 GB
Initial GC threshold: 21.00 MB
Current GC threshold: 150.25 MB
CDS: on
MetaspaceReclaimPolicy: balanced
 - commit_granule_bytes: 65536.
 - commit_granule_words: 8192.
 - virtual_space_node_default_size: 8388608.
 - enlarge_chunks_in_place: 1.
 - new_chunks_are_fully_committed: 0.
 - uncommit_free_chunks: 1.
 - use_allocation_guard: 0.
 - handle_deallocations: 1.


Internal statistics:

num_allocs_failed_limit: 9.
num_arena_births: 1310.
num_arena_deaths: 0.
num_vsnodes_births: 3.
num_vsnodes_deaths: 0.
num_space_committed: 1493.
num_space_uncommitted: 0.
num_chunks_returned_to_freelist: 9.
num_chunks_taken_from_freelist: 5375.
num_chunk_merges: 6.
num_chunk_splits: 3492.
num_chunks_enlarged: 2281.
num_inconsistent_stats: 0.

CodeHeap 'non-profiled nmethods': size=120000Kb used=7295Kb max_used=8059Kb free=112704Kb
 bounds [0x000001c007ad0000, 0x000001c0082b0000, 0x000001c00f000000]
CodeHeap 'profiled nmethods': size=120000Kb used=21762Kb max_used=22931Kb free=98237Kb
 bounds [0x000001c000000000, 0x000001c001670000, 0x000001c007530000]
CodeHeap 'non-nmethods': size=5760Kb used=2420Kb max_used=2467Kb free=3339Kb
 bounds [0x000001c007530000, 0x000001c0077b0000, 0x000001c007ad0000]
 total_blobs=11872 nmethods=10911 adapters=873
 compilation: enabled
              stopped_count=0, restarted_count=0
 full_count=0

Compilation events (20 events):
Event: 195.035 Thread 0x000001c07f7852f0 12991       3       groovyjarjarantlr4.v4.runtime.atn.LexerATNSimulator::failOrAccept (86 bytes)
Event: 195.037 Thread 0x000001c07f7852f0 nmethod 12991 0x000001c000d2be90 code [0x000001c000d2c080, 0x000001c000d2c738]
Event: 195.041 Thread 0x000001c07f7852f0 12992   !   3       groovyjarjarantlr4.v4.runtime.Lexer::nextToken (249 bytes)
Event: 195.043 Thread 0x000001c07f7852f0 nmethod 12992 0x000001c000f61490 code [0x000001c000f61740, 0x000001c000f62ce8]
Event: 195.043 Thread 0x000001c07f7852f0 12993       3       groovyjarjarantlr4.v4.runtime.CommonTokenFactory::create (18 bytes)
Event: 195.044 Thread 0x000001c07f7852f0 nmethod 12993 0x000001c000c46990 code [0x000001c000c46b40, 0x000001c000c46ca8]
Event: 195.044 Thread 0x000001c07f7852f0 12994       3       groovyjarjarantlr4.v4.runtime.CommonToken::<init> (86 bytes)
Event: 195.044 Thread 0x000001c07f7852f0 nmethod 12994 0x000001c000137690 code [0x000001c000137880, 0x000001c0001383f8]
Event: 195.044 Thread 0x000001c07f7852f0 12995       3       org.apache.groovy.parser.antlr4.GroovyLexer::emit (48 bytes)
Event: 195.045 Thread 0x000001c07f7852f0 nmethod 12995 0x000001c000ac0a10 code [0x000001c000ac0bc0, 0x000001c000ac0f68]
Event: 195.045 Thread 0x000001c07f7852f0 12996       1       org.apache.groovy.parser.antlr4.GroovyLexer$Paren::getText (5 bytes)
Event: 195.045 Thread 0x000001c07f7852f0 nmethod 12996 0x000001c0082a4890 code [0x000001c0082a4a20, 0x000001c0082a4af8]
Event: 195.045 Thread 0x000001c07f7852f0 12997       3       groovyjarjarantlr4.v4.runtime.Lexer::getCharIndex (10 bytes)
Event: 195.045 Thread 0x000001c07f7852f0 nmethod 12997 0x000001c000fc1a90 code [0x000001c000fc1c20, 0x000001c000fc1e18]
Event: 195.046 Thread 0x000001c07f7852f0 12998       3       groovyjarjarantlr4.v4.runtime.misc.Utils::equals (23 bytes)
Event: 195.046 Thread 0x000001c07f7852f0 nmethod 12998 0x000001c001565190 code [0x000001c001565340, 0x000001c001565608]
Event: 195.047 Thread 0x000001c07f7852f0 12999   !   3       groovyjarjarantlr4.v4.runtime.atn.LexerActionExecutor::execute (166 bytes)
Event: 195.048 Thread 0x000001c07f7852f0 nmethod 12999 0x000001c000befc90 code [0x000001c000befec0, 0x000001c000bf0d98]
Event: 195.048 Thread 0x000001c07f7852f0 13000       3       groovyjarjarantlr4.v4.runtime.atn.PredicateTransition::getPredicate (20 bytes)
Event: 195.049 Thread 0x000001c07f7852f0 nmethod 13000 0x000001c000bf4010 code [0x000001c000bf41c0, 0x000001c000bf4458]

GC Heap History (20 events):
Event: 121.624 GC heap before
{Heap before GC invocations=36 (full 0):
 garbage-first heap   total 178176K, used 103104K [0x0000000700000000, 0x0000000800000000)
  region size 2048K, 5 young (10240K), 3 survivors (6144K)
 Metaspace       used 76374K, committed 77248K, reserved 1179648K
  class space    used 10668K, committed 11072K, reserved 1048576K
}
Event: 121.630 GC heap after
{Heap after GC invocations=37 (full 0):
 garbage-first heap   total 178176K, used 102349K [0x0000000700000000, 0x0000000800000000)
  region size 2048K, 1 young (2048K), 1 survivors (2048K)
 Metaspace       used 76374K, committed 77248K, reserved 1179648K
  class space    used 10668K, committed 11072K, reserved 1048576K
}
Event: 124.962 GC heap before
{Heap before GC invocations=38 (full 0):
 garbage-first heap   total 184320K, used 137165K [0x0000000700000000, 0x0000000800000000)
  region size 2048K, 17 young (34816K), 1 survivors (2048K)
 Metaspace       used 78121K, committed 78976K, reserved 1179648K
  class space    used 10904K, committed 11328K, reserved 1048576K
}
Event: 124.968 GC heap after
{Heap after GC invocations=39 (full 0):
 garbage-first heap   total 184320K, used 106308K [0x0000000700000000, 0x0000000800000000)
  region size 2048K, 2 young (4096K), 2 survivors (4096K)
 Metaspace       used 78121K, committed 78976K, reserved 1179648K
  class space    used 10904K, committed 11328K, reserved 1048576K
}
Event: 127.629 GC heap before
{Heap before GC invocations=39 (full 0):
 garbage-first heap   total 184320K, used 143172K [0x0000000700000000, 0x0000000800000000)
  region size 2048K, 20 young (40960K), 2 survivors (4096K)
 Metaspace       used 78454K, committed 79360K, reserved 1179648K
  class space    used 10952K, committed 11392K, reserved 1048576K
}
Event: 127.642 GC heap after
{Heap after GC invocations=40 (full 0):
 garbage-first heap   total 184320K, used 109058K [0x0000000700000000, 0x0000000800000000)
  region size 2048K, 3 young (6144K), 3 survivors (6144K)
 Metaspace       used 78454K, committed 79360K, reserved 1179648K
  class space    used 10952K, committed 11392K, reserved 1048576K
}
Event: 129.114 GC heap before
{Heap before GC invocations=41 (full 0):
 garbage-first heap   total 192512K, used 143874K [0x0000000700000000, 0x0000000800000000)
  region size 2048K, 20 young (40960K), 3 survivors (6144K)
 Metaspace       used 80591K, committed 81472K, reserved 1179648K
  class space    used 11249K, committed 11648K, reserved 1048576K
}
Event: 129.125 GC heap after
{Heap after GC invocations=42 (full 0):
 garbage-first heap   total 192512K, used 110729K [0x0000000700000000, 0x0000000800000000)
  region size 2048K, 3 young (6144K), 3 survivors (6144K)
 Metaspace       used 80591K, committed 81472K, reserved 1179648K
  class space    used 11249K, committed 11648K, reserved 1048576K
}
Event: 130.608 GC heap before
{Heap before GC invocations=42 (full 0):
 garbage-first heap   total 192512K, used 151689K [0x0000000700000000, 0x0000000800000000)
  region size 2048K, 23 young (47104K), 3 survivors (6144K)
 Metaspace       used 83325K, committed 84160K, reserved 1179648K
  class space    used 11779K, committed 12160K, reserved 1048576K
}
Event: 130.618 GC heap after
{Heap after GC invocations=43 (full 0):
 garbage-first heap   total 192512K, used 111517K [0x0000000700000000, 0x0000000800000000)
  region size 2048K, 2 young (4096K), 2 survivors (4096K)
 Metaspace       used 83325K, committed 84160K, reserved 1179648K
  class space    used 11779K, committed 12160K, reserved 1048576K
}
Event: 132.411 GC heap before
{Heap before GC invocations=44 (full 0):
 garbage-first heap   total 198656K, used 154525K [0x0000000700000000, 0x0000000800000000)
  region size 2048K, 23 young (47104K), 2 survivors (4096K)
 Metaspace       used 85788K, committed 86656K, reserved 1179648K
  class space    used 12147K, committed 12544K, reserved 1048576K
}
Event: 132.421 GC heap after
{Heap after GC invocations=45 (full 0):
 garbage-first heap   total 198656K, used 113040K [0x0000000700000000, 0x0000000800000000)
  region size 2048K, 2 young (4096K), 2 survivors (4096K)
 Metaspace       used 85788K, committed 86656K, reserved 1179648K
  class space    used 12147K, committed 12544K, reserved 1048576K
}
Event: 134.529 GC heap before
{Heap before GC invocations=45 (full 0):
 garbage-first heap   total 198656K, used 162192K [0x0000000700000000, 0x0000000800000000)
  region size 2048K, 26 young (53248K), 2 survivors (4096K)
 Metaspace       used 87097K, committed 88000K, reserved 1179648K
  class space    used 12337K, committed 12736K, reserved 1048576K
}
Event: 134.544 GC heap after
{Heap after GC invocations=46 (full 0):
 garbage-first heap   total 198656K, used 117601K [0x0000000700000000, 0x0000000800000000)
  region size 2048K, 4 young (8192K), 4 survivors (8192K)
 Metaspace       used 87097K, committed 88000K, reserved 1179648K
  class space    used 12337K, committed 12736K, reserved 1048576K
}
Event: 157.119 GC heap before
{Heap before GC invocations=47 (full 0):
 garbage-first heap   total 212992K, used 158561K [0x0000000700000000, 0x0000000800000000)
  region size 2048K, 25 young (51200K), 4 survivors (8192K)
 Metaspace       used 88422K, committed 89344K, reserved 1179648K
  class space    used 12508K, committed 12928K, reserved 1048576K
}
Event: 157.138 GC heap after
{Heap after GC invocations=48 (full 0):
 garbage-first heap   total 212992K, used 122082K [0x0000000700000000, 0x0000000800000000)
  region size 2048K, 3 young (6144K), 3 survivors (6144K)
 Metaspace       used 88422K, committed 89344K, reserved 1179648K
  class space    used 12508K, committed 12928K, reserved 1048576K
}
Event: 175.757 GC heap before
{Heap before GC invocations=48 (full 0):
 garbage-first heap   total 212992K, used 169186K [0x0000000700000000, 0x0000000800000000)
  region size 2048K, 27 young (55296K), 3 survivors (6144K)
 Metaspace       used 90745K, committed 91712K, reserved 1179648K
  class space    used 12939K, committed 13376K, reserved 1048576K
}
Event: 175.774 GC heap after
{Heap after GC invocations=49 (full 0):
 garbage-first heap   total 212992K, used 132294K [0x0000000700000000, 0x0000000800000000)
  region size 2048K, 4 young (8192K), 4 survivors (8192K)
 Metaspace       used 90745K, committed 91712K, reserved 1179648K
  class space    used 12939K, committed 13376K, reserved 1048576K
}
Event: 179.405 GC heap before
{Heap before GC invocations=50 (full 0):
 garbage-first heap   total 235520K, used 169158K [0x0000000700000000, 0x0000000800000000)
  region size 2048K, 22 young (45056K), 4 survivors (8192K)
 Metaspace       used 92468K, committed 93440K, reserved 1179648K
  class space    used 13193K, committed 13632K, reserved 1048576K
}
Event: 179.423 GC heap after
{Heap after GC invocations=51 (full 0):
 garbage-first heap   total 235520K, used 134843K [0x0000000700000000, 0x0000000800000000)
  region size 2048K, 1 young (2048K), 1 survivors (2048K)
 Metaspace       used 92468K, committed 93440K, reserved 1179648K
  class space    used 13193K, committed 13632K, reserved 1048576K
}

Deoptimization events (20 events):
Event: 181.329 Thread 0x000001c05cec44c0 DEOPT PACKING pc=0x000001c0080b05d8 sp=0x00000078cabf7d60
Event: 181.329 Thread 0x000001c05cec44c0 DEOPT UNPACKING pc=0x000001c0075823a3 sp=0x00000078cabf7cf8 mode 2
Event: 181.340 Thread 0x000001c05cec44c0 Uncommon trap: trap_request=0xffffffde fr.pc=0x000001c0080b05d8 relative=0x00000000000000b8
Event: 181.340 Thread 0x000001c05cec44c0 Uncommon trap: reason=class_check action=maybe_recompile pc=0x000001c0080b05d8 method=java.util.Collections$UnmodifiableList.get(I)Ljava/lang/Object; @ 5 c2
Event: 181.340 Thread 0x000001c05cec44c0 DEOPT PACKING pc=0x000001c0080b05d8 sp=0x00000078cabf7c50
Event: 181.340 Thread 0x000001c05cec44c0 DEOPT UNPACKING pc=0x000001c0075823a3 sp=0x00000078cabf7be8 mode 2
Event: 181.344 Thread 0x000001c05cec44c0 Uncommon trap: trap_request=0xffffffde fr.pc=0x000001c0080b05d8 relative=0x00000000000000b8
Event: 181.344 Thread 0x000001c05cec44c0 Uncommon trap: reason=class_check action=maybe_recompile pc=0x000001c0080b05d8 method=java.util.Collections$UnmodifiableList.get(I)Ljava/lang/Object; @ 5 c2
Event: 181.344 Thread 0x000001c05cec44c0 DEOPT PACKING pc=0x000001c0080b05d8 sp=0x00000078cabf7c50
Event: 181.345 Thread 0x000001c05cec44c0 DEOPT UNPACKING pc=0x000001c0075823a3 sp=0x00000078cabf7be8 mode 2
Event: 181.346 Thread 0x000001c05cec44c0 Uncommon trap: trap_request=0xffffffde fr.pc=0x000001c007adb2ac relative=0x00000000000001ac
Event: 181.346 Thread 0x000001c05cec44c0 Uncommon trap: reason=class_check action=maybe_recompile pc=0x000001c007adb2ac method=java.lang.String.equals(Ljava/lang/Object;)Z @ 8 c2
Event: 181.346 Thread 0x000001c05cec44c0 DEOPT PACKING pc=0x000001c007adb2ac sp=0x00000078cabf7430
Event: 181.346 Thread 0x000001c05cec44c0 DEOPT UNPACKING pc=0x000001c0075823a3 sp=0x00000078cabf73d8 mode 2
Event: 182.215 Thread 0x000001c05cec44c0 Uncommon trap: trap_request=0xffffff45 fr.pc=0x000001c007db3b00 relative=0x0000000000000160
Event: 182.215 Thread 0x000001c05cec44c0 Uncommon trap: reason=unstable_if action=reinterpret pc=0x000001c007db3b00 method=java.lang.ClassValue.match(Ljava/lang/ClassValue$Entry;)Z @ 12 c2
Event: 182.215 Thread 0x000001c05cec44c0 DEOPT PACKING pc=0x000001c007db3b00 sp=0x00000078cabf8890
Event: 182.215 Thread 0x000001c05cec44c0 DEOPT UNPACKING pc=0x000001c0075823a3 sp=0x00000078cabf87e0 mode 2
Event: 194.999 Thread 0x000001c05cec44c0 DEOPT PACKING pc=0x000001c0015fd73f sp=0x00000078cabf7010
Event: 194.999 Thread 0x000001c05cec44c0 DEOPT UNPACKING pc=0x000001c007582b43 sp=0x00000078cabf6528 mode 0

Classes unloaded (0 events):
No events

Classes redefined (0 events):
No events

Internal exceptions (20 events):
Event: 174.413 Thread 0x000001c05cec44c0 Exception <a 'java/lang/ClassNotFoundException'{0x000000070bae20e0}: com/android/build/gradle/internal/dsl/LintOptionsBeanInfo> (0x000000070bae20e0) 
thrown [s\open\src\hotspot\share\classfile\systemDictionary.cpp, line 256]
Event: 174.415 Thread 0x000001c05cec44c0 Exception <a 'java/lang/ClassNotFoundException'{0x000000070baf0ed8}: com/android/build/gradle/internal/dsl/LintOptionsCustomizer> (0x000000070baf0ed8) 
thrown [s\open\src\hotspot\share\classfile\systemDictionary.cpp, line 256]
Event: 174.422 Thread 0x000001c05cec44c0 Exception <a 'java/lang/ClassNotFoundException'{0x000000070bb3c068}: com/android/build/gradle/internal/dsl/LintOptions_DecoratedCustomizer> (0x000000070bb3c068) 
thrown [s\open\src\hotspot\share\classfile\systemDictionary.cpp, line 256]
Event: 174.454 Thread 0x000001c05cec44c0 Exception <a 'java/lang/ClassNotFoundException'{0x000000070bbbf8a0}: com/android/build/gradle/internal/dsl/TestOptions_DecoratedBeanInfo> (0x000000070bbbf8a0) 
thrown [s\open\src\hotspot\share\classfile\systemDictionary.cpp, line 256]
Event: 174.456 Thread 0x000001c05cec44c0 Exception <a 'java/lang/ClassNotFoundException'{0x000000070bbce4e8}: com/android/build/gradle/internal/dsl/TestOptionsBeanInfo> (0x000000070bbce4e8) 
thrown [s\open\src\hotspot\share\classfile\systemDictionary.cpp, line 256]
Event: 174.457 Thread 0x000001c05cec44c0 Exception <a 'java/lang/ClassNotFoundException'{0x000000070bbdd110}: com/android/build/gradle/internal/dsl/TestOptionsCustomizer> (0x000000070bbdd110) 
thrown [s\open\src\hotspot\share\classfile\systemDictionary.cpp, line 256]
Event: 174.462 Thread 0x000001c05cec44c0 Exception <a 'java/lang/ClassNotFoundException'{0x000000070b80b810}: com/android/build/gradle/internal/dsl/TestOptions_DecoratedCustomizer> (0x000000070b80b810) 
thrown [s\open\src\hotspot\share\classfile\systemDictionary.cpp, line 256]
Event: 174.489 Thread 0x000001c05cec44c0 Exception <a 'java/lang/ClassNotFoundException'{0x000000070b875980}: com/android/build/gradle/internal/dsl/TestOptions$UnitTestOptions_DecoratedBeanInfo> (0x000000070b875980) 
thrown [s\open\src\hotspot\share\classfile\systemDictionary.cpp, line 256]
Event: 174.490 Thread 0x000001c05cec44c0 Exception <a 'java/lang/ClassNotFoundException'{0x000000070b8848d8}: com/android/build/gradle/internal/dsl/TestOptions$UnitTestOptionsBeanInfo> (0x000000070b8848d8) 
thrown [s\open\src\hotspot\share\classfile\systemDictionary.cpp, line 256]
Event: 174.492 Thread 0x000001c05cec44c0 Exception <a 'java/lang/ClassNotFoundException'{0x000000070b893810}: com/android/build/gradle/internal/dsl/TestOptions$UnitTestOptionsCustomizer> (0x000000070b893810) 
thrown [s\open\src\hotspot\share\classfile\systemDictionary.cpp, line 256]
Event: 174.494 Thread 0x000001c05cec44c0 Exception <a 'java/lang/ClassNotFoundException'{0x000000070b8a9918}: com/android/build/gradle/internal/dsl/TestOptions$UnitTestOptions_DecoratedCustomizer> (0x000000070b8a9918) 
thrown [s\open\src\hotspot\share\classfile\systemDictionary.cpp, line 256]
Event: 174.590 Thread 0x000001c05cec44c0 Exception <a 'java/lang/ClassNotFoundException'{0x000000070b72a530}: groovy/lang/TupleBeanInfo> (0x000000070b72a530) 
thrown [s\open\src\hotspot\share\classfile\systemDictionary.cpp, line 256]
Event: 174.590 Thread 0x000001c05cec44c0 Exception <a 'java/lang/ClassNotFoundException'{0x000000070b743430}: groovy/lang/TupleCustomizer> (0x000000070b743430) 
thrown [s\open\src\hotspot\share\classfile\systemDictionary.cpp, line 256]
Event: 175.314 Thread 0x000001c05cec44c0 Exception <a 'java/lang/ClassNotFoundException'{0x000000070a68d970}: com/android/build/gradle/internal/api/LibraryVariantOutputImpl_DecoratedBeanInfo> (0x000000070a68d970) 
thrown [s\open\src\hotspot\share\classfile\systemDictionary.cpp, line 256]
Event: 175.319 Thread 0x000001c05cec44c0 Exception <a 'java/lang/ClassNotFoundException'{0x000000070a69aae0}: com/android/build/gradle/internal/api/LibraryVariantOutputImplBeanInfo> (0x000000070a69aae0) 
thrown [s\open\src\hotspot\share\classfile\systemDictionary.cpp, line 256]
Event: 175.320 Thread 0x000001c05cec44c0 Exception <a 'java/lang/ClassNotFoundException'{0x000000070a6a7c88}: com/android/build/gradle/internal/api/LibraryVariantOutputImplCustomizer> (0x000000070a6a7c88) 
thrown [s\open\src\hotspot\share\classfile\systemDictionary.cpp, line 256]
Event: 175.323 Thread 0x000001c05cec44c0 Exception <a 'java/lang/ClassNotFoundException'{0x000000070a6bde28}: com/android/build/gradle/internal/api/LibraryVariantOutputImpl_DecoratedCustomizer> (0x000000070a6bde28) 
thrown [s\open\src\hotspot\share\classfile\systemDictionary.cpp, line 256]
Event: 179.823 Thread 0x000001c05cec44c0 Exception <a 'java/lang/NoSuchMethodError'{0x000000070da07cb8}: 'void java.lang.invoke.DirectMethodHandle$Holder.invokeSpecialIFC(java.lang.Object, java.lang.Object, java.lang.Object)'> (0x000000070da07cb8) 
thrown [s\open\src\hotspot\share\interpreter\linkResolver.cpp, line 759]
Event: 182.223 Thread 0x000001c05cec44c0 Exception <a 'java/lang/ClassNotFoundException'{0x000000070d1a3ab0}: build_3z4gf7hym3xwja1tn9p2nwos2BeanInfo> (0x000000070d1a3ab0) 
thrown [s\open\src\hotspot\share\classfile\systemDictionary.cpp, line 256]
Event: 182.223 Thread 0x000001c05cec44c0 Exception <a 'java/lang/ClassNotFoundException'{0x000000070d1aa4a8}: build_3z4gf7hym3xwja1tn9p2nwos2Customizer> (0x000000070d1aa4a8) 
thrown [s\open\src\hotspot\share\classfile\systemDictionary.cpp, line 256]

VM Operations (20 events):
Event: 180.512 Executing VM operation: HandshakeAllThreads
Event: 180.513 Executing VM operation: HandshakeAllThreads done
Event: 181.151 Executing VM operation: HandshakeAllThreads
Event: 181.152 Executing VM operation: HandshakeAllThreads done
Event: 181.372 Executing VM operation: HandshakeAllThreads
Event: 181.372 Executing VM operation: HandshakeAllThreads done
Event: 181.375 Executing VM operation: HandshakeAllThreads
Event: 181.375 Executing VM operation: HandshakeAllThreads done
Event: 182.376 Executing VM operation: Cleanup
Event: 182.396 Executing VM operation: Cleanup done
Event: 183.406 Executing VM operation: Cleanup
Event: 183.406 Executing VM operation: Cleanup done
Event: 184.408 Executing VM operation: Cleanup
Event: 184.408 Executing VM operation: Cleanup done
Event: 185.422 Executing VM operation: Cleanup
Event: 185.422 Executing VM operation: Cleanup done
Event: 187.439 Executing VM operation: Cleanup
Event: 187.439 Executing VM operation: Cleanup done
Event: 193.496 Executing VM operation: Cleanup
Event: 193.496 Executing VM operation: Cleanup done

Events (20 events):
Event: 181.176 loading class java/lang/NegativeArraySizeException
Event: 181.176 loading class java/lang/NegativeArraySizeException done
Event: 181.315 loading class java/security/PermissionsEnumerator
Event: 181.316 loading class java/security/PermissionsEnumerator done
Event: 181.323 loading class java/util/stream/ReduceOps$5
Event: 181.323 loading class java/util/stream/ReduceOps$5 done
Event: 181.324 loading class java/util/stream/ReduceOps$CountingSink$OfRef
Event: 181.324 loading class java/util/stream/ReduceOps$CountingSink$OfRef done
Event: 181.366 loading class sun/nio/cs/ISO_8859_1$Encoder
Event: 181.367 loading class sun/nio/cs/ISO_8859_1$Encoder done
Event: 181.376 loading class sun/nio/cs/Surrogate$Parser
Event: 181.377 loading class sun/nio/cs/Surrogate$Parser done
Event: 181.377 loading class sun/nio/cs/Surrogate
Event: 181.377 loading class sun/nio/cs/Surrogate done
Event: 182.259 Thread 0x000001c05f0f5e40 Thread added: 0x000001c05f0f5e40
Event: 183.046 Thread 0x000001c060cc2300 Thread added: 0x000001c060cc2300
Event: 183.047 Thread 0x000001c060cc2810 Thread added: 0x000001c060cc2810
Event: 183.048 Thread 0x000001c060cc3230 Thread added: 0x000001c060cc3230
Event: 186.716 Thread 0x000001c05f0f5e40 Thread exited: 0x000001c05f0f5e40
Event: 194.714 Thread 0x000001c05f0f98b0 Thread added: 0x000001c05f0f98b0


Dynamic libraries:
0x00007ff6a1f50000 - 0x00007ff6a1f60000 	E:\SOFTWARE\jdk-17.0.11_windows-x64_bin\jdk-17.0.11\bin\java.exe
0x00007fff3bdf0000 - 0x00007fff3c007000 	C:\WINDOWS\SYSTEM32\ntdll.dll
0x00007fff3b110000 - 0x00007fff3b1d4000 	C:\WINDOWS\System32\KERNEL32.DLL
0x00007fff390d0000 - 0x00007fff394a2000 	C:\WINDOWS\System32\KERNELBASE.dll
0x00007fff396b0000 - 0x00007fff397c1000 	C:\WINDOWS\System32\ucrtbase.dll
0x00007fff26900000 - 0x00007fff2691b000 	E:\SOFTWARE\jdk-17.0.11_windows-x64_bin\jdk-17.0.11\bin\VCRUNTIME140.dll
0x00007fff268e0000 - 0x00007fff268f9000 	E:\SOFTWARE\jdk-17.0.11_windows-x64_bin\jdk-17.0.11\bin\jli.dll
0x00007fff3b1e0000 - 0x00007fff3b291000 	C:\WINDOWS\System32\ADVAPI32.dll
0x00007fff3b050000 - 0x00007fff3b0f7000 	C:\WINDOWS\System32\msvcrt.dll
0x00007fff39b60000 - 0x00007fff39c08000 	C:\WINDOWS\System32\sechost.dll
0x00007fff394b0000 - 0x00007fff394d8000 	C:\WINDOWS\System32\bcrypt.dll
0x00007fff3a440000 - 0x00007fff3a554000 	C:\WINDOWS\System32\RPCRT4.dll
0x00007fff3b2f0000 - 0x00007fff3b4a1000 	C:\WINDOWS\System32\USER32.dll
0x00007fff38ee0000 - 0x00007fff38f06000 	C:\WINDOWS\System32\win32u.dll
0x00007fff3b780000 - 0x00007fff3b7a9000 	C:\WINDOWS\System32\GDI32.dll
0x00007fff39580000 - 0x00007fff396a3000 	C:\WINDOWS\System32\gdi32full.dll
0x00007fff394e0000 - 0x00007fff3957a000 	C:\WINDOWS\System32\msvcp_win.dll
0x00007fff27ec0000 - 0x00007fff2815b000 	C:\WINDOWS\WinSxS\amd64_microsoft.windows.common-controls_6595b64144ccf1df_6.0.22621.5415_none_270d77d17387d7da\COMCTL32.dll
0x00007fff36010000 - 0x00007fff3601a000 	C:\WINDOWS\SYSTEM32\VERSION.dll
0x00007fff3b520000 - 0x00007fff3b551000 	C:\WINDOWS\System32\IMM32.DLL
0x00007fff26800000 - 0x00007fff2680c000 	E:\SOFTWARE\jdk-17.0.11_windows-x64_bin\jdk-17.0.11\bin\vcruntime140_1.dll
0x00007fff0e7a0000 - 0x00007fff0e82e000 	E:\SOFTWARE\jdk-17.0.11_windows-x64_bin\jdk-17.0.11\bin\msvcp140.dll
0x00007ffee0760000 - 0x00007ffee1340000 	E:\SOFTWARE\jdk-17.0.11_windows-x64_bin\jdk-17.0.11\bin\server\jvm.dll
0x00007fff39c10000 - 0x00007fff39c18000 	C:\WINDOWS\System32\PSAPI.DLL
0x00007fff29f40000 - 0x00007fff29f49000 	C:\WINDOWS\SYSTEM32\WSOCK32.dll
0x00007fff39e80000 - 0x00007fff39ef1000 	C:\WINDOWS\System32\WS2_32.dll
0x00007fff348e0000 - 0x00007fff34914000 	C:\WINDOWS\SYSTEM32\WINMM.dll
0x00007fff37f10000 - 0x00007fff37f28000 	C:\WINDOWS\SYSTEM32\kernel.appcore.dll
0x00007fff21430000 - 0x00007fff2143a000 	E:\SOFTWARE\jdk-17.0.11_windows-x64_bin\jdk-17.0.11\bin\jimage.dll
0x00007fff36830000 - 0x00007fff36a63000 	C:\WINDOWS\SYSTEM32\DBGHELP.DLL
0x00007fff39f00000 - 0x00007fff3a293000 	C:\WINDOWS\System32\combase.dll
0x00007fff39a80000 - 0x00007fff39b57000 	C:\WINDOWS\System32\OLEAUT32.dll
0x00007fff26b30000 - 0x00007fff26b62000 	C:\WINDOWS\SYSTEM32\dbgcore.DLL
0x00007fff38f90000 - 0x00007fff3900b000 	C:\WINDOWS\System32\bcryptPrimitives.dll
0x00007fff211f0000 - 0x00007fff211fe000 	E:\SOFTWARE\jdk-17.0.11_windows-x64_bin\jdk-17.0.11\bin\instrument.dll
0x00007fff1f050000 - 0x00007fff1f075000 	E:\SOFTWARE\jdk-17.0.11_windows-x64_bin\jdk-17.0.11\bin\java.dll
0x00007fff01b70000 - 0x00007fff01c47000 	E:\SOFTWARE\jdk-17.0.11_windows-x64_bin\jdk-17.0.11\bin\jsvml.dll
0x00007fff3a560000 - 0x00007fff3ae02000 	C:\WINDOWS\System32\SHELL32.dll
0x00007fff397d0000 - 0x00007fff3990f000 	C:\WINDOWS\System32\wintypes.dll
0x00007fff36e10000 - 0x00007fff3772e000 	C:\WINDOWS\SYSTEM32\windows.storage.dll
0x00007fff3b820000 - 0x00007fff3b92b000 	C:\WINDOWS\System32\SHCORE.dll
0x00007fff3b7b0000 - 0x00007fff3b819000 	C:\WINDOWS\System32\shlwapi.dll
0x00007fff38e10000 - 0x00007fff38e3b000 	C:\WINDOWS\SYSTEM32\profapi.dll
0x00007fff1c010000 - 0x00007fff1c028000 	E:\SOFTWARE\jdk-17.0.11_windows-x64_bin\jdk-17.0.11\bin\zip.dll
0x00007fff1bb50000 - 0x00007fff1bb69000 	E:\SOFTWARE\jdk-17.0.11_windows-x64_bin\jdk-17.0.11\bin\net.dll
0x00007fff345d0000 - 0x00007fff346fc000 	C:\WINDOWS\SYSTEM32\WINHTTP.dll
0x00007fff38390000 - 0x00007fff383f9000 	C:\WINDOWS\system32\mswsock.dll
0x00007fff1b070000 - 0x00007fff1b086000 	E:\SOFTWARE\jdk-17.0.11_windows-x64_bin\jdk-17.0.11\bin\nio.dll
0x00007fff1f180000 - 0x00007fff1f190000 	E:\SOFTWARE\jdk-17.0.11_windows-x64_bin\jdk-17.0.11\bin\verify.dll
0x00007fff31bf0000 - 0x00007fff31c17000 	C:\Users\Asus\.gradle\native\68d5fa5c4cc2d200863cafc0d521ce42e7d3e7ee720ec0a83991735586a16f82\windows-amd64\native-platform.dll
0x00007fff0e340000 - 0x00007fff0e484000 	C:\Users\Asus\.gradle\native\e376f236ea51e6404a007f0833ffe2c6e607c4080706a723a18a27aeea778392\windows-amd64\native-platform-file-events.dll
0x00007fff1cc40000 - 0x00007fff1cc4a000 	E:\SOFTWARE\jdk-17.0.11_windows-x64_bin\jdk-17.0.11\bin\management.dll
0x00007fff1c870000 - 0x00007fff1c87b000 	E:\SOFTWARE\jdk-17.0.11_windows-x64_bin\jdk-17.0.11\bin\management_ext.dll
0x00007fff385f0000 - 0x00007fff3860b000 	C:\WINDOWS\SYSTEM32\CRYPTSP.dll
0x00007fff37e70000 - 0x00007fff37ea7000 	C:\WINDOWS\system32\rsaenh.dll
0x00007fff38480000 - 0x00007fff384a8000 	C:\WINDOWS\SYSTEM32\USERENV.dll
0x00007fff385e0000 - 0x00007fff385ec000 	C:\WINDOWS\SYSTEM32\CRYPTBASE.dll
0x00007fff379d0000 - 0x00007fff379fd000 	C:\WINDOWS\SYSTEM32\IPHLPAPI.DLL
0x00007fff3ae10000 - 0x00007fff3ae19000 	C:\WINDOWS\System32\NSI.dll
0x00007fff343e0000 - 0x00007fff343f9000 	C:\WINDOWS\SYSTEM32\dhcpcsvc6.DLL
0x00007fff343b0000 - 0x00007fff343cf000 	C:\WINDOWS\SYSTEM32\dhcpcsvc.DLL
0x00007fff37a00000 - 0x00007fff37af8000 	C:\WINDOWS\SYSTEM32\DNSAPI.dll
0x00007fff1c680000 - 0x00007fff1c68e000 	E:\SOFTWARE\jdk-17.0.11_windows-x64_bin\jdk-17.0.11\bin\sunmscapi.dll
0x00007fff39910000 - 0x00007fff39a77000 	C:\WINDOWS\System32\CRYPT32.dll
0x00007fff387a0000 - 0x00007fff387cd000 	C:\WINDOWS\SYSTEM32\ncrypt.dll
0x00007fff38760000 - 0x00007fff38797000 	C:\WINDOWS\SYSTEM32\NTASN1.dll
0x00007fff283b0000 - 0x00007fff283b8000 	C:\WINDOWS\system32\wshunix.dll
0x00007fff38020000 - 0x00007fff38054000 	C:\WINDOWS\SYSTEM32\ntmarta.dll

dbghelp: loaded successfully - version: 4.0.5 - missing functions: none
symbol engine: initialized successfully - sym options: 0x614 - pdb path: .;E:\SOFTWARE\jdk-17.0.11_windows-x64_bin\jdk-17.0.11\bin;C:\WINDOWS\SYSTEM32;C:\WINDOWS\WinSxS\amd64_microsoft.windows.common-controls_6595b64144ccf1df_6.0.22621.5415_none_270d77d17387d7da;E:\SOFTWARE\jdk-17.0.11_windows-x64_bin\jdk-17.0.11\bin\server;C:\Users\Asus\.gradle\native\68d5fa5c4cc2d200863cafc0d521ce42e7d3e7ee720ec0a83991735586a16f82\windows-amd64;C:\Users\Asus\.gradle\native\e376f236ea51e6404a007f0833ffe2c6e607c4080706a723a18a27aeea778392\windows-amd64

VM Arguments:
jvm_args: -XX:MaxMetaspaceSize=2G -XX:+HeapDumpOnOutOfMemoryError --add-opens=java.base/java.util=ALL-UNNAMED --add-opens=java.base/java.lang=ALL-UNNAMED --add-opens=java.base/java.lang.invoke=ALL-UNNAMED --add-opens=java.prefs/java.util.prefs=ALL-UNNAMED --add-opens=java.base/java.nio.charset=ALL-UNNAMED --add-opens=java.base/java.net=ALL-UNNAMED --add-opens=java.base/java.util.concurrent.atomic=ALL-UNNAMED -Xmx4G -Dfile.encoding=utf8 -Duser.country=ID -Duser.language=en -Duser.variant -javaagent:C:\Users\Asus\.gradle\wrapper\dists\gradle-8.3-all\6en3ugtfdg5xnpx44z4qbwgas\gradle-8.3\lib\agents\gradle-instrumentation-agent-8.3.jar 
java_command: org.gradle.launcher.daemon.bootstrap.GradleDaemon 8.3
java_class_path (initial): C:\Users\Asus\.gradle\wrapper\dists\gradle-8.3-all\6en3ugtfdg5xnpx44z4qbwgas\gradle-8.3\lib\gradle-launcher-8.3.jar
Launcher Type: SUN_STANDARD

[Global flags]
     intx CICompilerCount                          = 3                                         {product} {ergonomic}
     uint ConcGCThreads                            = 1                                         {product} {ergonomic}
     uint G1ConcRefinementThreads                  = 4                                         {product} {ergonomic}
   size_t G1HeapRegionSize                         = 2097152                                   {product} {ergonomic}
    uintx GCDrainStackTargetSize                   = 64                                        {product} {ergonomic}
     bool HeapDumpOnOutOfMemoryError               = true                                   {manageable} {command line}
   size_t InitialHeapSize                          = 234881024                                 {product} {ergonomic}
   size_t MarkStackSize                            = 4194304                                   {product} {ergonomic}
   size_t MaxHeapSize                              = 4294967296                                {product} {command line}
   size_t MaxMetaspaceSize                         = 2147483648                                {product} {command line}
   size_t MaxNewSize                               = 2575302656                                {product} {ergonomic}
   size_t MinHeapDeltaBytes                        = 2097152                                   {product} {ergonomic}
   size_t MinHeapSize                              = 8388608                                   {product} {ergonomic}
    uintx NonNMethodCodeHeapSize                   = 5832780                                {pd product} {ergonomic}
    uintx NonProfiledCodeHeapSize                  = 122912730                              {pd product} {ergonomic}
    uintx ProfiledCodeHeapSize                     = 122912730                              {pd product} {ergonomic}
    uintx ReservedCodeCacheSize                    = 251658240                              {pd product} {ergonomic}
     bool SegmentedCodeCache                       = true                                      {product} {ergonomic}
   size_t SoftMaxHeapSize                          = 4294967296                             {manageable} {ergonomic}
     bool UseCompressedClassPointers               = true                           {product lp64_product} {ergonomic}
     bool UseCompressedOops                        = true                           {product lp64_product} {ergonomic}
     bool UseG1GC                                  = true                                      {product} {ergonomic}
     bool UseLargePagesIndividualAllocation        = false                                  {pd product} {ergonomic}

Logging:
Log output configuration:
 #0: stdout all=warning uptime,level,tags
 #1: stderr all=off uptime,level,tags

Environment Variables:
JAVA_HOME=E:\SOFTWARE\jdk-17.0.11_windows-x64_bin\jdk-17.0.11
PATH=E:\SOFTWARE\VMWare\bin\;E:\SOFTWARE\jdk-17.0.11_windows-x64_bin\jdk-17.0.11\bin;E:\SOFTWARE\jdk-21_windows-x64_bin\jdk-21.0.5;E:\SOFTWARE\sonar-scanner-cli-6.2.1.4610-windows-x64\sonar-scanner-6.2.1.4610-windows-x64\bin;C:\Program Files\Common Files\Oracle\Java\javapath;C:\Program Files (x86)\Common Files\Oracle\Java\java8path;C:\Program Files (x86)\Common Files\Oracle\Java\javapath;D:\app\Asus\product\11.2.0\bin;C:\Program Files (x86)\Common Files\Intel\Shared Libraries\redist\intel64\compiler;C:\WINDOWS\system32;C:\WINDOWS;C:\WINDOWS\System32\Wbem;C:\WINDOWS\System32\WindowsPowerShell\v1.0\;C:\WINDOWS\System32\OpenSSH\;D:\software\Git\cmd;C:\XAMPP\mysql\bin;C:\ProgramData\chocolatey\bin;C:\Program Files\nodejs\;C:\xampp\php;C:\ProgramData\ComposerSetup\bin;E:\explore\SPRING BOOT\apache-maven-3.9.9-bin\apache-maven-3.9.9\bin;C:\Program Files\Go\bin;C:\Users\Asus\AppData\Local\Android\Sdk\platform-tools;E:\SOFTWARE\puTTY\;C:\Users\Asus\AppData\Local\Programs\Python\Launcher\;C:\Users\Asus\AppData\Local\Microsoft\WindowsApps;C:\Users\Asus\AppData\Local\Programs\Microsoft VS Code\bin;C:\Program Files (x86)\mingw32\bin;C:\msys64\ucrt64\bin;C:\Users\Asus\AppData\Roaming\npm;C:\Users\Asus\AppData\Roaming\Composer\vendor\bin;C:\Users\Asus\go\bin;E:\explore\WEB\project-1\app\tvs\flutter\bin;E:\SOFTWARE\GCloud\google-cloud-sdk\bin
USERNAME=Asus
OS=Windows_NT
PROCESSOR_IDENTIFIER=AMD64 Family 23 Model 24 Stepping 1, AuthenticAMD



---------------  S Y S T E M  ---------------

OS:
 Windows 11 , 64 bit Build 22621 (10.0.22621.5415)
OS uptime: 0 days 14:31 hours

CPU: total 4 (initial active 4) (4 cores per cpu, 2 threads per core) family 23 model 24 stepping 1 microcode 0x0, cx8, cmov, fxsr, ht, mmx, 3dnowpref, sse, sse2, sse3, ssse3, sse4a, sse4.1, sse4.2, popcnt, lzcnt, tsc, tscinvbit, avx, avx2, aes, clmul, bmi1, bmi2, adx, sha, fma, vzeroupper, clflush, clflushopt

Memory: 4k page, system-wide physical 14286M (1510M free)
TotalPageFile size 14286M (AvailPageFile size 5M)
current process WorkingSet (physical memory assigned to process): 499M, peak: 510M
current process commit charge ("private bytes"): 536M, peak: 548M

vm_info: Java HotSpot(TM) 64-Bit Server VM (17.0.11+7-LTS-207) for windows-amd64 JRE (17.0.11+7-LTS-207), built on Mar 11 2024 19:01:50 by "mach5one" with MS VC++ 17.6 (VS2022)

END.
